ERROR - 2025-05-22 11:37:14 --> mysqli_sql_exception: Duplicate entry 'email_password-nayoxim839@nomrista.com' for key 'auth_identities.type_secret' in C:\xampp\htdocs\rockstar\rockstar\system\Database\MySQLi\Connection.php:327
Stack trace:
#0 C:\xampp\htdocs\rockstar\rockstar\system\Database\MySQLi\Connection.php(327): mysqli->query('INSERT INTO `au...', 0)
#1 C:\xampp\htdocs\rockstar\rockstar\system\Database\BaseConnection.php(738): CodeIgniter\Database\MySQLi\Connection->execute('INSERT INTO `au...')
#2 C:\xampp\htdocs\rockstar\rockstar\system\Database\BaseConnection.php(652): CodeIgniter\Database\BaseConnection->simpleQuery('INSERT INTO `au...')
#3 C:\xampp\htdocs\rockstar\rockstar\system\Database\BaseBuilder.php(2345): CodeIgniter\Database\BaseConnection->query('INSERT INTO `au...', Array, false)
#4 C:\xampp\htdocs\rockstar\rockstar\system\Model.php(394): CodeIgniter\Database\BaseBuilder->insert()
#5 C:\xampp\htdocs\rockstar\rockstar\system\BaseModel.php(839): CodeIgniter\Model->doInsert(Array)
#6 C:\xampp\htdocs\rockstar\rockstar\system\Model.php(800): CodeIgniter\BaseModel->insert(Array, true)
#7 C:\xampp\htdocs\rockstar\rockstar\vendor\codeigniter4\shield\src\Models\UserIdentityModel.php(85): CodeIgniter\Model->insert(Array)
#8 C:\xampp\htdocs\rockstar\rockstar\vendor\codeigniter4\shield\src\Entities\User.php(145): CodeIgniter\Shield\Models\UserIdentityModel->createEmailIdentity(Object(CodeIgniter\Shield\Entities\User), Array)
#9 C:\xampp\htdocs\rockstar\rockstar\vendor\codeigniter4\shield\src\Entities\User.php(175): CodeIgniter\Shield\Entities\User->createEmailIdentity(Array)
#10 C:\xampp\htdocs\rockstar\rockstar\vendor\codeigniter4\shield\src\Models\UserModel.php(364): CodeIgniter\Shield\Entities\User->saveEmailIdentity()
#11 C:\xampp\htdocs\rockstar\rockstar\system\BaseModel.php(1697): CodeIgniter\Shield\Models\UserModel->saveEmailIdentity(Array)
#12 C:\xampp\htdocs\rockstar\rockstar\system\BaseModel.php(849): CodeIgniter\BaseModel->trigger('afterInsert', Array)
#13 C:\xampp\htdocs\rockstar\rockstar\system\Model.php(800): CodeIgniter\BaseModel->insert(Array, false)
#14 C:\xampp\htdocs\rockstar\rockstar\vendor\codeigniter4\shield\src\Models\UserModel.php(271): CodeIgniter\Model->insert(Object(CodeIgniter\Shield\Entities\User), false)
#15 C:\xampp\htdocs\rockstar\rockstar\system\BaseModel.php(750): CodeIgniter\Shield\Models\UserModel->insert(Object(CodeIgniter\Shield\Entities\User), false)
#16 C:\xampp\htdocs\rockstar\rockstar\vendor\codeigniter4\shield\src\Models\UserModel.php(333): CodeIgniter\BaseModel->save(Object(CodeIgniter\Shield\Entities\User))
#17 C:\xampp\htdocs\rockstar\rockstar\app\Controllers\Aspirante.php(114): CodeIgniter\Shield\Models\UserModel->save(Object(CodeIgniter\Shield\Entities\User))
#18 C:\xampp\htdocs\rockstar\rockstar\system\CodeIgniter.php(933): App\Controllers\Aspirante->create()
#19 C:\xampp\htdocs\rockstar\rockstar\system\CodeIgniter.php(507): CodeIgniter\CodeIgniter->runController(Object(App\Controllers\Aspirante))
#20 C:\xampp\htdocs\rockstar\rockstar\system\CodeIgniter.php(354): CodeIgniter\CodeIgniter->handleRequest(NULL, Object(Config\Cache), false)
#21 C:\xampp\htdocs\rockstar\rockstar\system\Boot.php(334): CodeIgniter\CodeIgniter->run()
#22 C:\xampp\htdocs\rockstar\rockstar\system\Boot.php(67): CodeIgniter\Boot::runCodeIgniter(Object(CodeIgniter\CodeIgniter))
#23 C:\xampp\htdocs\rockstar\rockstar\public\index.php(56): CodeIgniter\Boot::bootWeb(Object(Config\Paths))
#24 C:\xampp\htdocs\rockstar\rockstar\system\rewrite.php(44): require_once('C:\\xampp\\htdocs...')
#25 {main}
CRITICAL - 2025-05-22 11:37:14 --> CodeIgniter\Database\Exceptions\DatabaseException: Duplicate entry 'email_password-nayoxim839@nomrista.com' for key 'auth_identities.type_secret'
[Method: POST, Route: guardar-aspirante]
in SYSTEMPATH\Database\BaseConnection.php on line 692.
 1 SYSTEMPATH\Database\BaseBuilder.php(2345): CodeIgniter\Database\BaseConnection->query('INSERT INTO `auth_identities` (`user_id`, `type`, `secret`, `secret2`, `created_at`, `updated_at`) VALUES (:user_id:, :type:, :secret:, :secret2:, :created_at:, :updated_at:)', [...], false)
 2 SYSTEMPATH\Model.php(394): CodeIgniter\Database\BaseBuilder->insert()
 3 SYSTEMPATH\BaseModel.php(839): CodeIgniter\Model->doInsert([...])
 4 SYSTEMPATH\Model.php(800): CodeIgniter\BaseModel->insert([...], true)
 5 VENDORPATH\codeigniter4\shield\src\Models\UserIdentityModel.php(85): CodeIgniter\Model->insert([...])
 6 VENDORPATH\codeigniter4\shield\src\Entities\User.php(145): CodeIgniter\Shield\Models\UserIdentityModel->createEmailIdentity(Object(CodeIgniter\Shield\Entities\User), [...])
 7 VENDORPATH\codeigniter4\shield\src\Entities\User.php(175): CodeIgniter\Shield\Entities\User->createEmailIdentity([...])
 8 VENDORPATH\codeigniter4\shield\src\Models\UserModel.php(364): CodeIgniter\Shield\Entities\User->saveEmailIdentity()
 9 SYSTEMPATH\BaseModel.php(1697): CodeIgniter\Shield\Models\UserModel->saveEmailIdentity([...])
10 SYSTEMPATH\BaseModel.php(849): CodeIgniter\BaseModel->trigger('afterInsert', [...])
11 SYSTEMPATH\Model.php(800): CodeIgniter\BaseModel->insert([...], false)
12 VENDORPATH\codeigniter4\shield\src\Models\UserModel.php(271): CodeIgniter\Model->insert(Object(CodeIgniter\Shield\Entities\User), false)
13 SYSTEMPATH\BaseModel.php(750): CodeIgniter\Shield\Models\UserModel->insert(Object(CodeIgniter\Shield\Entities\User), false)
14 VENDORPATH\codeigniter4\shield\src\Models\UserModel.php(333): CodeIgniter\BaseModel->save(Object(CodeIgniter\Shield\Entities\User))
15 APPPATH\Controllers\Aspirante.php(114): CodeIgniter\Shield\Models\UserModel->save(Object(CodeIgniter\Shield\Entities\User))
16 SYSTEMPATH\CodeIgniter.php(933): App\Controllers\Aspirante->create()
17 SYSTEMPATH\CodeIgniter.php(507): CodeIgniter\CodeIgniter->runController(Object(App\Controllers\Aspirante))
18 SYSTEMPATH\CodeIgniter.php(354): CodeIgniter\CodeIgniter->handleRequest(null, Object(Config\Cache), false)
19 SYSTEMPATH\Boot.php(334): CodeIgniter\CodeIgniter->run()
20 SYSTEMPATH\Boot.php(67): CodeIgniter\Boot::runCodeIgniter(Object(CodeIgniter\CodeIgniter))
21 FCPATH\index.php(56): CodeIgniter\Boot::bootWeb(Object(Config\Paths))
22 SYSTEMPATH\rewrite.php(44): require_once('C:\\xampp\\htdocs\\rockstar\\rockstar\\public\\index.php')
CRITICAL - 2025-05-22 11:37:14 --> [Caused by] CodeIgniter\Database\Exceptions\DatabaseException: Duplicate entry 'email_password-nayoxim839@nomrista.com' for key 'auth_identities.type_secret'
in SYSTEMPATH\Database\MySQLi\Connection.php on line 332.
 1 SYSTEMPATH\Database\BaseConnection.php(738): CodeIgniter\Database\MySQLi\Connection->execute('INSERT INTO `auth_identities` (`user_id`, `type`, `secret`, `secret2`, `created_at`, `updated_at`) VALUES (41, \'email_password\', \'nayoxim839@nomrista.com\', \'$2y$12$wnRCXCjw6IfVIQW5FxPlZeMEStyRc7E6JbYK/b9K/8KF7VgbC7iFe\', \'2025-05-22 11:37:14\', \'2025-05-22 11:37:14\')')
 2 SYSTEMPATH\Database\BaseConnection.php(652): CodeIgniter\Database\BaseConnection->simpleQuery('INSERT INTO `auth_identities` (`user_id`, `type`, `secret`, `secret2`, `created_at`, `updated_at`) VALUES (41, \'email_password\', \'nayoxim839@nomrista.com\', \'$2y$12$wnRCXCjw6IfVIQW5FxPlZeMEStyRc7E6JbYK/b9K/8KF7VgbC7iFe\', \'2025-05-22 11:37:14\', \'2025-05-22 11:37:14\')')
 3 SYSTEMPATH\Database\BaseBuilder.php(2345): CodeIgniter\Database\BaseConnection->query('INSERT INTO `auth_identities` (`user_id`, `type`, `secret`, `secret2`, `created_at`, `updated_at`) VALUES (:user_id:, :type:, :secret:, :secret2:, :created_at:, :updated_at:)', [...], false)
 4 SYSTEMPATH\Model.php(394): CodeIgniter\Database\BaseBuilder->insert()
 5 SYSTEMPATH\BaseModel.php(839): CodeIgniter\Model->doInsert([...])
 6 SYSTEMPATH\Model.php(800): CodeIgniter\BaseModel->insert([...], true)
 7 VENDORPATH\codeigniter4\shield\src\Models\UserIdentityModel.php(85): CodeIgniter\Model->insert([...])
 8 VENDORPATH\codeigniter4\shield\src\Entities\User.php(145): CodeIgniter\Shield\Models\UserIdentityModel->createEmailIdentity(Object(CodeIgniter\Shield\Entities\User), [...])
 9 VENDORPATH\codeigniter4\shield\src\Entities\User.php(175): CodeIgniter\Shield\Entities\User->createEmailIdentity([...])
10 VENDORPATH\codeigniter4\shield\src\Models\UserModel.php(364): CodeIgniter\Shield\Entities\User->saveEmailIdentity()
11 SYSTEMPATH\BaseModel.php(1697): CodeIgniter\Shield\Models\UserModel->saveEmailIdentity([...])
12 SYSTEMPATH\BaseModel.php(849): CodeIgniter\BaseModel->trigger('afterInsert', [...])
13 SYSTEMPATH\Model.php(800): CodeIgniter\BaseModel->insert([...], false)
14 VENDORPATH\codeigniter4\shield\src\Models\UserModel.php(271): CodeIgniter\Model->insert(Object(CodeIgniter\Shield\Entities\User), false)
15 SYSTEMPATH\BaseModel.php(750): CodeIgniter\Shield\Models\UserModel->insert(Object(CodeIgniter\Shield\Entities\User), false)
16 VENDORPATH\codeigniter4\shield\src\Models\UserModel.php(333): CodeIgniter\BaseModel->save(Object(CodeIgniter\Shield\Entities\User))
17 APPPATH\Controllers\Aspirante.php(114): CodeIgniter\Shield\Models\UserModel->save(Object(CodeIgniter\Shield\Entities\User))
18 SYSTEMPATH\CodeIgniter.php(933): App\Controllers\Aspirante->create()
19 SYSTEMPATH\CodeIgniter.php(507): CodeIgniter\CodeIgniter->runController(Object(App\Controllers\Aspirante))
20 SYSTEMPATH\CodeIgniter.php(354): CodeIgniter\CodeIgniter->handleRequest(null, Object(Config\Cache), false)
21 SYSTEMPATH\Boot.php(334): CodeIgniter\CodeIgniter->run()
22 SYSTEMPATH\Boot.php(67): CodeIgniter\Boot::runCodeIgniter(Object(CodeIgniter\CodeIgniter))
23 FCPATH\index.php(56): CodeIgniter\Boot::bootWeb(Object(Config\Paths))
24 SYSTEMPATH\rewrite.php(44): require_once('C:\\xampp\\htdocs\\rockstar\\rockstar\\public\\index.php')
CRITICAL - 2025-05-22 11:37:14 --> [Caused by] mysqli_sql_exception: Duplicate entry 'email_password-nayoxim839@nomrista.com' for key 'auth_identities.type_secret'
in SYSTEMPATH\Database\MySQLi\Connection.php on line 327.
 1 SYSTEMPATH\Database\MySQLi\Connection.php(327): mysqli->query('INSERT INTO `auth_identities` (`user_id`, `type`, `secret`, `secret2`, `created_at`, `updated_at`) VALUES (41, \'email_password\', \'nayoxim839@nomrista.com\', \'$2y$12$wnRCXCjw6IfVIQW5FxPlZeMEStyRc7E6JbYK/b9K/8KF7VgbC7iFe\', \'2025-05-22 11:37:14\', \'2025-05-22 11:37:14\')', 0)
 2 SYSTEMPATH\Database\BaseConnection.php(738): CodeIgniter\Database\MySQLi\Connection->execute('INSERT INTO `auth_identities` (`user_id`, `type`, `secret`, `secret2`, `created_at`, `updated_at`) VALUES (41, \'email_password\', \'nayoxim839@nomrista.com\', \'$2y$12$wnRCXCjw6IfVIQW5FxPlZeMEStyRc7E6JbYK/b9K/8KF7VgbC7iFe\', \'2025-05-22 11:37:14\', \'2025-05-22 11:37:14\')')
 3 SYSTEMPATH\Database\BaseConnection.php(652): CodeIgniter\Database\BaseConnection->simpleQuery('INSERT INTO `auth_identities` (`user_id`, `type`, `secret`, `secret2`, `created_at`, `updated_at`) VALUES (41, \'email_password\', \'nayoxim839@nomrista.com\', \'$2y$12$wnRCXCjw6IfVIQW5FxPlZeMEStyRc7E6JbYK/b9K/8KF7VgbC7iFe\', \'2025-05-22 11:37:14\', \'2025-05-22 11:37:14\')')
 4 SYSTEMPATH\Database\BaseBuilder.php(2345): CodeIgniter\Database\BaseConnection->query('INSERT INTO `auth_identities` (`user_id`, `type`, `secret`, `secret2`, `created_at`, `updated_at`) VALUES (:user_id:, :type:, :secret:, :secret2:, :created_at:, :updated_at:)', [...], false)
 5 SYSTEMPATH\Model.php(394): CodeIgniter\Database\BaseBuilder->insert()
 6 SYSTEMPATH\BaseModel.php(839): CodeIgniter\Model->doInsert([...])
 7 SYSTEMPATH\Model.php(800): CodeIgniter\BaseModel->insert([...], true)
 8 VENDORPATH\codeigniter4\shield\src\Models\UserIdentityModel.php(85): CodeIgniter\Model->insert([...])
 9 VENDORPATH\codeigniter4\shield\src\Entities\User.php(145): CodeIgniter\Shield\Models\UserIdentityModel->createEmailIdentity(Object(CodeIgniter\Shield\Entities\User), [...])
10 VENDORPATH\codeigniter4\shield\src\Entities\User.php(175): CodeIgniter\Shield\Entities\User->createEmailIdentity([...])
11 VENDORPATH\codeigniter4\shield\src\Models\UserModel.php(364): CodeIgniter\Shield\Entities\User->saveEmailIdentity()
12 SYSTEMPATH\BaseModel.php(1697): CodeIgniter\Shield\Models\UserModel->saveEmailIdentity([...])
13 SYSTEMPATH\BaseModel.php(849): CodeIgniter\BaseModel->trigger('afterInsert', [...])
14 SYSTEMPATH\Model.php(800): CodeIgniter\BaseModel->insert([...], false)
15 VENDORPATH\codeigniter4\shield\src\Models\UserModel.php(271): CodeIgniter\Model->insert(Object(CodeIgniter\Shield\Entities\User), false)
16 SYSTEMPATH\BaseModel.php(750): CodeIgniter\Shield\Models\UserModel->insert(Object(CodeIgniter\Shield\Entities\User), false)
17 VENDORPATH\codeigniter4\shield\src\Models\UserModel.php(333): CodeIgniter\BaseModel->save(Object(CodeIgniter\Shield\Entities\User))
18 APPPATH\Controllers\Aspirante.php(114): CodeIgniter\Shield\Models\UserModel->save(Object(CodeIgniter\Shield\Entities\User))
19 SYSTEMPATH\CodeIgniter.php(933): App\Controllers\Aspirante->create()
20 SYSTEMPATH\CodeIgniter.php(507): CodeIgniter\CodeIgniter->runController(Object(App\Controllers\Aspirante))
21 SYSTEMPATH\CodeIgniter.php(354): CodeIgniter\CodeIgniter->handleRequest(null, Object(Config\Cache), false)
22 SYSTEMPATH\Boot.php(334): CodeIgniter\CodeIgniter->run()
23 SYSTEMPATH\Boot.php(67): CodeIgniter\Boot::runCodeIgniter(Object(CodeIgniter\CodeIgniter))
24 FCPATH\index.php(56): CodeIgniter\Boot::bootWeb(Object(Config\Paths))
25 SYSTEMPATH\rewrite.php(44): require_once('C:\\xampp\\htdocs\\rockstar\\rockstar\\public\\index.php')
