CRITICAL - 2025-05-09 14:22:10 --> ErrorException: Undefined variable $sedes
[Method: POST, Route: analizar-curp]
in APPPATH\Views\base\publico\aspirantes.php on line 123.
 1 APPPATH\Views\base\publico\aspirantes.php(123): CodeIgniter\Debug\Exceptions->errorHandler(2, 'Undefined variable $sedes', 'C:\\xampp\\htdocs\\rockstar\\rockstar\\app\\Views\\base\\publico\\aspirantes.php', 123)
 2 SYSTEMPATH\View\View.php(224): include('C:\\xampp\\htdocs\\rockstar\\rockstar\\app\\Views\\base\\publico\\aspirantes.php')
 3 SYSTEMPATH\View\View.php(227): CodeIgniter\View\View->CodeIgniter\View\{closure}()
 4 SYSTEMPATH\Common.php(1173): CodeIgniter\View\View->render('base/publico/aspirantes', [], true)
 5 APPPATH\Controllers\Aspirante.php(188): view('base/publico/aspirantes', [...])
 6 SYSTEMPATH\CodeIgniter.php(933): App\Controllers\Aspirante->analizar_curp()
 7 SYSTEMPATH\CodeIgniter.php(507): CodeIgniter\CodeIgniter->runController(Object(App\Controllers\Aspirante))
 8 SYSTEMPATH\CodeIgniter.php(354): CodeIgniter\CodeIgniter->handleRequest(null, Object(Config\Cache), false)
 9 SYSTEMPATH\Boot.php(334): CodeIgniter\CodeIgniter->run()
10 SYSTEMPATH\Boot.php(67): CodeIgniter\Boot::runCodeIgniter(Object(CodeIgniter\CodeIgniter))
11 FCPATH\index.php(56): CodeIgniter\Boot::bootWeb(Object(Config\Paths))
12 SYSTEMPATH\rewrite.php(44): require_once('C:\\xampp\\htdocs\\rockstar\\rockstar\\public\\index.php')
CRITICAL - 2025-05-09 14:27:06 --> ErrorException: Undefined variable $sedes
[Method: POST, Route: analizar-curp]
in APPPATH\Views\base\publico\aspirantes.php on line 123.
 1 APPPATH\Views\base\publico\aspirantes.php(123): CodeIgniter\Debug\Exceptions->errorHandler(2, 'Undefined variable $sedes', 'C:\\xampp\\htdocs\\rockstar\\rockstar\\app\\Views\\base\\publico\\aspirantes.php', 123)
 2 SYSTEMPATH\View\View.php(224): include('C:\\xampp\\htdocs\\rockstar\\rockstar\\app\\Views\\base\\publico\\aspirantes.php')
 3 SYSTEMPATH\View\View.php(227): CodeIgniter\View\View->CodeIgniter\View\{closure}()
 4 SYSTEMPATH\Common.php(1173): CodeIgniter\View\View->render('base/publico/aspirantes', [], true)
 5 APPPATH\Controllers\Aspirante.php(188): view('base/publico/aspirantes', [...])
 6 SYSTEMPATH\CodeIgniter.php(933): App\Controllers\Aspirante->analizar_curp()
 7 SYSTEMPATH\CodeIgniter.php(507): CodeIgniter\CodeIgniter->runController(Object(App\Controllers\Aspirante))
 8 SYSTEMPATH\CodeIgniter.php(354): CodeIgniter\CodeIgniter->handleRequest(null, Object(Config\Cache), false)
 9 SYSTEMPATH\Boot.php(334): CodeIgniter\CodeIgniter->run()
10 SYSTEMPATH\Boot.php(67): CodeIgniter\Boot::runCodeIgniter(Object(CodeIgniter\CodeIgniter))
11 FCPATH\index.php(56): CodeIgniter\Boot::bootWeb(Object(Config\Paths))
12 SYSTEMPATH\rewrite.php(44): require_once('C:\\xampp\\htdocs\\rockstar\\rockstar\\public\\index.php')
CRITICAL - 2025-05-09 14:41:51 --> ErrorException: Constant expression contains invalid operations
[Method: GET, Route: sedeController/getSedes]
in APPPATH\Models\SedesModel.php on line 15.
 1 [internal function]: CodeIgniter\Debug\Exceptions->shutdownHandler()
CRITICAL - 2025-05-09 14:42:03 --> ErrorException: Constant expression contains invalid operations
[Method: GET, Route: sedeController/getSedes]
in APPPATH\Models\SedesModel.php on line 15.
 1 [internal function]: CodeIgniter\Debug\Exceptions->shutdownHandler()
CRITICAL - 2025-05-09 14:43:02 --> ErrorException: Constant expression contains invalid operations
[Method: GET, Route: sedeController/getSedes]
in APPPATH\Models\SedesModel.php on line 15.
 1 [internal function]: CodeIgniter\Debug\Exceptions->shutdownHandler()
CRITICAL - 2025-05-09 14:46:55 --> ErrorException: Constant expression contains invalid operations
[Method: GET, Route: sedeController/getSedes]
in APPPATH\Models\SedesModel.php on line 15.
 1 [internal function]: CodeIgniter\Debug\Exceptions->shutdownHandler()
CRITICAL - 2025-05-09 14:50:47 --> ErrorException: Constant expression contains invalid operations
[Method: GET, Route: getSedes]
in APPPATH\Models\SedesModel.php on line 15.
 1 [internal function]: CodeIgniter\Debug\Exceptions->shutdownHandler()
CRITICAL - 2025-05-09 14:53:00 --> ErrorException: Constant expression contains invalid operations
[Method: GET, Route: getSedes]
in APPPATH\Models\SedesModel.php on line 15.
 1 [internal function]: CodeIgniter\Debug\Exceptions->shutdownHandler()
CRITICAL - 2025-05-09 14:53:38 --> ErrorException: Constant expression contains invalid operations
[Method: GET, Route: getSedes]
in APPPATH\Models\SedesModel.php on line 15.
 1 [internal function]: CodeIgniter\Debug\Exceptions->shutdownHandler()
CRITICAL - 2025-05-09 14:55:09 --> ErrorException: Constant expression contains invalid operations
[Method: GET, Route: getSedes]
in APPPATH\Models\SedesModel.php on line 15.
 1 [internal function]: CodeIgniter\Debug\Exceptions->shutdownHandler()
CRITICAL - 2025-05-09 14:59:25 --> ErrorException: Constant expression contains invalid operations
[Method: GET, Route: getCarrerasPorSede/1]
in APPPATH\Models\CarrerasSedesModel.php on line 15.
 1 [internal function]: CodeIgniter\Debug\Exceptions->shutdownHandler()
CRITICAL - 2025-05-09 14:59:28 --> ErrorException: Constant expression contains invalid operations
[Method: GET, Route: getCarrerasPorSede/2]
in APPPATH\Models\CarrerasSedesModel.php on line 15.
 1 [internal function]: CodeIgniter\Debug\Exceptions->shutdownHandler()
CRITICAL - 2025-05-09 15:00:09 --> ErrorException: Constant expression contains invalid operations
[Method: GET, Route: getCarrerasPorSede/1]
in APPPATH\Models\CarrerasSedesModel.php on line 15.
 1 [internal function]: CodeIgniter\Debug\Exceptions->shutdownHandler()
CRITICAL - 2025-05-09 15:05:56 --> ErrorException: Constant expression contains invalid operations
[Method: GET, Route: getCarrerasPorSede/1]
in APPPATH\Models\CarrerasSedesModel.php on line 15.
 1 [internal function]: CodeIgniter\Debug\Exceptions->shutdownHandler()
CRITICAL - 2025-05-09 15:07:24 --> ErrorException: Constant expression contains invalid operations
[Method: GET, Route: getCarrerasPorSede/1]
in APPPATH\Models\CarrerasSedesModel.php on line 15.
 1 [internal function]: CodeIgniter\Debug\Exceptions->shutdownHandler()
CRITICAL - 2025-05-09 15:07:54 --> ErrorException: Constant expression contains invalid operations
[Method: GET, Route: getCarrerasPorSede/1]
in APPPATH\Models\CarrerasSedesModel.php on line 15.
 1 [internal function]: CodeIgniter\Debug\Exceptions->shutdownHandler()
CRITICAL - 2025-05-09 15:10:40 --> ErrorException: Constant expression contains invalid operations
[Method: GET, Route: getCarrerasPorSede/1]
in APPPATH\Models\CarrerasSedesModel.php on line 15.
 1 [internal function]: CodeIgniter\Debug\Exceptions->shutdownHandler()
CRITICAL - 2025-05-09 15:16:50 --> ErrorException: Constant expression contains invalid operations
[Method: GET, Route: getCarrerasPorSede/1]
in APPPATH\Models\CarrerasSedesModel.php on line 15.
 1 [internal function]: CodeIgniter\Debug\Exceptions->shutdownHandler()
CRITICAL - 2025-05-09 15:20:33 --> ErrorException: Constant expression contains invalid operations
[Method: GET, Route: getCarrerasPorSede/1]
in APPPATH\Models\CarrerasSedesModel.php on line 15.
 1 [internal function]: CodeIgniter\Debug\Exceptions->shutdownHandler()
CRITICAL - 2025-05-09 15:23:05 --> ErrorException: Constant expression contains invalid operations
[Method: GET, Route: getCarrerasPorSede/2]
in APPPATH\Models\CarrerasSedesModel.php on line 15.
 1 [internal function]: CodeIgniter\Debug\Exceptions->shutdownHandler()
CRITICAL - 2025-05-09 15:32:48 --> ErrorException: Constant expression contains invalid operations
[Method: GET, Route: getCarrerasPorSede/1]
in APPPATH\Models\CarrerasSedesModel.php on line 15.
 1 [internal function]: CodeIgniter\Debug\Exceptions->shutdownHandler()
ERROR - 2025-05-09 15:33:01 --> mysqli_sql_exception: Unknown column 'carrera_sedes.id_sede' in 'where clause' in C:\xampp\htdocs\rockstar\rockstar\system\Database\MySQLi\Connection.php:327
Stack trace:
#0 C:\xampp\htdocs\rockstar\rockstar\system\Database\MySQLi\Connection.php(327): mysqli->query('SELECT `carrera...', 0)
#1 C:\xampp\htdocs\rockstar\rockstar\system\Database\BaseConnection.php(738): CodeIgniter\Database\MySQLi\Connection->execute('SELECT `carrera...')
#2 C:\xampp\htdocs\rockstar\rockstar\system\Database\BaseConnection.php(652): CodeIgniter\Database\BaseConnection->simpleQuery('SELECT `carrera...')
#3 C:\xampp\htdocs\rockstar\rockstar\system\Database\BaseBuilder.php(1649): CodeIgniter\Database\BaseConnection->query('SELECT `carrera...', Array, false)
#4 C:\xampp\htdocs\rockstar\rockstar\system\Model.php(286): CodeIgniter\Database\BaseBuilder->get()
#5 C:\xampp\htdocs\rockstar\rockstar\system\BaseModel.php(675): CodeIgniter\Model->doFindAll(0, 0)
#6 C:\xampp\htdocs\rockstar\rockstar\app\Controllers\Sedes.php(31): CodeIgniter\BaseModel->findAll()
#7 C:\xampp\htdocs\rockstar\rockstar\system\CodeIgniter.php(933): App\Controllers\Sedes->getCarrerasPorSede('1')
#8 C:\xampp\htdocs\rockstar\rockstar\system\CodeIgniter.php(507): CodeIgniter\CodeIgniter->runController(Object(App\Controllers\Sedes))
#9 C:\xampp\htdocs\rockstar\rockstar\system\CodeIgniter.php(354): CodeIgniter\CodeIgniter->handleRequest(NULL, Object(Config\Cache), false)
#10 C:\xampp\htdocs\rockstar\rockstar\system\Boot.php(334): CodeIgniter\CodeIgniter->run()
#11 C:\xampp\htdocs\rockstar\rockstar\system\Boot.php(67): CodeIgniter\Boot::runCodeIgniter(Object(CodeIgniter\CodeIgniter))
#12 C:\xampp\htdocs\rockstar\rockstar\public\index.php(56): CodeIgniter\Boot::bootWeb(Object(Config\Paths))
#13 C:\xampp\htdocs\rockstar\rockstar\system\rewrite.php(44): require_once('C:\\xampp\\htdocs...')
#14 {main}
CRITICAL - 2025-05-09 15:33:01 --> CodeIgniter\Database\Exceptions\DatabaseException: Unknown column 'carrera_sedes.id_sede' in 'where clause'
[Method: GET, Route: getCarrerasPorSede/1]
in SYSTEMPATH\Database\BaseConnection.php on line 692.
 1 SYSTEMPATH\Database\BaseBuilder.php(1649): CodeIgniter\Database\BaseConnection->query('SELECT `carreras`.`id`, `carreras`.`nombre`
FROM `carreras_sedes`
JOIN `carreras` ON `carreras`.`id` = `carrera_sedes`.`id_carrera`
WHERE `carrera_sedes`.`id_sede` = :carrera_sedes.id_sede:', [...], false)
 2 SYSTEMPATH\Model.php(286): CodeIgniter\Database\BaseBuilder->get()
 3 SYSTEMPATH\BaseModel.php(675): CodeIgniter\Model->doFindAll(0, 0)
 4 APPPATH\Controllers\Sedes.php(31): CodeIgniter\BaseModel->findAll()
 5 SYSTEMPATH\CodeIgniter.php(933): App\Controllers\Sedes->getCarrerasPorSede('1')
 6 SYSTEMPATH\CodeIgniter.php(507): CodeIgniter\CodeIgniter->runController(Object(App\Controllers\Sedes))
 7 SYSTEMPATH\CodeIgniter.php(354): CodeIgniter\CodeIgniter->handleRequest(null, Object(Config\Cache), false)
 8 SYSTEMPATH\Boot.php(334): CodeIgniter\CodeIgniter->run()
 9 SYSTEMPATH\Boot.php(67): CodeIgniter\Boot::runCodeIgniter(Object(CodeIgniter\CodeIgniter))
10 FCPATH\index.php(56): CodeIgniter\Boot::bootWeb(Object(Config\Paths))
11 SYSTEMPATH\rewrite.php(44): require_once('C:\\xampp\\htdocs\\rockstar\\rockstar\\public\\index.php')
CRITICAL - 2025-05-09 15:33:01 --> [Caused by] CodeIgniter\Database\Exceptions\DatabaseException: Unknown column 'carrera_sedes.id_sede' in 'where clause'
in SYSTEMPATH\Database\MySQLi\Connection.php on line 332.
 1 SYSTEMPATH\Database\BaseConnection.php(738): CodeIgniter\Database\MySQLi\Connection->execute('SELECT `carreras`.`id`, `carreras`.`nombre`
FROM `carreras_sedes`
JOIN `carreras` ON `carreras`.`id` = `carrera_sedes`.`id_carrera`
WHERE `carrera_sedes`.`id_sede` = \'1\'')
 2 SYSTEMPATH\Database\BaseConnection.php(652): CodeIgniter\Database\BaseConnection->simpleQuery('SELECT `carreras`.`id`, `carreras`.`nombre`
FROM `carreras_sedes`
JOIN `carreras` ON `carreras`.`id` = `carrera_sedes`.`id_carrera`
WHERE `carrera_sedes`.`id_sede` = \'1\'')
 3 SYSTEMPATH\Database\BaseBuilder.php(1649): CodeIgniter\Database\BaseConnection->query('SELECT `carreras`.`id`, `carreras`.`nombre`
FROM `carreras_sedes`
JOIN `carreras` ON `carreras`.`id` = `carrera_sedes`.`id_carrera`
WHERE `carrera_sedes`.`id_sede` = :carrera_sedes.id_sede:', [...], false)
 4 SYSTEMPATH\Model.php(286): CodeIgniter\Database\BaseBuilder->get()
 5 SYSTEMPATH\BaseModel.php(675): CodeIgniter\Model->doFindAll(0, 0)
 6 APPPATH\Controllers\Sedes.php(31): CodeIgniter\BaseModel->findAll()
 7 SYSTEMPATH\CodeIgniter.php(933): App\Controllers\Sedes->getCarrerasPorSede('1')
 8 SYSTEMPATH\CodeIgniter.php(507): CodeIgniter\CodeIgniter->runController(Object(App\Controllers\Sedes))
 9 SYSTEMPATH\CodeIgniter.php(354): CodeIgniter\CodeIgniter->handleRequest(null, Object(Config\Cache), false)
10 SYSTEMPATH\Boot.php(334): CodeIgniter\CodeIgniter->run()
11 SYSTEMPATH\Boot.php(67): CodeIgniter\Boot::runCodeIgniter(Object(CodeIgniter\CodeIgniter))
12 FCPATH\index.php(56): CodeIgniter\Boot::bootWeb(Object(Config\Paths))
13 SYSTEMPATH\rewrite.php(44): require_once('C:\\xampp\\htdocs\\rockstar\\rockstar\\public\\index.php')
CRITICAL - 2025-05-09 15:33:01 --> [Caused by] mysqli_sql_exception: Unknown column 'carrera_sedes.id_sede' in 'where clause'
in SYSTEMPATH\Database\MySQLi\Connection.php on line 327.
 1 SYSTEMPATH\Database\MySQLi\Connection.php(327): mysqli->query('SELECT `carreras`.`id`, `carreras`.`nombre`
FROM `carreras_sedes`
JOIN `carreras` ON `carreras`.`id` = `carrera_sedes`.`id_carrera`
WHERE `carrera_sedes`.`id_sede` = \'1\'', 0)
 2 SYSTEMPATH\Database\BaseConnection.php(738): CodeIgniter\Database\MySQLi\Connection->execute('SELECT `carreras`.`id`, `carreras`.`nombre`
FROM `carreras_sedes`
JOIN `carreras` ON `carreras`.`id` = `carrera_sedes`.`id_carrera`
WHERE `carrera_sedes`.`id_sede` = \'1\'')
 3 SYSTEMPATH\Database\BaseConnection.php(652): CodeIgniter\Database\BaseConnection->simpleQuery('SELECT `carreras`.`id`, `carreras`.`nombre`
FROM `carreras_sedes`
JOIN `carreras` ON `carreras`.`id` = `carrera_sedes`.`id_carrera`
WHERE `carrera_sedes`.`id_sede` = \'1\'')
 4 SYSTEMPATH\Database\BaseBuilder.php(1649): CodeIgniter\Database\BaseConnection->query('SELECT `carreras`.`id`, `carreras`.`nombre`
FROM `carreras_sedes`
JOIN `carreras` ON `carreras`.`id` = `carrera_sedes`.`id_carrera`
WHERE `carrera_sedes`.`id_sede` = :carrera_sedes.id_sede:', [...], false)
 5 SYSTEMPATH\Model.php(286): CodeIgniter\Database\BaseBuilder->get()
 6 SYSTEMPATH\BaseModel.php(675): CodeIgniter\Model->doFindAll(0, 0)
 7 APPPATH\Controllers\Sedes.php(31): CodeIgniter\BaseModel->findAll()
 8 SYSTEMPATH\CodeIgniter.php(933): App\Controllers\Sedes->getCarrerasPorSede('1')
 9 SYSTEMPATH\CodeIgniter.php(507): CodeIgniter\CodeIgniter->runController(Object(App\Controllers\Sedes))
10 SYSTEMPATH\CodeIgniter.php(354): CodeIgniter\CodeIgniter->handleRequest(null, Object(Config\Cache), false)
11 SYSTEMPATH\Boot.php(334): CodeIgniter\CodeIgniter->run()
12 SYSTEMPATH\Boot.php(67): CodeIgniter\Boot::runCodeIgniter(Object(CodeIgniter\CodeIgniter))
13 FCPATH\index.php(56): CodeIgniter\Boot::bootWeb(Object(Config\Paths))
14 SYSTEMPATH\rewrite.php(44): require_once('C:\\xampp\\htdocs\\rockstar\\rockstar\\public\\index.php')
ERROR - 2025-05-09 15:34:37 --> mysqli_sql_exception: Unknown column 'carrera_sedes.id_sede' in 'where clause' in C:\xampp\htdocs\rockstar\rockstar\system\Database\MySQLi\Connection.php:327
Stack trace:
#0 C:\xampp\htdocs\rockstar\rockstar\system\Database\MySQLi\Connection.php(327): mysqli->query('SELECT `carrera...', 0)
#1 C:\xampp\htdocs\rockstar\rockstar\system\Database\BaseConnection.php(738): CodeIgniter\Database\MySQLi\Connection->execute('SELECT `carrera...')
#2 C:\xampp\htdocs\rockstar\rockstar\system\Database\BaseConnection.php(652): CodeIgniter\Database\BaseConnection->simpleQuery('SELECT `carrera...')
#3 C:\xampp\htdocs\rockstar\rockstar\system\Database\BaseBuilder.php(1649): CodeIgniter\Database\BaseConnection->query('SELECT `carrera...', Array, false)
#4 C:\xampp\htdocs\rockstar\rockstar\system\Model.php(286): CodeIgniter\Database\BaseBuilder->get()
#5 C:\xampp\htdocs\rockstar\rockstar\system\BaseModel.php(675): CodeIgniter\Model->doFindAll(0, 0)
#6 C:\xampp\htdocs\rockstar\rockstar\app\Controllers\Sedes.php(31): CodeIgniter\BaseModel->findAll()
#7 C:\xampp\htdocs\rockstar\rockstar\system\CodeIgniter.php(933): App\Controllers\Sedes->getCarrerasPorSede('1')
#8 C:\xampp\htdocs\rockstar\rockstar\system\CodeIgniter.php(507): CodeIgniter\CodeIgniter->runController(Object(App\Controllers\Sedes))
#9 C:\xampp\htdocs\rockstar\rockstar\system\CodeIgniter.php(354): CodeIgniter\CodeIgniter->handleRequest(NULL, Object(Config\Cache), false)
#10 C:\xampp\htdocs\rockstar\rockstar\system\Boot.php(334): CodeIgniter\CodeIgniter->run()
#11 C:\xampp\htdocs\rockstar\rockstar\system\Boot.php(67): CodeIgniter\Boot::runCodeIgniter(Object(CodeIgniter\CodeIgniter))
#12 C:\xampp\htdocs\rockstar\rockstar\public\index.php(56): CodeIgniter\Boot::bootWeb(Object(Config\Paths))
#13 C:\xampp\htdocs\rockstar\rockstar\system\rewrite.php(44): require_once('C:\\xampp\\htdocs...')
#14 {main}
CRITICAL - 2025-05-09 15:34:37 --> CodeIgniter\Database\Exceptions\DatabaseException: Unknown column 'carrera_sedes.id_sede' in 'where clause'
[Method: GET, Route: getCarrerasPorSede/1]
in SYSTEMPATH\Database\BaseConnection.php on line 692.
 1 SYSTEMPATH\Database\BaseBuilder.php(1649): CodeIgniter\Database\BaseConnection->query('SELECT `carreras`.`id`, `carreras`.`nombre`
FROM `carreras_sedes`
JOIN `carreras` ON `carreras`.`id` = `carreras_sedes`.`id_carrera`
WHERE `carrera_sedes`.`id_sede` = :carrera_sedes.id_sede:', [...], false)
 2 SYSTEMPATH\Model.php(286): CodeIgniter\Database\BaseBuilder->get()
 3 SYSTEMPATH\BaseModel.php(675): CodeIgniter\Model->doFindAll(0, 0)
 4 APPPATH\Controllers\Sedes.php(31): CodeIgniter\BaseModel->findAll()
 5 SYSTEMPATH\CodeIgniter.php(933): App\Controllers\Sedes->getCarrerasPorSede('1')
 6 SYSTEMPATH\CodeIgniter.php(507): CodeIgniter\CodeIgniter->runController(Object(App\Controllers\Sedes))
 7 SYSTEMPATH\CodeIgniter.php(354): CodeIgniter\CodeIgniter->handleRequest(null, Object(Config\Cache), false)
 8 SYSTEMPATH\Boot.php(334): CodeIgniter\CodeIgniter->run()
 9 SYSTEMPATH\Boot.php(67): CodeIgniter\Boot::runCodeIgniter(Object(CodeIgniter\CodeIgniter))
10 FCPATH\index.php(56): CodeIgniter\Boot::bootWeb(Object(Config\Paths))
11 SYSTEMPATH\rewrite.php(44): require_once('C:\\xampp\\htdocs\\rockstar\\rockstar\\public\\index.php')
CRITICAL - 2025-05-09 15:34:37 --> [Caused by] CodeIgniter\Database\Exceptions\DatabaseException: Unknown column 'carrera_sedes.id_sede' in 'where clause'
in SYSTEMPATH\Database\MySQLi\Connection.php on line 332.
 1 SYSTEMPATH\Database\BaseConnection.php(738): CodeIgniter\Database\MySQLi\Connection->execute('SELECT `carreras`.`id`, `carreras`.`nombre`
FROM `carreras_sedes`
JOIN `carreras` ON `carreras`.`id` = `carreras_sedes`.`id_carrera`
WHERE `carrera_sedes`.`id_sede` = \'1\'')
 2 SYSTEMPATH\Database\BaseConnection.php(652): CodeIgniter\Database\BaseConnection->simpleQuery('SELECT `carreras`.`id`, `carreras`.`nombre`
FROM `carreras_sedes`
JOIN `carreras` ON `carreras`.`id` = `carreras_sedes`.`id_carrera`
WHERE `carrera_sedes`.`id_sede` = \'1\'')
 3 SYSTEMPATH\Database\BaseBuilder.php(1649): CodeIgniter\Database\BaseConnection->query('SELECT `carreras`.`id`, `carreras`.`nombre`
FROM `carreras_sedes`
JOIN `carreras` ON `carreras`.`id` = `carreras_sedes`.`id_carrera`
WHERE `carrera_sedes`.`id_sede` = :carrera_sedes.id_sede:', [...], false)
 4 SYSTEMPATH\Model.php(286): CodeIgniter\Database\BaseBuilder->get()
 5 SYSTEMPATH\BaseModel.php(675): CodeIgniter\Model->doFindAll(0, 0)
 6 APPPATH\Controllers\Sedes.php(31): CodeIgniter\BaseModel->findAll()
 7 SYSTEMPATH\CodeIgniter.php(933): App\Controllers\Sedes->getCarrerasPorSede('1')
 8 SYSTEMPATH\CodeIgniter.php(507): CodeIgniter\CodeIgniter->runController(Object(App\Controllers\Sedes))
 9 SYSTEMPATH\CodeIgniter.php(354): CodeIgniter\CodeIgniter->handleRequest(null, Object(Config\Cache), false)
10 SYSTEMPATH\Boot.php(334): CodeIgniter\CodeIgniter->run()
11 SYSTEMPATH\Boot.php(67): CodeIgniter\Boot::runCodeIgniter(Object(CodeIgniter\CodeIgniter))
12 FCPATH\index.php(56): CodeIgniter\Boot::bootWeb(Object(Config\Paths))
13 SYSTEMPATH\rewrite.php(44): require_once('C:\\xampp\\htdocs\\rockstar\\rockstar\\public\\index.php')
CRITICAL - 2025-05-09 15:34:37 --> [Caused by] mysqli_sql_exception: Unknown column 'carrera_sedes.id_sede' in 'where clause'
in SYSTEMPATH\Database\MySQLi\Connection.php on line 327.
 1 SYSTEMPATH\Database\MySQLi\Connection.php(327): mysqli->query('SELECT `carreras`.`id`, `carreras`.`nombre`
FROM `carreras_sedes`
JOIN `carreras` ON `carreras`.`id` = `carreras_sedes`.`id_carrera`
WHERE `carrera_sedes`.`id_sede` = \'1\'', 0)
 2 SYSTEMPATH\Database\BaseConnection.php(738): CodeIgniter\Database\MySQLi\Connection->execute('SELECT `carreras`.`id`, `carreras`.`nombre`
FROM `carreras_sedes`
JOIN `carreras` ON `carreras`.`id` = `carreras_sedes`.`id_carrera`
WHERE `carrera_sedes`.`id_sede` = \'1\'')
 3 SYSTEMPATH\Database\BaseConnection.php(652): CodeIgniter\Database\BaseConnection->simpleQuery('SELECT `carreras`.`id`, `carreras`.`nombre`
FROM `carreras_sedes`
JOIN `carreras` ON `carreras`.`id` = `carreras_sedes`.`id_carrera`
WHERE `carrera_sedes`.`id_sede` = \'1\'')
 4 SYSTEMPATH\Database\BaseBuilder.php(1649): CodeIgniter\Database\BaseConnection->query('SELECT `carreras`.`id`, `carreras`.`nombre`
FROM `carreras_sedes`
JOIN `carreras` ON `carreras`.`id` = `carreras_sedes`.`id_carrera`
WHERE `carrera_sedes`.`id_sede` = :carrera_sedes.id_sede:', [...], false)
 5 SYSTEMPATH\Model.php(286): CodeIgniter\Database\BaseBuilder->get()
 6 SYSTEMPATH\BaseModel.php(675): CodeIgniter\Model->doFindAll(0, 0)
 7 APPPATH\Controllers\Sedes.php(31): CodeIgniter\BaseModel->findAll()
 8 SYSTEMPATH\CodeIgniter.php(933): App\Controllers\Sedes->getCarrerasPorSede('1')
 9 SYSTEMPATH\CodeIgniter.php(507): CodeIgniter\CodeIgniter->runController(Object(App\Controllers\Sedes))
10 SYSTEMPATH\CodeIgniter.php(354): CodeIgniter\CodeIgniter->handleRequest(null, Object(Config\Cache), false)
11 SYSTEMPATH\Boot.php(334): CodeIgniter\CodeIgniter->run()
12 SYSTEMPATH\Boot.php(67): CodeIgniter\Boot::runCodeIgniter(Object(CodeIgniter\CodeIgniter))
13 FCPATH\index.php(56): CodeIgniter\Boot::bootWeb(Object(Config\Paths))
14 SYSTEMPATH\rewrite.php(44): require_once('C:\\xampp\\htdocs\\rockstar\\rockstar\\public\\index.php')
ERROR - 2025-05-09 15:35:52 --> mysqli_sql_exception: Unknown column 'carrera_sedes.id_sede' in 'where clause' in C:\xampp\htdocs\rockstar\rockstar\system\Database\MySQLi\Connection.php:327
Stack trace:
#0 C:\xampp\htdocs\rockstar\rockstar\system\Database\MySQLi\Connection.php(327): mysqli->query('SELECT `carrera...', 0)
#1 C:\xampp\htdocs\rockstar\rockstar\system\Database\BaseConnection.php(738): CodeIgniter\Database\MySQLi\Connection->execute('SELECT `carrera...')
#2 C:\xampp\htdocs\rockstar\rockstar\system\Database\BaseConnection.php(652): CodeIgniter\Database\BaseConnection->simpleQuery('SELECT `carrera...')
#3 C:\xampp\htdocs\rockstar\rockstar\system\Database\BaseBuilder.php(1649): CodeIgniter\Database\BaseConnection->query('SELECT `carrera...', Array, false)
#4 C:\xampp\htdocs\rockstar\rockstar\system\Model.php(286): CodeIgniter\Database\BaseBuilder->get()
#5 C:\xampp\htdocs\rockstar\rockstar\system\BaseModel.php(675): CodeIgniter\Model->doFindAll(0, 0)
#6 C:\xampp\htdocs\rockstar\rockstar\app\Controllers\Sedes.php(31): CodeIgniter\BaseModel->findAll()
#7 C:\xampp\htdocs\rockstar\rockstar\system\CodeIgniter.php(933): App\Controllers\Sedes->getCarrerasPorSede('1')
#8 C:\xampp\htdocs\rockstar\rockstar\system\CodeIgniter.php(507): CodeIgniter\CodeIgniter->runController(Object(App\Controllers\Sedes))
#9 C:\xampp\htdocs\rockstar\rockstar\system\CodeIgniter.php(354): CodeIgniter\CodeIgniter->handleRequest(NULL, Object(Config\Cache), false)
#10 C:\xampp\htdocs\rockstar\rockstar\system\Boot.php(334): CodeIgniter\CodeIgniter->run()
#11 C:\xampp\htdocs\rockstar\rockstar\system\Boot.php(67): CodeIgniter\Boot::runCodeIgniter(Object(CodeIgniter\CodeIgniter))
#12 C:\xampp\htdocs\rockstar\rockstar\public\index.php(56): CodeIgniter\Boot::bootWeb(Object(Config\Paths))
#13 C:\xampp\htdocs\rockstar\rockstar\system\rewrite.php(44): require_once('C:\\xampp\\htdocs...')
#14 {main}
CRITICAL - 2025-05-09 15:35:52 --> CodeIgniter\Database\Exceptions\DatabaseException: Unknown column 'carrera_sedes.id_sede' in 'where clause'
[Method: GET, Route: getCarrerasPorSede/1]
in SYSTEMPATH\Database\BaseConnection.php on line 692.
 1 SYSTEMPATH\Database\BaseBuilder.php(1649): CodeIgniter\Database\BaseConnection->query('SELECT `carreras`.`id`, `carreras`.`nombre`
FROM `carreras_sedes`
JOIN `carreras` ON `carreras`.`id` = `carreras_sedes`.`id_carrera`
WHERE `carrera_sedes`.`id_sede` = :carrera_sedes.id_sede:', [...], false)
 2 SYSTEMPATH\Model.php(286): CodeIgniter\Database\BaseBuilder->get()
 3 SYSTEMPATH\BaseModel.php(675): CodeIgniter\Model->doFindAll(0, 0)
 4 APPPATH\Controllers\Sedes.php(31): CodeIgniter\BaseModel->findAll()
 5 SYSTEMPATH\CodeIgniter.php(933): App\Controllers\Sedes->getCarrerasPorSede('1')
 6 SYSTEMPATH\CodeIgniter.php(507): CodeIgniter\CodeIgniter->runController(Object(App\Controllers\Sedes))
 7 SYSTEMPATH\CodeIgniter.php(354): CodeIgniter\CodeIgniter->handleRequest(null, Object(Config\Cache), false)
 8 SYSTEMPATH\Boot.php(334): CodeIgniter\CodeIgniter->run()
 9 SYSTEMPATH\Boot.php(67): CodeIgniter\Boot::runCodeIgniter(Object(CodeIgniter\CodeIgniter))
10 FCPATH\index.php(56): CodeIgniter\Boot::bootWeb(Object(Config\Paths))
11 SYSTEMPATH\rewrite.php(44): require_once('C:\\xampp\\htdocs\\rockstar\\rockstar\\public\\index.php')
CRITICAL - 2025-05-09 15:35:52 --> [Caused by] CodeIgniter\Database\Exceptions\DatabaseException: Unknown column 'carrera_sedes.id_sede' in 'where clause'
in SYSTEMPATH\Database\MySQLi\Connection.php on line 332.
 1 SYSTEMPATH\Database\BaseConnection.php(738): CodeIgniter\Database\MySQLi\Connection->execute('SELECT `carreras`.`id`, `carreras`.`nombre`
FROM `carreras_sedes`
JOIN `carreras` ON `carreras`.`id` = `carreras_sedes`.`id_carrera`
WHERE `carrera_sedes`.`id_sede` = \'1\'')
 2 SYSTEMPATH\Database\BaseConnection.php(652): CodeIgniter\Database\BaseConnection->simpleQuery('SELECT `carreras`.`id`, `carreras`.`nombre`
FROM `carreras_sedes`
JOIN `carreras` ON `carreras`.`id` = `carreras_sedes`.`id_carrera`
WHERE `carrera_sedes`.`id_sede` = \'1\'')
 3 SYSTEMPATH\Database\BaseBuilder.php(1649): CodeIgniter\Database\BaseConnection->query('SELECT `carreras`.`id`, `carreras`.`nombre`
FROM `carreras_sedes`
JOIN `carreras` ON `carreras`.`id` = `carreras_sedes`.`id_carrera`
WHERE `carrera_sedes`.`id_sede` = :carrera_sedes.id_sede:', [...], false)
 4 SYSTEMPATH\Model.php(286): CodeIgniter\Database\BaseBuilder->get()
 5 SYSTEMPATH\BaseModel.php(675): CodeIgniter\Model->doFindAll(0, 0)
 6 APPPATH\Controllers\Sedes.php(31): CodeIgniter\BaseModel->findAll()
 7 SYSTEMPATH\CodeIgniter.php(933): App\Controllers\Sedes->getCarrerasPorSede('1')
 8 SYSTEMPATH\CodeIgniter.php(507): CodeIgniter\CodeIgniter->runController(Object(App\Controllers\Sedes))
 9 SYSTEMPATH\CodeIgniter.php(354): CodeIgniter\CodeIgniter->handleRequest(null, Object(Config\Cache), false)
10 SYSTEMPATH\Boot.php(334): CodeIgniter\CodeIgniter->run()
11 SYSTEMPATH\Boot.php(67): CodeIgniter\Boot::runCodeIgniter(Object(CodeIgniter\CodeIgniter))
12 FCPATH\index.php(56): CodeIgniter\Boot::bootWeb(Object(Config\Paths))
13 SYSTEMPATH\rewrite.php(44): require_once('C:\\xampp\\htdocs\\rockstar\\rockstar\\public\\index.php')
CRITICAL - 2025-05-09 15:35:52 --> [Caused by] mysqli_sql_exception: Unknown column 'carrera_sedes.id_sede' in 'where clause'
in SYSTEMPATH\Database\MySQLi\Connection.php on line 327.
 1 SYSTEMPATH\Database\MySQLi\Connection.php(327): mysqli->query('SELECT `carreras`.`id`, `carreras`.`nombre`
FROM `carreras_sedes`
JOIN `carreras` ON `carreras`.`id` = `carreras_sedes`.`id_carrera`
WHERE `carrera_sedes`.`id_sede` = \'1\'', 0)
 2 SYSTEMPATH\Database\BaseConnection.php(738): CodeIgniter\Database\MySQLi\Connection->execute('SELECT `carreras`.`id`, `carreras`.`nombre`
FROM `carreras_sedes`
JOIN `carreras` ON `carreras`.`id` = `carreras_sedes`.`id_carrera`
WHERE `carrera_sedes`.`id_sede` = \'1\'')
 3 SYSTEMPATH\Database\BaseConnection.php(652): CodeIgniter\Database\BaseConnection->simpleQuery('SELECT `carreras`.`id`, `carreras`.`nombre`
FROM `carreras_sedes`
JOIN `carreras` ON `carreras`.`id` = `carreras_sedes`.`id_carrera`
WHERE `carrera_sedes`.`id_sede` = \'1\'')
 4 SYSTEMPATH\Database\BaseBuilder.php(1649): CodeIgniter\Database\BaseConnection->query('SELECT `carreras`.`id`, `carreras`.`nombre`
FROM `carreras_sedes`
JOIN `carreras` ON `carreras`.`id` = `carreras_sedes`.`id_carrera`
WHERE `carrera_sedes`.`id_sede` = :carrera_sedes.id_sede:', [...], false)
 5 SYSTEMPATH\Model.php(286): CodeIgniter\Database\BaseBuilder->get()
 6 SYSTEMPATH\BaseModel.php(675): CodeIgniter\Model->doFindAll(0, 0)
 7 APPPATH\Controllers\Sedes.php(31): CodeIgniter\BaseModel->findAll()
 8 SYSTEMPATH\CodeIgniter.php(933): App\Controllers\Sedes->getCarrerasPorSede('1')
 9 SYSTEMPATH\CodeIgniter.php(507): CodeIgniter\CodeIgniter->runController(Object(App\Controllers\Sedes))
10 SYSTEMPATH\CodeIgniter.php(354): CodeIgniter\CodeIgniter->handleRequest(null, Object(Config\Cache), false)
11 SYSTEMPATH\Boot.php(334): CodeIgniter\CodeIgniter->run()
12 SYSTEMPATH\Boot.php(67): CodeIgniter\Boot::runCodeIgniter(Object(CodeIgniter\CodeIgniter))
13 FCPATH\index.php(56): CodeIgniter\Boot::bootWeb(Object(Config\Paths))
14 SYSTEMPATH\rewrite.php(44): require_once('C:\\xampp\\htdocs\\rockstar\\rockstar\\public\\index.php')
