CRITICAL - 2025-03-26 08:58:13 --> ErrorException: Undefined variable $id
[Method: GET, Route: Repositorio/busqueda_general]
in APPPATH/Controllers/Repositorio.php on line 116.
 1 APPPATH/Controllers/Repositorio.php(116): CodeIgniter\Debug\Exceptions->errorHandler(2, 'Undefined variable $id', '/Users/richard/ProyectosActivos/rockstar/app/Controllers/Repositorio.php', 116)
 2 SYSTEMPATH/CodeIgniter.php(933): App\Controllers\Repositorio->busqueda_general()
 3 SYSTEMPATH/CodeIgniter.php(507): CodeIgniter\CodeIgniter->runController(Object(App\Controllers\Repositorio))
 4 SYSTEMPATH/CodeIgniter.php(354): CodeIgniter\CodeIgniter->handleRequest(null, Object(Config\Cache), false)
 5 SYSTEMPATH/Boot.php(334): CodeIgniter\CodeIgniter->run()
 6 SYSTEMPATH/Boot.php(67): CodeIgniter\Boot::runCodeIgniter(Object(CodeIgniter\CodeIgniter))
 7 FCPATH/index.php(56): CodeIgniter\Boot::bootWeb(Object(Config\Paths))
 8 SYSTEMPATH/rewrite.php(44): require_once('/Users/richard/ProyectosActivos/rockstar/public/index.php')
CRITICAL - 2025-03-26 09:06:02 --> ErrorException: Undefined variable $repositorio
[Method: GET, Route: Repositorio/busqueda_general]
in APPPATH/Views/Repositorio/busqueda_general.php on line 207.
 1 APPPATH/Views/Repositorio/busqueda_general.php(207): CodeIgniter\Debug\Exceptions->errorHandler(2, 'Undefined variable $repositorio', '/Users/richard/ProyectosActivos/rockstar/app/Views/Repositorio/busqueda_general.php', 207)
 2 SYSTEMPATH/View/View.php(224): include('/Users/richard/ProyectosActivos/rockstar/app/Views/Repositorio/busqueda_general.php')
 3 SYSTEMPATH/View/View.php(227): CodeIgniter\View\View->{closure:CodeIgniter\View\View::render():221}()
 4 SYSTEMPATH/Common.php(1173): CodeIgniter\View\View->render('Repositorio/busqueda_general', [], true)
 5 APPPATH/Controllers/Repositorio.php(121): view('Repositorio/busqueda_general', [...])
 6 SYSTEMPATH/CodeIgniter.php(933): App\Controllers\Repositorio->busqueda_general()
 7 SYSTEMPATH/CodeIgniter.php(507): CodeIgniter\CodeIgniter->runController(Object(App\Controllers\Repositorio))
 8 SYSTEMPATH/CodeIgniter.php(354): CodeIgniter\CodeIgniter->handleRequest(null, Object(Config\Cache), false)
 9 SYSTEMPATH/Boot.php(334): CodeIgniter\CodeIgniter->run()
10 SYSTEMPATH/Boot.php(67): CodeIgniter\Boot::runCodeIgniter(Object(CodeIgniter\CodeIgniter))
11 FCPATH/index.php(56): CodeIgniter\Boot::bootWeb(Object(Config\Paths))
12 SYSTEMPATH/rewrite.php(44): require_once('/Users/richard/ProyectosActivos/rockstar/public/index.php')
CRITICAL - 2025-03-26 09:49:20 --> ErrorException: Undefined variable $estados
[Method: GET, Route: Recurso/nuevo/1]
in APPPATH/Views/Repositorio/nuevo.php on line 127.
 1 APPPATH/Views/Repositorio/nuevo.php(127): CodeIgniter\Debug\Exceptions->errorHandler(2, 'Undefined variable $estados', '/Users/richard/ProyectosActivos/rockstar/app/Views/Repositorio/nuevo.php', 127)
 2 SYSTEMPATH/View/View.php(224): include('/Users/richard/ProyectosActivos/rockstar/app/Views/Repositorio/nuevo.php')
 3 SYSTEMPATH/View/View.php(227): CodeIgniter\View\View->{closure:CodeIgniter\View\View::render():221}()
 4 SYSTEMPATH/Common.php(1173): CodeIgniter\View\View->render('Repositorio/nuevo', [], true)
 5 APPPATH/Controllers/Recurso.php(23): view('Repositorio/nuevo', [...])
 6 SYSTEMPATH/CodeIgniter.php(933): App\Controllers\Recurso->nuevo('1')
 7 SYSTEMPATH/CodeIgniter.php(507): CodeIgniter\CodeIgniter->runController(Object(App\Controllers\Recurso))
 8 SYSTEMPATH/CodeIgniter.php(354): CodeIgniter\CodeIgniter->handleRequest(null, Object(Config\Cache), false)
 9 SYSTEMPATH/Boot.php(334): CodeIgniter\CodeIgniter->run()
10 SYSTEMPATH/Boot.php(67): CodeIgniter\Boot::runCodeIgniter(Object(CodeIgniter\CodeIgniter))
11 FCPATH/index.php(56): CodeIgniter\Boot::bootWeb(Object(Config\Paths))
12 SYSTEMPATH/rewrite.php(44): require_once('/Users/richard/ProyectosActivos/rockstar/public/index.php')
CRITICAL - 2025-03-26 09:49:56 --> ErrorException: Undefined variable $estados
[Method: GET, Route: Recurso/nuevo/1]
in APPPATH/Views/Repositorio/nuevo.php on line 127.
 1 APPPATH/Views/Repositorio/nuevo.php(127): CodeIgniter\Debug\Exceptions->errorHandler(2, 'Undefined variable $estados', '/Users/richard/ProyectosActivos/rockstar/app/Views/Repositorio/nuevo.php', 127)
 2 SYSTEMPATH/View/View.php(224): include('/Users/richard/ProyectosActivos/rockstar/app/Views/Repositorio/nuevo.php')
 3 SYSTEMPATH/View/View.php(227): CodeIgniter\View\View->{closure:CodeIgniter\View\View::render():221}()
 4 SYSTEMPATH/Common.php(1173): CodeIgniter\View\View->render('Repositorio/nuevo', [], true)
 5 APPPATH/Controllers/Recurso.php(23): view('Repositorio/nuevo', [...])
 6 SYSTEMPATH/CodeIgniter.php(933): App\Controllers\Recurso->nuevo('1')
 7 SYSTEMPATH/CodeIgniter.php(507): CodeIgniter\CodeIgniter->runController(Object(App\Controllers\Recurso))
 8 SYSTEMPATH/CodeIgniter.php(354): CodeIgniter\CodeIgniter->handleRequest(null, Object(Config\Cache), false)
 9 SYSTEMPATH/Boot.php(334): CodeIgniter\CodeIgniter->run()
10 SYSTEMPATH/Boot.php(67): CodeIgniter\Boot::runCodeIgniter(Object(CodeIgniter\CodeIgniter))
11 FCPATH/index.php(56): CodeIgniter\Boot::bootWeb(Object(Config\Paths))
12 SYSTEMPATH/rewrite.php(44): require_once('/Users/richard/ProyectosActivos/rockstar/public/index.php')
CRITICAL - 2025-03-26 09:49:57 --> ErrorException: Undefined variable $estados
[Method: GET, Route: Recurso/nuevo/1]
in APPPATH/Views/Repositorio/nuevo.php on line 127.
 1 APPPATH/Views/Repositorio/nuevo.php(127): CodeIgniter\Debug\Exceptions->errorHandler(2, 'Undefined variable $estados', '/Users/richard/ProyectosActivos/rockstar/app/Views/Repositorio/nuevo.php', 127)
 2 SYSTEMPATH/View/View.php(224): include('/Users/richard/ProyectosActivos/rockstar/app/Views/Repositorio/nuevo.php')
 3 SYSTEMPATH/View/View.php(227): CodeIgniter\View\View->{closure:CodeIgniter\View\View::render():221}()
 4 SYSTEMPATH/Common.php(1173): CodeIgniter\View\View->render('Repositorio/nuevo', [], true)
 5 APPPATH/Controllers/Recurso.php(23): view('Repositorio/nuevo', [...])
 6 SYSTEMPATH/CodeIgniter.php(933): App\Controllers\Recurso->nuevo('1')
 7 SYSTEMPATH/CodeIgniter.php(507): CodeIgniter\CodeIgniter->runController(Object(App\Controllers\Recurso))
 8 SYSTEMPATH/CodeIgniter.php(354): CodeIgniter\CodeIgniter->handleRequest(null, Object(Config\Cache), false)
 9 SYSTEMPATH/Boot.php(334): CodeIgniter\CodeIgniter->run()
10 SYSTEMPATH/Boot.php(67): CodeIgniter\Boot::runCodeIgniter(Object(CodeIgniter\CodeIgniter))
11 FCPATH/index.php(56): CodeIgniter\Boot::bootWeb(Object(Config\Paths))
12 SYSTEMPATH/rewrite.php(44): require_once('/Users/richard/ProyectosActivos/rockstar/public/index.php')
CRITICAL - 2025-03-26 12:36:43 --> ErrorException: Cannot use isset() on the result of an expression (you can use "null !== expression" instead)
[Method: GET, Route: Recurso/agregar_link/1]
in APPPATH/Controllers/Recurso.php on line 43.
 1 [internal function]: CodeIgniter\Debug\Exceptions->shutdownHandler()
CRITICAL - 2025-03-26 12:44:33 --> ErrorException: Undefined variable $estados
[Method: GET, Route: Recurso/agregar_link/1]
in APPPATH/Views/Repositorio/nuevo.php on line 127.
 1 APPPATH/Views/Repositorio/nuevo.php(127): CodeIgniter\Debug\Exceptions->errorHandler(2, 'Undefined variable $estados', '/Users/richard/ProyectosActivos/rockstar/app/Views/Repositorio/nuevo.php', 127)
 2 SYSTEMPATH/View/View.php(224): include('/Users/richard/ProyectosActivos/rockstar/app/Views/Repositorio/nuevo.php')
 3 SYSTEMPATH/View/View.php(227): CodeIgniter\View\View->{closure:CodeIgniter\View\View::render():221}()
 4 SYSTEMPATH/Common.php(1173): CodeIgniter\View\View->render('Repositorio/nuevo', [], true)
 5 APPPATH/Controllers/Recurso.php(74): view('Repositorio/nuevo', [...])
 6 SYSTEMPATH/CodeIgniter.php(933): App\Controllers\Recurso->agregar_link('1')
 7 SYSTEMPATH/CodeIgniter.php(507): CodeIgniter\CodeIgniter->runController(Object(App\Controllers\Recurso))
 8 SYSTEMPATH/CodeIgniter.php(354): CodeIgniter\CodeIgniter->handleRequest(null, Object(Config\Cache), false)
 9 SYSTEMPATH/Boot.php(334): CodeIgniter\CodeIgniter->run()
10 SYSTEMPATH/Boot.php(67): CodeIgniter\Boot::runCodeIgniter(Object(CodeIgniter\CodeIgniter))
11 FCPATH/index.php(56): CodeIgniter\Boot::bootWeb(Object(Config\Paths))
12 SYSTEMPATH/rewrite.php(44): require_once('/Users/richard/ProyectosActivos/rockstar/public/index.php')
CRITICAL - 2025-03-26 12:49:09 --> ErrorException: Undefined variable $estados
[Method: GET, Route: Recurso/agregar_link/1]
in APPPATH/Views/Recurso/agregar_link.php on line 127.
 1 APPPATH/Views/Recurso/agregar_link.php(127): CodeIgniter\Debug\Exceptions->errorHandler(2, 'Undefined variable $estados', '/Users/richard/ProyectosActivos/rockstar/app/Views/Recurso/agregar_link.php', 127)
 2 SYSTEMPATH/View/View.php(224): include('/Users/richard/ProyectosActivos/rockstar/app/Views/Recurso/agregar_link.php')
 3 SYSTEMPATH/View/View.php(227): CodeIgniter\View\View->{closure:CodeIgniter\View\View::render():221}()
 4 SYSTEMPATH/Common.php(1173): CodeIgniter\View\View->render('Recurso/agregar_link', [], true)
 5 APPPATH/Controllers/Recurso.php(76): view('Recurso/agregar_link', [...])
 6 SYSTEMPATH/CodeIgniter.php(933): App\Controllers\Recurso->agregar_link('1')
 7 SYSTEMPATH/CodeIgniter.php(507): CodeIgniter\CodeIgniter->runController(Object(App\Controllers\Recurso))
 8 SYSTEMPATH/CodeIgniter.php(354): CodeIgniter\CodeIgniter->handleRequest(null, Object(Config\Cache), false)
 9 SYSTEMPATH/Boot.php(334): CodeIgniter\CodeIgniter->run()
10 SYSTEMPATH/Boot.php(67): CodeIgniter\Boot::runCodeIgniter(Object(CodeIgniter\CodeIgniter))
11 FCPATH/index.php(56): CodeIgniter\Boot::bootWeb(Object(Config\Paths))
12 SYSTEMPATH/rewrite.php(44): require_once('/Users/richard/ProyectosActivos/rockstar/public/index.php')
CRITICAL - 2025-03-26 13:16:38 --> TypeError: implode(): Argument #2 ($array) must be of type ?array, string given
[Method: POST, Route: Recurso/agregar_link/1]
in APPPATH/Controllers/Recurso.php on line 50.
 1 APPPATH/Controllers/Recurso.php(50): implode(',', 'uno, dos, tres, cuatro')
 2 SYSTEMPATH/CodeIgniter.php(933): App\Controllers\Recurso->agregar_link('1')
 3 SYSTEMPATH/CodeIgniter.php(507): CodeIgniter\CodeIgniter->runController(Object(App\Controllers\Recurso))
 4 SYSTEMPATH/CodeIgniter.php(354): CodeIgniter\CodeIgniter->handleRequest(null, Object(Config\Cache), false)
 5 SYSTEMPATH/Boot.php(334): CodeIgniter\CodeIgniter->run()
 6 SYSTEMPATH/Boot.php(67): CodeIgniter\Boot::runCodeIgniter(Object(CodeIgniter\CodeIgniter))
 7 FCPATH/index.php(56): CodeIgniter\Boot::bootWeb(Object(Config\Paths))
 8 SYSTEMPATH/rewrite.php(44): require_once('/Users/richard/ProyectosActivos/rockstar/public/index.php')
ERROR - 2025-03-26 13:17:13 --> mysqli_sql_exception: Unknown column 'archivo' in 'field list' in /Users/richard/ProyectosActivos/rockstar/system/Database/MySQLi/Connection.php:327
Stack trace:
#0 /Users/richard/ProyectosActivos/rockstar/system/Database/MySQLi/Connection.php(327): mysqli->query('INSERT INTO cii...', 0)
#1 /Users/richard/ProyectosActivos/rockstar/system/Database/BaseConnection.php(738): CodeIgniter\Database\MySQLi\Connection->execute('INSERT INTO cii...')
#2 /Users/richard/ProyectosActivos/rockstar/system/Database/BaseConnection.php(652): CodeIgniter\Database\BaseConnection->simpleQuery('INSERT INTO cii...')
#3 /Users/richard/ProyectosActivos/rockstar/app/Controllers/Recurso.php(57): CodeIgniter\Database\BaseConnection->query('INSERT INTO cii...')
#4 /Users/richard/ProyectosActivos/rockstar/system/CodeIgniter.php(933): App\Controllers\Recurso->agregar_link('1')
#5 /Users/richard/ProyectosActivos/rockstar/system/CodeIgniter.php(507): CodeIgniter\CodeIgniter->runController(Object(App\Controllers\Recurso))
#6 /Users/richard/ProyectosActivos/rockstar/system/CodeIgniter.php(354): CodeIgniter\CodeIgniter->handleRequest(NULL, Object(Config\Cache), false)
#7 /Users/richard/ProyectosActivos/rockstar/system/Boot.php(334): CodeIgniter\CodeIgniter->run()
#8 /Users/richard/ProyectosActivos/rockstar/system/Boot.php(67): CodeIgniter\Boot::runCodeIgniter(Object(CodeIgniter\CodeIgniter))
#9 /Users/richard/ProyectosActivos/rockstar/public/index.php(56): CodeIgniter\Boot::bootWeb(Object(Config\Paths))
#10 /Users/richard/ProyectosActivos/rockstar/system/rewrite.php(44): require_once('/Users/richard/...')
#11 {main}
CRITICAL - 2025-03-26 13:17:13 --> CodeIgniter\Database\Exceptions\DatabaseException: Unknown column 'archivo' in 'field list'
[Method: POST, Route: Recurso/agregar_link/1]
in SYSTEMPATH/Database/BaseConnection.php on line 692.
 1 APPPATH/Controllers/Recurso.php(57): CodeIgniter\Database\BaseConnection->query('INSERT INTO ciit_repositorio(uuid, usuario, nombre, descripcion, archivo, archivo_tipo, lat, lon, link, tags,fecha_inicio, fecha_fin, id_repositorio) values ( uuid(),
                "1",
                "Pagina del inegi",
                "lorem impsum donament lorem impsum donament lorem impsum donament lorem impsum donament lorem impsum donament lorem impsum donament lorem impsum donament lorem impsum donament",
                "",
                "",
                "12",
                "12",
                "http://localhost:8080/Recurso/nuevo/1",
                "uno, dos, tres, cuatro",
                "2025-03-25",
                "2025-03-27",
                "1"
                )')
 2 SYSTEMPATH/CodeIgniter.php(933): App\Controllers\Recurso->agregar_link('1')
 3 SYSTEMPATH/CodeIgniter.php(507): CodeIgniter\CodeIgniter->runController(Object(App\Controllers\Recurso))
 4 SYSTEMPATH/CodeIgniter.php(354): CodeIgniter\CodeIgniter->handleRequest(null, Object(Config\Cache), false)
 5 SYSTEMPATH/Boot.php(334): CodeIgniter\CodeIgniter->run()
 6 SYSTEMPATH/Boot.php(67): CodeIgniter\Boot::runCodeIgniter(Object(CodeIgniter\CodeIgniter))
 7 FCPATH/index.php(56): CodeIgniter\Boot::bootWeb(Object(Config\Paths))
 8 SYSTEMPATH/rewrite.php(44): require_once('/Users/richard/ProyectosActivos/rockstar/public/index.php')
CRITICAL - 2025-03-26 13:17:13 --> [Caused by] CodeIgniter\Database\Exceptions\DatabaseException: Unknown column 'archivo' in 'field list'
in SYSTEMPATH/Database/MySQLi/Connection.php on line 332.
 1 SYSTEMPATH/Database/BaseConnection.php(738): CodeIgniter\Database\MySQLi\Connection->execute('INSERT INTO ciit_repositorio(uuid, usuario, nombre, descripcion, archivo, archivo_tipo, lat, lon, link, tags,fecha_inicio, fecha_fin, id_repositorio) values ( uuid(),
                "1",
                "Pagina del inegi",
                "lorem impsum donament lorem impsum donament lorem impsum donament lorem impsum donament lorem impsum donament lorem impsum donament lorem impsum donament lorem impsum donament",
                "",
                "",
                "12",
                "12",
                "http://localhost:8080/Recurso/nuevo/1",
                "uno, dos, tres, cuatro",
                "2025-03-25",
                "2025-03-27",
                "1"
                )')
 2 SYSTEMPATH/Database/BaseConnection.php(652): CodeIgniter\Database\BaseConnection->simpleQuery('INSERT INTO ciit_repositorio(uuid, usuario, nombre, descripcion, archivo, archivo_tipo, lat, lon, link, tags,fecha_inicio, fecha_fin, id_repositorio) values ( uuid(),
                "1",
                "Pagina del inegi",
                "lorem impsum donament lorem impsum donament lorem impsum donament lorem impsum donament lorem impsum donament lorem impsum donament lorem impsum donament lorem impsum donament",
                "",
                "",
                "12",
                "12",
                "http://localhost:8080/Recurso/nuevo/1",
                "uno, dos, tres, cuatro",
                "2025-03-25",
                "2025-03-27",
                "1"
                )')
 3 APPPATH/Controllers/Recurso.php(57): CodeIgniter\Database\BaseConnection->query('INSERT INTO ciit_repositorio(uuid, usuario, nombre, descripcion, archivo, archivo_tipo, lat, lon, link, tags,fecha_inicio, fecha_fin, id_repositorio) values ( uuid(),
                "1",
                "Pagina del inegi",
                "lorem impsum donament lorem impsum donament lorem impsum donament lorem impsum donament lorem impsum donament lorem impsum donament lorem impsum donament lorem impsum donament",
                "",
                "",
                "12",
                "12",
                "http://localhost:8080/Recurso/nuevo/1",
                "uno, dos, tres, cuatro",
                "2025-03-25",
                "2025-03-27",
                "1"
                )')
 4 SYSTEMPATH/CodeIgniter.php(933): App\Controllers\Recurso->agregar_link('1')
 5 SYSTEMPATH/CodeIgniter.php(507): CodeIgniter\CodeIgniter->runController(Object(App\Controllers\Recurso))
 6 SYSTEMPATH/CodeIgniter.php(354): CodeIgniter\CodeIgniter->handleRequest(null, Object(Config\Cache), false)
 7 SYSTEMPATH/Boot.php(334): CodeIgniter\CodeIgniter->run()
 8 SYSTEMPATH/Boot.php(67): CodeIgniter\Boot::runCodeIgniter(Object(CodeIgniter\CodeIgniter))
 9 FCPATH/index.php(56): CodeIgniter\Boot::bootWeb(Object(Config\Paths))
10 SYSTEMPATH/rewrite.php(44): require_once('/Users/richard/ProyectosActivos/rockstar/public/index.php')
CRITICAL - 2025-03-26 13:17:13 --> [Caused by] mysqli_sql_exception: Unknown column 'archivo' in 'field list'
in SYSTEMPATH/Database/MySQLi/Connection.php on line 327.
 1 SYSTEMPATH/Database/MySQLi/Connection.php(327): mysqli->query('INSERT INTO ciit_repositorio(uuid, usuario, nombre, descripcion, archivo, archivo_tipo, lat, lon, link, tags,fecha_inicio, fecha_fin, id_repositorio) values ( uuid(),
                "1",
                "Pagina del inegi",
                "lorem impsum donament lorem impsum donament lorem impsum donament lorem impsum donament lorem impsum donament lorem impsum donament lorem impsum donament lorem impsum donament",
                "",
                "",
                "12",
                "12",
                "http://localhost:8080/Recurso/nuevo/1",
                "uno, dos, tres, cuatro",
                "2025-03-25",
                "2025-03-27",
                "1"
                )', 0)
 2 SYSTEMPATH/Database/BaseConnection.php(738): CodeIgniter\Database\MySQLi\Connection->execute('INSERT INTO ciit_repositorio(uuid, usuario, nombre, descripcion, archivo, archivo_tipo, lat, lon, link, tags,fecha_inicio, fecha_fin, id_repositorio) values ( uuid(),
                "1",
                "Pagina del inegi",
                "lorem impsum donament lorem impsum donament lorem impsum donament lorem impsum donament lorem impsum donament lorem impsum donament lorem impsum donament lorem impsum donament",
                "",
                "",
                "12",
                "12",
                "http://localhost:8080/Recurso/nuevo/1",
                "uno, dos, tres, cuatro",
                "2025-03-25",
                "2025-03-27",
                "1"
                )')
 3 SYSTEMPATH/Database/BaseConnection.php(652): CodeIgniter\Database\BaseConnection->simpleQuery('INSERT INTO ciit_repositorio(uuid, usuario, nombre, descripcion, archivo, archivo_tipo, lat, lon, link, tags,fecha_inicio, fecha_fin, id_repositorio) values ( uuid(),
                "1",
                "Pagina del inegi",
                "lorem impsum donament lorem impsum donament lorem impsum donament lorem impsum donament lorem impsum donament lorem impsum donament lorem impsum donament lorem impsum donament",
                "",
                "",
                "12",
                "12",
                "http://localhost:8080/Recurso/nuevo/1",
                "uno, dos, tres, cuatro",
                "2025-03-25",
                "2025-03-27",
                "1"
                )')
 4 APPPATH/Controllers/Recurso.php(57): CodeIgniter\Database\BaseConnection->query('INSERT INTO ciit_repositorio(uuid, usuario, nombre, descripcion, archivo, archivo_tipo, lat, lon, link, tags,fecha_inicio, fecha_fin, id_repositorio) values ( uuid(),
                "1",
                "Pagina del inegi",
                "lorem impsum donament lorem impsum donament lorem impsum donament lorem impsum donament lorem impsum donament lorem impsum donament lorem impsum donament lorem impsum donament",
                "",
                "",
                "12",
                "12",
                "http://localhost:8080/Recurso/nuevo/1",
                "uno, dos, tres, cuatro",
                "2025-03-25",
                "2025-03-27",
                "1"
                )')
 5 SYSTEMPATH/CodeIgniter.php(933): App\Controllers\Recurso->agregar_link('1')
 6 SYSTEMPATH/CodeIgniter.php(507): CodeIgniter\CodeIgniter->runController(Object(App\Controllers\Recurso))
 7 SYSTEMPATH/CodeIgniter.php(354): CodeIgniter\CodeIgniter->handleRequest(null, Object(Config\Cache), false)
 8 SYSTEMPATH/Boot.php(334): CodeIgniter\CodeIgniter->run()
 9 SYSTEMPATH/Boot.php(67): CodeIgniter\Boot::runCodeIgniter(Object(CodeIgniter\CodeIgniter))
10 FCPATH/index.php(56): CodeIgniter\Boot::bootWeb(Object(Config\Paths))
11 SYSTEMPATH/rewrite.php(44): require_once('/Users/richard/ProyectosActivos/rockstar/public/index.php')
ERROR - 2025-03-26 13:19:20 --> mysqli_sql_exception: You have an error in your SQL syntax; check the manual that corresponds to your MySQL server version for the right syntax to use near ',
                ,
                "12",
                "12",
                ' at line 5 in /Users/richard/ProyectosActivos/rockstar/system/Database/MySQLi/Connection.php:327
Stack trace:
#0 /Users/richard/ProyectosActivos/rockstar/system/Database/MySQLi/Connection.php(327): mysqli->query('INSERT INTO cii...', 0)
#1 /Users/richard/ProyectosActivos/rockstar/system/Database/BaseConnection.php(738): CodeIgniter\Database\MySQLi\Connection->execute('INSERT INTO cii...')
#2 /Users/richard/ProyectosActivos/rockstar/system/Database/BaseConnection.php(652): CodeIgniter\Database\BaseConnection->simpleQuery('INSERT INTO cii...')
#3 /Users/richard/ProyectosActivos/rockstar/app/Controllers/Recurso.php(57): CodeIgniter\Database\BaseConnection->query('INSERT INTO cii...')
#4 /Users/richard/ProyectosActivos/rockstar/system/CodeIgniter.php(933): App\Controllers\Recurso->agregar_link('1')
#5 /Users/richard/ProyectosActivos/rockstar/system/CodeIgniter.php(507): CodeIgniter\CodeIgniter->runController(Object(App\Controllers\Recurso))
#6 /Users/richard/ProyectosActivos/rockstar/system/CodeIgniter.php(354): CodeIgniter\CodeIgniter->handleRequest(NULL, Object(Config\Cache), false)
#7 /Users/richard/ProyectosActivos/rockstar/system/Boot.php(334): CodeIgniter\CodeIgniter->run()
#8 /Users/richard/ProyectosActivos/rockstar/system/Boot.php(67): CodeIgniter\Boot::runCodeIgniter(Object(CodeIgniter\CodeIgniter))
#9 /Users/richard/ProyectosActivos/rockstar/public/index.php(56): CodeIgniter\Boot::bootWeb(Object(Config\Paths))
#10 /Users/richard/ProyectosActivos/rockstar/system/rewrite.php(44): require_once('/Users/richard/...')
#11 {main}
CRITICAL - 2025-03-26 13:19:20 --> CodeIgniter\Database\Exceptions\DatabaseException: You have an error in your SQL syntax; check the manual that corresponds to your MySQL server version for the right syntax to use near ',
                ,
                "12",
                "12",
                ' at line 5
[Method: POST, Route: Recurso/agregar_link/1]
in SYSTEMPATH/Database/BaseConnection.php on line 692.
 1 APPPATH/Controllers/Recurso.php(57): CodeIgniter\Database\BaseConnection->query('INSERT INTO ciit_recurso(uuid, usuario, nombre, descripcion, archivo, archivo_tipo, lat, lon, link, tags,fecha_inicio, fecha_fin, id_repositorio, tipo_recurso) values ( uuid(),
                "1",
                "Pagina del inegi",
                "lorem impsum donament lorem impsum donament lorem impsum donament lorem impsum donament lorem impsum donament lorem impsum donament lorem impsum donament lorem impsum donament",
                ,
                ,
                "12",
                "12",
                "http://localhost:8080/Recurso/nuevo/1",
                "uno, dos, tres, cuatro",
                "2025-03-25",
                "2025-03-27",
                "1",
                "link"
                )')
 2 SYSTEMPATH/CodeIgniter.php(933): App\Controllers\Recurso->agregar_link('1')
 3 SYSTEMPATH/CodeIgniter.php(507): CodeIgniter\CodeIgniter->runController(Object(App\Controllers\Recurso))
 4 SYSTEMPATH/CodeIgniter.php(354): CodeIgniter\CodeIgniter->handleRequest(null, Object(Config\Cache), false)
 5 SYSTEMPATH/Boot.php(334): CodeIgniter\CodeIgniter->run()
 6 SYSTEMPATH/Boot.php(67): CodeIgniter\Boot::runCodeIgniter(Object(CodeIgniter\CodeIgniter))
 7 FCPATH/index.php(56): CodeIgniter\Boot::bootWeb(Object(Config\Paths))
 8 SYSTEMPATH/rewrite.php(44): require_once('/Users/richard/ProyectosActivos/rockstar/public/index.php')
CRITICAL - 2025-03-26 13:19:20 --> [Caused by] CodeIgniter\Database\Exceptions\DatabaseException: You have an error in your SQL syntax; check the manual that corresponds to your MySQL server version for the right syntax to use near ',
                ,
                "12",
                "12",
                ' at line 5
in SYSTEMPATH/Database/MySQLi/Connection.php on line 332.
 1 SYSTEMPATH/Database/BaseConnection.php(738): CodeIgniter\Database\MySQLi\Connection->execute('INSERT INTO ciit_recurso(uuid, usuario, nombre, descripcion, archivo, archivo_tipo, lat, lon, link, tags,fecha_inicio, fecha_fin, id_repositorio, tipo_recurso) values ( uuid(),
                "1",
                "Pagina del inegi",
                "lorem impsum donament lorem impsum donament lorem impsum donament lorem impsum donament lorem impsum donament lorem impsum donament lorem impsum donament lorem impsum donament",
                ,
                ,
                "12",
                "12",
                "http://localhost:8080/Recurso/nuevo/1",
                "uno, dos, tres, cuatro",
                "2025-03-25",
                "2025-03-27",
                "1",
                "link"
                )')
 2 SYSTEMPATH/Database/BaseConnection.php(652): CodeIgniter\Database\BaseConnection->simpleQuery('INSERT INTO ciit_recurso(uuid, usuario, nombre, descripcion, archivo, archivo_tipo, lat, lon, link, tags,fecha_inicio, fecha_fin, id_repositorio, tipo_recurso) values ( uuid(),
                "1",
                "Pagina del inegi",
                "lorem impsum donament lorem impsum donament lorem impsum donament lorem impsum donament lorem impsum donament lorem impsum donament lorem impsum donament lorem impsum donament",
                ,
                ,
                "12",
                "12",
                "http://localhost:8080/Recurso/nuevo/1",
                "uno, dos, tres, cuatro",
                "2025-03-25",
                "2025-03-27",
                "1",
                "link"
                )')
 3 APPPATH/Controllers/Recurso.php(57): CodeIgniter\Database\BaseConnection->query('INSERT INTO ciit_recurso(uuid, usuario, nombre, descripcion, archivo, archivo_tipo, lat, lon, link, tags,fecha_inicio, fecha_fin, id_repositorio, tipo_recurso) values ( uuid(),
                "1",
                "Pagina del inegi",
                "lorem impsum donament lorem impsum donament lorem impsum donament lorem impsum donament lorem impsum donament lorem impsum donament lorem impsum donament lorem impsum donament",
                ,
                ,
                "12",
                "12",
                "http://localhost:8080/Recurso/nuevo/1",
                "uno, dos, tres, cuatro",
                "2025-03-25",
                "2025-03-27",
                "1",
                "link"
                )')
 4 SYSTEMPATH/CodeIgniter.php(933): App\Controllers\Recurso->agregar_link('1')
 5 SYSTEMPATH/CodeIgniter.php(507): CodeIgniter\CodeIgniter->runController(Object(App\Controllers\Recurso))
 6 SYSTEMPATH/CodeIgniter.php(354): CodeIgniter\CodeIgniter->handleRequest(null, Object(Config\Cache), false)
 7 SYSTEMPATH/Boot.php(334): CodeIgniter\CodeIgniter->run()
 8 SYSTEMPATH/Boot.php(67): CodeIgniter\Boot::runCodeIgniter(Object(CodeIgniter\CodeIgniter))
 9 FCPATH/index.php(56): CodeIgniter\Boot::bootWeb(Object(Config\Paths))
10 SYSTEMPATH/rewrite.php(44): require_once('/Users/richard/ProyectosActivos/rockstar/public/index.php')
CRITICAL - 2025-03-26 13:19:20 --> [Caused by] mysqli_sql_exception: You have an error in your SQL syntax; check the manual that corresponds to your MySQL server version for the right syntax to use near ',
                ,
                "12",
                "12",
                ' at line 5
in SYSTEMPATH/Database/MySQLi/Connection.php on line 327.
 1 SYSTEMPATH/Database/MySQLi/Connection.php(327): mysqli->query('INSERT INTO ciit_recurso(uuid, usuario, nombre, descripcion, archivo, archivo_tipo, lat, lon, link, tags,fecha_inicio, fecha_fin, id_repositorio, tipo_recurso) values ( uuid(),
                "1",
                "Pagina del inegi",
                "lorem impsum donament lorem impsum donament lorem impsum donament lorem impsum donament lorem impsum donament lorem impsum donament lorem impsum donament lorem impsum donament",
                ,
                ,
                "12",
                "12",
                "http://localhost:8080/Recurso/nuevo/1",
                "uno, dos, tres, cuatro",
                "2025-03-25",
                "2025-03-27",
                "1",
                "link"
                )', 0)
 2 SYSTEMPATH/Database/BaseConnection.php(738): CodeIgniter\Database\MySQLi\Connection->execute('INSERT INTO ciit_recurso(uuid, usuario, nombre, descripcion, archivo, archivo_tipo, lat, lon, link, tags,fecha_inicio, fecha_fin, id_repositorio, tipo_recurso) values ( uuid(),
                "1",
                "Pagina del inegi",
                "lorem impsum donament lorem impsum donament lorem impsum donament lorem impsum donament lorem impsum donament lorem impsum donament lorem impsum donament lorem impsum donament",
                ,
                ,
                "12",
                "12",
                "http://localhost:8080/Recurso/nuevo/1",
                "uno, dos, tres, cuatro",
                "2025-03-25",
                "2025-03-27",
                "1",
                "link"
                )')
 3 SYSTEMPATH/Database/BaseConnection.php(652): CodeIgniter\Database\BaseConnection->simpleQuery('INSERT INTO ciit_recurso(uuid, usuario, nombre, descripcion, archivo, archivo_tipo, lat, lon, link, tags,fecha_inicio, fecha_fin, id_repositorio, tipo_recurso) values ( uuid(),
                "1",
                "Pagina del inegi",
                "lorem impsum donament lorem impsum donament lorem impsum donament lorem impsum donament lorem impsum donament lorem impsum donament lorem impsum donament lorem impsum donament",
                ,
                ,
                "12",
                "12",
                "http://localhost:8080/Recurso/nuevo/1",
                "uno, dos, tres, cuatro",
                "2025-03-25",
                "2025-03-27",
                "1",
                "link"
                )')
 4 APPPATH/Controllers/Recurso.php(57): CodeIgniter\Database\BaseConnection->query('INSERT INTO ciit_recurso(uuid, usuario, nombre, descripcion, archivo, archivo_tipo, lat, lon, link, tags,fecha_inicio, fecha_fin, id_repositorio, tipo_recurso) values ( uuid(),
                "1",
                "Pagina del inegi",
                "lorem impsum donament lorem impsum donament lorem impsum donament lorem impsum donament lorem impsum donament lorem impsum donament lorem impsum donament lorem impsum donament",
                ,
                ,
                "12",
                "12",
                "http://localhost:8080/Recurso/nuevo/1",
                "uno, dos, tres, cuatro",
                "2025-03-25",
                "2025-03-27",
                "1",
                "link"
                )')
 5 SYSTEMPATH/CodeIgniter.php(933): App\Controllers\Recurso->agregar_link('1')
 6 SYSTEMPATH/CodeIgniter.php(507): CodeIgniter\CodeIgniter->runController(Object(App\Controllers\Recurso))
 7 SYSTEMPATH/CodeIgniter.php(354): CodeIgniter\CodeIgniter->handleRequest(null, Object(Config\Cache), false)
 8 SYSTEMPATH/Boot.php(334): CodeIgniter\CodeIgniter->run()
 9 SYSTEMPATH/Boot.php(67): CodeIgniter\Boot::runCodeIgniter(Object(CodeIgniter\CodeIgniter))
10 FCPATH/index.php(56): CodeIgniter\Boot::bootWeb(Object(Config\Paths))
11 SYSTEMPATH/rewrite.php(44): require_once('/Users/richard/ProyectosActivos/rockstar/public/index.php')
CRITICAL - 2025-03-26 13:34:06 --> ErrorException: ini_set(): Session ini settings cannot be changed after headers have already been sent
[Method: POST, Route: upload/upload]
in SYSTEMPATH/Session/Handlers/FileHandler.php on line 74.
 1 [internal function]: CodeIgniter\Debug\Exceptions->errorHandler(2, 'ini_set(): Session ini settings cannot be changed after headers have already been sent', '/Users/richard/ProyectosActivos/rockstar/system/Session/Handlers/FileHandler.php', 74)
 2 SYSTEMPATH/Session/Handlers/FileHandler.php(74): ini_set('session.save_path', '/Users/richard/ProyectosActivos/rockstar/writable/session')
 3 SYSTEMPATH/Config/Services.php(697): CodeIgniter\Session\Handlers\FileHandler->__construct(Object(Config\Session), '::1')
 4 SYSTEMPATH/Config/BaseService.php(312): CodeIgniter\Config\Services::session(Object(Config\Session), false)
 5 SYSTEMPATH/Config/BaseService.php(251): CodeIgniter\Config\BaseService::__callStatic('session', [...])
 6 SYSTEMPATH/Config/Services.php(668): CodeIgniter\Config\BaseService::getSharedInstance('session', null)
 7 SYSTEMPATH/Config/BaseService.php(321): CodeIgniter\Config\Services::session()
 8 SYSTEMPATH/Config/BaseService.php(202): CodeIgniter\Config\BaseService::__callStatic('session', [])
 9 SYSTEMPATH/Common.php(1000): CodeIgniter\Config\BaseService::get('session')
10 SYSTEMPATH/Common.php(973): service('session')
11 VENDORPATH/codeigniter4/shield/src/Authentication/Authenticators/Session.php(685): session('user')
12 VENDORPATH/codeigniter4/shield/src/Authentication/Authenticators/Session.php(703): CodeIgniter\Shield\Authentication\Authenticators\Session->getSessionUserInfo()
13 VENDORPATH/codeigniter4/shield/src/Authentication/Authenticators/Session.php(390): CodeIgniter\Shield\Authentication\Authenticators\Session->getSessionUserKey('id')
14 VENDORPATH/codeigniter4/shield/src/Authentication/Authenticators/Session.php(374): CodeIgniter\Shield\Authentication\Authenticators\Session->checkUserState()
15 VENDORPATH/codeigniter4/shield/src/Auth.php(191): CodeIgniter\Shield\Authentication\Authenticators\Session->loggedIn()
16 VENDORPATH/codeigniter4/shield/src/Collectors/Auth.php(76): CodeIgniter\Shield\Auth->__call('loggedIn', [])
17 SYSTEMPATH/Debug/Toolbar/Collectors/BaseCollector.php(228): CodeIgniter\Shield\Collectors\Auth->display()
18 SYSTEMPATH/Debug/Toolbar.php(95): CodeIgniter\Debug\Toolbar\Collectors\BaseCollector->getAsArray()
19 SYSTEMPATH/Debug/Toolbar.php(390): CodeIgniter\Debug\Toolbar->run(1743017646.709444, 0.0048, Object(CodeIgniter\HTTP\IncomingRequest), Object(CodeIgniter\HTTP\Response))
20 SYSTEMPATH/Filters/DebugToolbar.php(44): CodeIgniter\Debug\Toolbar->prepare(Object(CodeIgniter\HTTP\IncomingRequest), Object(CodeIgniter\HTTP\Response))
21 SYSTEMPATH/Filters/Filters.php(278): CodeIgniter\Filters\DebugToolbar->after(Object(CodeIgniter\HTTP\IncomingRequest), Object(CodeIgniter\HTTP\Response), null)
22 SYSTEMPATH/Filters/Filters.php(364): CodeIgniter\Filters\Filters->runAfter([...])
23 SYSTEMPATH/CodeIgniter.php(407): CodeIgniter\Filters\Filters->runRequired('after')
24 SYSTEMPATH/CodeIgniter.php(368): CodeIgniter\CodeIgniter->runRequiredAfterFilters(Object(CodeIgniter\Filters\Filters))
25 SYSTEMPATH/Boot.php(334): CodeIgniter\CodeIgniter->run()
26 SYSTEMPATH/Boot.php(67): CodeIgniter\Boot::runCodeIgniter(Object(CodeIgniter\CodeIgniter))
27 FCPATH/index.php(56): CodeIgniter\Boot::bootWeb(Object(Config\Paths))
28 SYSTEMPATH/rewrite.php(44): require_once('/Users/richard/ProyectosActivos/rockstar/public/index.php')
CRITICAL - 2025-03-26 13:41:10 --> RuntimeException: SplFileInfo::getSize(): stat failed for /Users/richard/ProyectosActivos/rockstar/public/uploads/20250326/1743018070_6a9cb74b043ca8820d6d.pdf
[Method: POST, Route: upload/upload]
in SYSTEMPATH/Files/File.php on line 70.
 1 SYSTEMPATH/Files/File.php(70): SplFileInfo->getSize()
 2 SYSTEMPATH/Files/File.php(219): CodeIgniter\Files\File->getSize()
 3 SYSTEMPATH/Files/File.php(80): CodeIgniter\Files\File->getSizeByUnitInternal(1024, Object(CodeIgniter\Files\FileSizeUnit), 3)
 4 SYSTEMPATH/Files/File.php(103): CodeIgniter\Files\File->getSizeByBinaryUnit(Object(CodeIgniter\Files\FileSizeUnit))
 5 APPPATH/Views/upload_success.php(12): CodeIgniter\Files\File->getSizeByUnit('kb')
 6 SYSTEMPATH/View/View.php(224): include('/Users/richard/ProyectosActivos/rockstar/app/Views/upload_success.php')
 7 SYSTEMPATH/View/View.php(227): CodeIgniter\View\View->{closure:CodeIgniter\View\View::render():221}()
 8 SYSTEMPATH/Common.php(1173): CodeIgniter\View\View->render('upload_success', [], true)
 9 APPPATH/Controllers/Upload.php(39): view('upload_success', [...])
10 SYSTEMPATH/CodeIgniter.php(933): App\Controllers\Upload->upload()
11 SYSTEMPATH/CodeIgniter.php(507): CodeIgniter\CodeIgniter->runController(Object(App\Controllers\Upload))
12 SYSTEMPATH/CodeIgniter.php(354): CodeIgniter\CodeIgniter->handleRequest(null, Object(Config\Cache), false)
13 SYSTEMPATH/Boot.php(334): CodeIgniter\CodeIgniter->run()
14 SYSTEMPATH/Boot.php(67): CodeIgniter\Boot::runCodeIgniter(Object(CodeIgniter\CodeIgniter))
15 FCPATH/index.php(56): CodeIgniter\Boot::bootWeb(Object(Config\Paths))
16 SYSTEMPATH/rewrite.php(44): require_once('/Users/richard/ProyectosActivos/rockstar/public/index.php')
CRITICAL - 2025-03-26 13:42:00 --> RuntimeException: SplFileInfo::getSize(): stat failed for /Users/richard/ProyectosActivos/rockstar/public/uploads/20250326/1743018120_0b366e1d9c7bd4ac8ac9.pdf
[Method: POST, Route: upload/upload]
in SYSTEMPATH/Files/File.php on line 70.
 1 SYSTEMPATH/Files/File.php(70): SplFileInfo->getSize()
 2 SYSTEMPATH/Files/File.php(219): CodeIgniter\Files\File->getSize()
 3 SYSTEMPATH/Files/File.php(80): CodeIgniter\Files\File->getSizeByUnitInternal(1024, Object(CodeIgniter\Files\FileSizeUnit), 3)
 4 SYSTEMPATH/Files/File.php(103): CodeIgniter\Files\File->getSizeByBinaryUnit(Object(CodeIgniter\Files\FileSizeUnit))
 5 APPPATH/Views/upload_success.php(12): CodeIgniter\Files\File->getSizeByUnit('kb')
 6 SYSTEMPATH/View/View.php(224): include('/Users/richard/ProyectosActivos/rockstar/app/Views/upload_success.php')
 7 SYSTEMPATH/View/View.php(227): CodeIgniter\View\View->{closure:CodeIgniter\View\View::render():221}()
 8 SYSTEMPATH/Common.php(1173): CodeIgniter\View\View->render('upload_success', [], true)
 9 APPPATH/Controllers/Upload.php(39): view('upload_success', [...])
10 SYSTEMPATH/CodeIgniter.php(933): App\Controllers\Upload->upload()
11 SYSTEMPATH/CodeIgniter.php(507): CodeIgniter\CodeIgniter->runController(Object(App\Controllers\Upload))
12 SYSTEMPATH/CodeIgniter.php(354): CodeIgniter\CodeIgniter->handleRequest(null, Object(Config\Cache), false)
13 SYSTEMPATH/Boot.php(334): CodeIgniter\CodeIgniter->run()
14 SYSTEMPATH/Boot.php(67): CodeIgniter\Boot::runCodeIgniter(Object(CodeIgniter\CodeIgniter))
15 FCPATH/index.php(56): CodeIgniter\Boot::bootWeb(Object(Config\Paths))
16 SYSTEMPATH/rewrite.php(44): require_once('/Users/richard/ProyectosActivos/rockstar/public/index.php')
CRITICAL - 2025-03-26 13:45:39 --> CodeIgniter\HTTP\Exceptions\HTTPException: The uploaded file has already been moved.
[Method: POST, Route: upload/upload]
in SYSTEMPATH/HTTP/Files/UploadedFile.php on line 138.
 1 SYSTEMPATH/HTTP/Files/UploadedFile.php(138): CodeIgniter\HTTP\Exceptions\HTTPException::forAlreadyMoved()
 2 APPPATH/Controllers/Upload.php(36): CodeIgniter\HTTP\Files\UploadedFile->move('/Users/richard/ProyectosActivos/rockstar/writable/uploads/', '/Users/richard/ProyectosActivos/rockstar/public/uploads')
 3 SYSTEMPATH/CodeIgniter.php(933): App\Controllers\Upload->upload()
 4 SYSTEMPATH/CodeIgniter.php(507): CodeIgniter\CodeIgniter->runController(Object(App\Controllers\Upload))
 5 SYSTEMPATH/CodeIgniter.php(354): CodeIgniter\CodeIgniter->handleRequest(null, Object(Config\Cache), false)
 6 SYSTEMPATH/Boot.php(334): CodeIgniter\CodeIgniter->run()
 7 SYSTEMPATH/Boot.php(67): CodeIgniter\Boot::runCodeIgniter(Object(CodeIgniter\CodeIgniter))
 8 FCPATH/index.php(56): CodeIgniter\Boot::bootWeb(Object(Config\Paths))
 9 SYSTEMPATH/rewrite.php(44): require_once('/Users/richard/ProyectosActivos/rockstar/public/index.php')
CRITICAL - 2025-03-26 13:46:06 --> CodeIgniter\HTTP\Exceptions\HTTPException: The uploaded file has already been moved.
[Method: POST, Route: upload/upload]
in SYSTEMPATH/HTTP/Files/UploadedFile.php on line 138.
 1 SYSTEMPATH/HTTP/Files/UploadedFile.php(138): CodeIgniter\HTTP\Exceptions\HTTPException::forAlreadyMoved()
 2 APPPATH/Controllers/Upload.php(36): CodeIgniter\HTTP\Files\UploadedFile->move('/Users/richard/ProyectosActivos/rockstar/writable/uploads/', '/Users/richard/ProyectosActivos/rockstar/public/uploads')
 3 SYSTEMPATH/CodeIgniter.php(933): App\Controllers\Upload->upload()
 4 SYSTEMPATH/CodeIgniter.php(507): CodeIgniter\CodeIgniter->runController(Object(App\Controllers\Upload))
 5 SYSTEMPATH/CodeIgniter.php(354): CodeIgniter\CodeIgniter->handleRequest(null, Object(Config\Cache), false)
 6 SYSTEMPATH/Boot.php(334): CodeIgniter\CodeIgniter->run()
 7 SYSTEMPATH/Boot.php(67): CodeIgniter\Boot::runCodeIgniter(Object(CodeIgniter\CodeIgniter))
 8 FCPATH/index.php(56): CodeIgniter\Boot::bootWeb(Object(Config\Paths))
 9 SYSTEMPATH/rewrite.php(44): require_once('/Users/richard/ProyectosActivos/rockstar/public/index.php')
CRITICAL - 2025-03-26 13:46:41 --> ErrorException: mkdir(): Not a directory
[Method: POST, Route: upload/upload]
in SYSTEMPATH/HTTP/Files/UploadedFile.php on line 181.
 1 [internal function]: CodeIgniter\Debug\Exceptions->errorHandler(2, 'mkdir(): Not a directory', '/Users/richard/ProyectosActivos/rockstar/system/HTTP/Files/UploadedFile.php', 181)
 2 SYSTEMPATH/HTTP/Files/UploadedFile.php(181): mkdir('/Users/richard/ProyectosActivos/rockstar/writable/uploads/20250326/1743018401_795f5cd58c8dd3d3ccef.pdf/', 511, true)
 3 SYSTEMPATH/HTTP/Files/UploadedFile.php(135): CodeIgniter\HTTP\Files\UploadedFile->setPath('/Users/richard/ProyectosActivos/rockstar/writable/uploads/20250326/1743018401_795f5cd58c8dd3d3ccef.pdf/')
 4 APPPATH/Controllers/Upload.php(36): CodeIgniter\HTTP\Files\UploadedFile->move('/Users/richard/ProyectosActivos/rockstar/writable/uploads/20250326/1743018401_795f5cd58c8dd3d3ccef.pdf/', '/Users/richard/ProyectosActivos/rockstar/public/uploads')
 5 SYSTEMPATH/CodeIgniter.php(933): App\Controllers\Upload->upload()
 6 SYSTEMPATH/CodeIgniter.php(507): CodeIgniter\CodeIgniter->runController(Object(App\Controllers\Upload))
 7 SYSTEMPATH/CodeIgniter.php(354): CodeIgniter\CodeIgniter->handleRequest(null, Object(Config\Cache), false)
 8 SYSTEMPATH/Boot.php(334): CodeIgniter\CodeIgniter->run()
 9 SYSTEMPATH/Boot.php(67): CodeIgniter\Boot::runCodeIgniter(Object(CodeIgniter\CodeIgniter))
10 FCPATH/index.php(56): CodeIgniter\Boot::bootWeb(Object(Config\Paths))
11 SYSTEMPATH/rewrite.php(44): require_once('/Users/richard/ProyectosActivos/rockstar/public/index.php')
CRITICAL - 2025-03-26 13:48:34 --> CodeIgniter\HTTP\Exceptions\HTTPException: The uploaded file has already been moved.
[Method: POST, Route: upload/upload]
in SYSTEMPATH/HTTP/Files/UploadedFile.php on line 138.
 1 SYSTEMPATH/HTTP/Files/UploadedFile.php(138): CodeIgniter\HTTP\Exceptions\HTTPException::forAlreadyMoved()
 2 APPPATH/Controllers/Upload.php(36): CodeIgniter\HTTP\Files\UploadedFile->move('/Users/richard/ProyectosActivos/rockstar/public/uploads/')
 3 SYSTEMPATH/CodeIgniter.php(933): App\Controllers\Upload->upload()
 4 SYSTEMPATH/CodeIgniter.php(507): CodeIgniter\CodeIgniter->runController(Object(App\Controllers\Upload))
 5 SYSTEMPATH/CodeIgniter.php(354): CodeIgniter\CodeIgniter->handleRequest(null, Object(Config\Cache), false)
 6 SYSTEMPATH/Boot.php(334): CodeIgniter\CodeIgniter->run()
 7 SYSTEMPATH/Boot.php(67): CodeIgniter\Boot::runCodeIgniter(Object(CodeIgniter\CodeIgniter))
 8 FCPATH/index.php(56): CodeIgniter\Boot::bootWeb(Object(Config\Paths))
 9 SYSTEMPATH/rewrite.php(44): require_once('/Users/richard/ProyectosActivos/rockstar/public/index.php')
CRITICAL - 2025-03-26 13:49:47 --> ErrorException: foreach() argument must be of type array|object, string given
[Method: POST, Route: upload/upload]
in APPPATH/Views/upload_form.php on line 8.
 1 APPPATH/Views/upload_form.php(8): CodeIgniter\Debug\Exceptions->errorHandler(2, 'foreach() argument must be of type array|object, string given', '/Users/richard/ProyectosActivos/rockstar/app/Views/upload_form.php', 8)
 2 SYSTEMPATH/View/View.php(224): include('/Users/richard/ProyectosActivos/rockstar/app/Views/upload_form.php')
 3 SYSTEMPATH/View/View.php(227): CodeIgniter\View\View->{closure:CodeIgniter\View\View::render():221}()
 4 SYSTEMPATH/Common.php(1173): CodeIgniter\View\View->render('upload_form', [], true)
 5 APPPATH/Controllers/Upload.php(40): view('upload_form', [...])
 6 SYSTEMPATH/CodeIgniter.php(933): App\Controllers\Upload->upload()
 7 SYSTEMPATH/CodeIgniter.php(507): CodeIgniter\CodeIgniter->runController(Object(App\Controllers\Upload))
 8 SYSTEMPATH/CodeIgniter.php(354): CodeIgniter\CodeIgniter->handleRequest(null, Object(Config\Cache), false)
 9 SYSTEMPATH/Boot.php(334): CodeIgniter\CodeIgniter->run()
10 SYSTEMPATH/Boot.php(67): CodeIgniter\Boot::runCodeIgniter(Object(CodeIgniter\CodeIgniter))
11 FCPATH/index.php(56): CodeIgniter\Boot::bootWeb(Object(Config\Paths))
12 SYSTEMPATH/rewrite.php(44): require_once('/Users/richard/ProyectosActivos/rockstar/public/index.php')
CRITICAL - 2025-03-26 13:50:27 --> ErrorException: Undefined variable $filepath
[Method: POST, Route: upload/upload]
in APPPATH/Controllers/Upload.php on line 37.
 1 APPPATH/Controllers/Upload.php(37): CodeIgniter\Debug\Exceptions->errorHandler(2, 'Undefined variable $filepath', '/Users/richard/ProyectosActivos/rockstar/app/Controllers/Upload.php', 37)
 2 SYSTEMPATH/CodeIgniter.php(933): App\Controllers\Upload->upload()
 3 SYSTEMPATH/CodeIgniter.php(507): CodeIgniter\CodeIgniter->runController(Object(App\Controllers\Upload))
 4 SYSTEMPATH/CodeIgniter.php(354): CodeIgniter\CodeIgniter->handleRequest(null, Object(Config\Cache), false)
 5 SYSTEMPATH/Boot.php(334): CodeIgniter\CodeIgniter->run()
 6 SYSTEMPATH/Boot.php(67): CodeIgniter\Boot::runCodeIgniter(Object(CodeIgniter\CodeIgniter))
 7 FCPATH/index.php(56): CodeIgniter\Boot::bootWeb(Object(Config\Paths))
 8 SYSTEMPATH/rewrite.php(44): require_once('/Users/richard/ProyectosActivos/rockstar/public/index.php')
CRITICAL - 2025-03-26 13:50:34 --> ErrorException: Undefined variable $filepath
[Method: POST, Route: upload/upload]
in APPPATH/Controllers/Upload.php on line 37.
 1 APPPATH/Controllers/Upload.php(37): CodeIgniter\Debug\Exceptions->errorHandler(2, 'Undefined variable $filepath', '/Users/richard/ProyectosActivos/rockstar/app/Controllers/Upload.php', 37)
 2 SYSTEMPATH/CodeIgniter.php(933): App\Controllers\Upload->upload()
 3 SYSTEMPATH/CodeIgniter.php(507): CodeIgniter\CodeIgniter->runController(Object(App\Controllers\Upload))
 4 SYSTEMPATH/CodeIgniter.php(354): CodeIgniter\CodeIgniter->handleRequest(null, Object(Config\Cache), false)
 5 SYSTEMPATH/Boot.php(334): CodeIgniter\CodeIgniter->run()
 6 SYSTEMPATH/Boot.php(67): CodeIgniter\Boot::runCodeIgniter(Object(CodeIgniter\CodeIgniter))
 7 FCPATH/index.php(56): CodeIgniter\Boot::bootWeb(Object(Config\Paths))
 8 SYSTEMPATH/rewrite.php(44): require_once('/Users/richard/ProyectosActivos/rockstar/public/index.php')
CRITICAL - 2025-03-26 13:51:14 --> RuntimeException: SplFileInfo::getSize(): stat failed for /Users/richard/ProyectosActivos/rockstar/public/uploads/20250326/1743018674_dd48c9156475d2df70c8.pdf
[Method: POST, Route: upload/upload]
in SYSTEMPATH/Files/File.php on line 70.
 1 SYSTEMPATH/Files/File.php(70): SplFileInfo->getSize()
 2 SYSTEMPATH/Files/File.php(219): CodeIgniter\Files\File->getSize()
 3 SYSTEMPATH/Files/File.php(80): CodeIgniter\Files\File->getSizeByUnitInternal(1024, Object(CodeIgniter\Files\FileSizeUnit), 3)
 4 SYSTEMPATH/Files/File.php(103): CodeIgniter\Files\File->getSizeByBinaryUnit(Object(CodeIgniter\Files\FileSizeUnit))
 5 APPPATH/Views/upload_success.php(12): CodeIgniter\Files\File->getSizeByUnit('kb')
 6 SYSTEMPATH/View/View.php(224): include('/Users/richard/ProyectosActivos/rockstar/app/Views/upload_success.php')
 7 SYSTEMPATH/View/View.php(227): CodeIgniter\View\View->{closure:CodeIgniter\View\View::render():221}()
 8 SYSTEMPATH/Common.php(1173): CodeIgniter\View\View->render('upload_success', [], true)
 9 APPPATH/Controllers/Upload.php(39): view('upload_success', [...])
10 SYSTEMPATH/CodeIgniter.php(933): App\Controllers\Upload->upload()
11 SYSTEMPATH/CodeIgniter.php(507): CodeIgniter\CodeIgniter->runController(Object(App\Controllers\Upload))
12 SYSTEMPATH/CodeIgniter.php(354): CodeIgniter\CodeIgniter->handleRequest(null, Object(Config\Cache), false)
13 SYSTEMPATH/Boot.php(334): CodeIgniter\CodeIgniter->run()
14 SYSTEMPATH/Boot.php(67): CodeIgniter\Boot::runCodeIgniter(Object(CodeIgniter\CodeIgniter))
15 FCPATH/index.php(56): CodeIgniter\Boot::bootWeb(Object(Config\Paths))
16 SYSTEMPATH/rewrite.php(44): require_once('/Users/richard/ProyectosActivos/rockstar/public/index.php')
CRITICAL - 2025-03-26 13:57:31 --> ErrorException: finfo_file(/private/var/folders/bv/ng8x0s8s7m9djm0fjck038yw0000gn/T/php81dboembvahcc5y5t3O): Failed to open stream: No such file or directory
[Method: POST, Route: upload/upload]
in SYSTEMPATH/Files/File.php on line 137.
 1 [internal function]: CodeIgniter\Debug\Exceptions->errorHandler(2, 'finfo_file(/private/var/folders/bv/ng8x0s8s7m9djm0fjck038yw0000gn/T/php81dboembvahcc5y5t3O): Failed to open stream: No such file or directory', '/Users/richard/ProyectosActivos/rockstar/system/Files/File.php', 137)
 2 SYSTEMPATH/Files/File.php(137): finfo_file(Object(finfo), '/private/var/folders/bv/ng8x0s8s7m9djm0fjck038yw0000gn/T/php81dboembvahcc5y5t3O')
 3 SYSTEMPATH/HTTP/Files/UploadedFile.php(318): CodeIgniter\Files\File->getMimeType()
 4 SYSTEMPATH/HTTP/Files/UploadedFile.php(305): CodeIgniter\HTTP\Files\UploadedFile->guessExtension()
 5 SYSTEMPATH/Files/File.php(149): CodeIgniter\HTTP\Files\UploadedFile->getExtension()
 6 SYSTEMPATH/HTTP/Files/UploadedFile.php(354): CodeIgniter\Files\File->getRandomName()
 7 APPPATH/Controllers/Upload.php(38): CodeIgniter\HTTP\Files\UploadedFile->store()
 8 SYSTEMPATH/CodeIgniter.php(933): App\Controllers\Upload->upload()
 9 SYSTEMPATH/CodeIgniter.php(507): CodeIgniter\CodeIgniter->runController(Object(App\Controllers\Upload))
10 SYSTEMPATH/CodeIgniter.php(354): CodeIgniter\CodeIgniter->handleRequest(null, Object(Config\Cache), false)
11 SYSTEMPATH/Boot.php(334): CodeIgniter\CodeIgniter->run()
12 SYSTEMPATH/Boot.php(67): CodeIgniter\Boot::runCodeIgniter(Object(CodeIgniter\CodeIgniter))
13 FCPATH/index.php(56): CodeIgniter\Boot::bootWeb(Object(Config\Paths))
14 SYSTEMPATH/rewrite.php(44): require_once('/Users/richard/ProyectosActivos/rockstar/public/index.php')
CRITICAL - 2025-03-26 13:58:43 --> ErrorException: finfo_file(/private/var/folders/bv/ng8x0s8s7m9djm0fjck038yw0000gn/T/phpb70catooh8opeW1GC4h): Failed to open stream: No such file or directory
[Method: POST, Route: upload/upload]
in SYSTEMPATH/Files/File.php on line 137.
 1 [internal function]: CodeIgniter\Debug\Exceptions->errorHandler(2, 'finfo_file(/private/var/folders/bv/ng8x0s8s7m9djm0fjck038yw0000gn/T/phpb70catooh8opeW1GC4h): Failed to open stream: No such file or directory', '/Users/richard/ProyectosActivos/rockstar/system/Files/File.php', 137)
 2 SYSTEMPATH/Files/File.php(137): finfo_file(Object(finfo), '/private/var/folders/bv/ng8x0s8s7m9djm0fjck038yw0000gn/T/phpb70catooh8opeW1GC4h')
 3 SYSTEMPATH/HTTP/Files/UploadedFile.php(318): CodeIgniter\Files\File->getMimeType()
 4 SYSTEMPATH/HTTP/Files/UploadedFile.php(305): CodeIgniter\HTTP\Files\UploadedFile->guessExtension()
 5 SYSTEMPATH/Files/File.php(149): CodeIgniter\HTTP\Files\UploadedFile->getExtension()
 6 APPPATH/Controllers/Upload.php(39): CodeIgniter\Files\File->getRandomName()
 7 SYSTEMPATH/CodeIgniter.php(933): App\Controllers\Upload->upload()
 8 SYSTEMPATH/CodeIgniter.php(507): CodeIgniter\CodeIgniter->runController(Object(App\Controllers\Upload))
 9 SYSTEMPATH/CodeIgniter.php(354): CodeIgniter\CodeIgniter->handleRequest(null, Object(Config\Cache), false)
10 SYSTEMPATH/Boot.php(334): CodeIgniter\CodeIgniter->run()
11 SYSTEMPATH/Boot.php(67): CodeIgniter\Boot::runCodeIgniter(Object(CodeIgniter\CodeIgniter))
12 FCPATH/index.php(56): CodeIgniter\Boot::bootWeb(Object(Config\Paths))
13 SYSTEMPATH/rewrite.php(44): require_once('/Users/richard/ProyectosActivos/rockstar/public/index.php')
CRITICAL - 2025-03-26 13:58:59 --> ErrorException: finfo_file(/private/var/folders/bv/ng8x0s8s7m9djm0fjck038yw0000gn/T/php830oqb2durj43SQJkz3): Failed to open stream: No such file or directory
[Method: POST, Route: upload/upload]
in SYSTEMPATH/Files/File.php on line 137.
 1 [internal function]: CodeIgniter\Debug\Exceptions->errorHandler(2, 'finfo_file(/private/var/folders/bv/ng8x0s8s7m9djm0fjck038yw0000gn/T/php830oqb2durj43SQJkz3): Failed to open stream: No such file or directory', '/Users/richard/ProyectosActivos/rockstar/system/Files/File.php', 137)
 2 SYSTEMPATH/Files/File.php(137): finfo_file(Object(finfo), '/private/var/folders/bv/ng8x0s8s7m9djm0fjck038yw0000gn/T/php830oqb2durj43SQJkz3')
 3 SYSTEMPATH/HTTP/Files/UploadedFile.php(318): CodeIgniter\Files\File->getMimeType()
 4 SYSTEMPATH/HTTP/Files/UploadedFile.php(305): CodeIgniter\HTTP\Files\UploadedFile->guessExtension()
 5 SYSTEMPATH/Files/File.php(149): CodeIgniter\HTTP\Files\UploadedFile->getExtension()
 6 APPPATH/Controllers/Upload.php(39): CodeIgniter\Files\File->getRandomName()
 7 SYSTEMPATH/CodeIgniter.php(933): App\Controllers\Upload->upload()
 8 SYSTEMPATH/CodeIgniter.php(507): CodeIgniter\CodeIgniter->runController(Object(App\Controllers\Upload))
 9 SYSTEMPATH/CodeIgniter.php(354): CodeIgniter\CodeIgniter->handleRequest(null, Object(Config\Cache), false)
10 SYSTEMPATH/Boot.php(334): CodeIgniter\CodeIgniter->run()
11 SYSTEMPATH/Boot.php(67): CodeIgniter\Boot::runCodeIgniter(Object(CodeIgniter\CodeIgniter))
12 FCPATH/index.php(56): CodeIgniter\Boot::bootWeb(Object(Config\Paths))
13 SYSTEMPATH/rewrite.php(44): require_once('/Users/richard/ProyectosActivos/rockstar/public/index.php')
CRITICAL - 2025-03-26 13:59:11 --> ErrorException: finfo_file(/private/var/folders/bv/ng8x0s8s7m9djm0fjck038yw0000gn/T/phpj20n83aal9ge8hV3yY5): Failed to open stream: No such file or directory
[Method: POST, Route: upload/upload]
in SYSTEMPATH/Files/File.php on line 137.
 1 [internal function]: CodeIgniter\Debug\Exceptions->errorHandler(2, 'finfo_file(/private/var/folders/bv/ng8x0s8s7m9djm0fjck038yw0000gn/T/phpj20n83aal9ge8hV3yY5): Failed to open stream: No such file or directory', '/Users/richard/ProyectosActivos/rockstar/system/Files/File.php', 137)
 2 SYSTEMPATH/Files/File.php(137): finfo_file(Object(finfo), '/private/var/folders/bv/ng8x0s8s7m9djm0fjck038yw0000gn/T/phpj20n83aal9ge8hV3yY5')
 3 SYSTEMPATH/HTTP/Files/UploadedFile.php(318): CodeIgniter\Files\File->getMimeType()
 4 SYSTEMPATH/HTTP/Files/UploadedFile.php(305): CodeIgniter\HTTP\Files\UploadedFile->guessExtension()
 5 SYSTEMPATH/Files/File.php(149): CodeIgniter\HTTP\Files\UploadedFile->getExtension()
 6 APPPATH/Controllers/Upload.php(39): CodeIgniter\Files\File->getRandomName()
 7 SYSTEMPATH/CodeIgniter.php(933): App\Controllers\Upload->upload()
 8 SYSTEMPATH/CodeIgniter.php(507): CodeIgniter\CodeIgniter->runController(Object(App\Controllers\Upload))
 9 SYSTEMPATH/CodeIgniter.php(354): CodeIgniter\CodeIgniter->handleRequest(null, Object(Config\Cache), false)
10 SYSTEMPATH/Boot.php(334): CodeIgniter\CodeIgniter->run()
11 SYSTEMPATH/Boot.php(67): CodeIgniter\Boot::runCodeIgniter(Object(CodeIgniter\CodeIgniter))
12 FCPATH/index.php(56): CodeIgniter\Boot::bootWeb(Object(Config\Paths))
13 SYSTEMPATH/rewrite.php(44): require_once('/Users/richard/ProyectosActivos/rockstar/public/index.php')
CRITICAL - 2025-03-26 13:59:38 --> ErrorException: foreach() argument must be of type array|object, string given
[Method: POST, Route: upload/upload]
in APPPATH/Views/upload_form.php on line 8.
 1 APPPATH/Views/upload_form.php(8): CodeIgniter\Debug\Exceptions->errorHandler(2, 'foreach() argument must be of type array|object, string given', '/Users/richard/ProyectosActivos/rockstar/app/Views/upload_form.php', 8)
 2 SYSTEMPATH/View/View.php(224): include('/Users/richard/ProyectosActivos/rockstar/app/Views/upload_form.php')
 3 SYSTEMPATH/View/View.php(227): CodeIgniter\View\View->{closure:CodeIgniter\View\View::render():221}()
 4 SYSTEMPATH/Common.php(1173): CodeIgniter\View\View->render('upload_form', [], true)
 5 APPPATH/Controllers/Upload.php(38): view('upload_form', [...])
 6 SYSTEMPATH/CodeIgniter.php(933): App\Controllers\Upload->upload()
 7 SYSTEMPATH/CodeIgniter.php(507): CodeIgniter\CodeIgniter->runController(Object(App\Controllers\Upload))
 8 SYSTEMPATH/CodeIgniter.php(354): CodeIgniter\CodeIgniter->handleRequest(null, Object(Config\Cache), false)
 9 SYSTEMPATH/Boot.php(334): CodeIgniter\CodeIgniter->run()
10 SYSTEMPATH/Boot.php(67): CodeIgniter\Boot::runCodeIgniter(Object(CodeIgniter\CodeIgniter))
11 FCPATH/index.php(56): CodeIgniter\Boot::bootWeb(Object(Config\Paths))
12 SYSTEMPATH/rewrite.php(44): require_once('/Users/richard/ProyectosActivos/rockstar/public/index.php')
CRITICAL - 2025-03-26 13:59:45 --> ErrorException: foreach() argument must be of type array|object, string given
[Method: POST, Route: upload/upload]
in APPPATH/Views/upload_form.php on line 8.
 1 APPPATH/Views/upload_form.php(8): CodeIgniter\Debug\Exceptions->errorHandler(2, 'foreach() argument must be of type array|object, string given', '/Users/richard/ProyectosActivos/rockstar/app/Views/upload_form.php', 8)
 2 SYSTEMPATH/View/View.php(224): include('/Users/richard/ProyectosActivos/rockstar/app/Views/upload_form.php')
 3 SYSTEMPATH/View/View.php(227): CodeIgniter\View\View->{closure:CodeIgniter\View\View::render():221}()
 4 SYSTEMPATH/Common.php(1173): CodeIgniter\View\View->render('upload_form', [], true)
 5 APPPATH/Controllers/Upload.php(38): view('upload_form', [...])
 6 SYSTEMPATH/CodeIgniter.php(933): App\Controllers\Upload->upload()
 7 SYSTEMPATH/CodeIgniter.php(507): CodeIgniter\CodeIgniter->runController(Object(App\Controllers\Upload))
 8 SYSTEMPATH/CodeIgniter.php(354): CodeIgniter\CodeIgniter->handleRequest(null, Object(Config\Cache), false)
 9 SYSTEMPATH/Boot.php(334): CodeIgniter\CodeIgniter->run()
10 SYSTEMPATH/Boot.php(67): CodeIgniter\Boot::runCodeIgniter(Object(CodeIgniter\CodeIgniter))
11 FCPATH/index.php(56): CodeIgniter\Boot::bootWeb(Object(Config\Paths))
12 SYSTEMPATH/rewrite.php(44): require_once('/Users/richard/ProyectosActivos/rockstar/public/index.php')
CRITICAL - 2025-03-26 14:02:00 --> ErrorException: finfo_file(/private/var/folders/bv/ng8x0s8s7m9djm0fjck038yw0000gn/T/php74i06tuhmqu47xG93mU): Failed to open stream: No such file or directory
[Method: POST, Route: upload/upload]
in SYSTEMPATH/Files/File.php on line 137.
 1 [internal function]: CodeIgniter\Debug\Exceptions->errorHandler(2, 'finfo_file(/private/var/folders/bv/ng8x0s8s7m9djm0fjck038yw0000gn/T/php74i06tuhmqu47xG93mU): Failed to open stream: No such file or directory', '/Users/richard/ProyectosActivos/rockstar/system/Files/File.php', 137)
 2 SYSTEMPATH/Files/File.php(137): finfo_file(Object(finfo), '/private/var/folders/bv/ng8x0s8s7m9djm0fjck038yw0000gn/T/php74i06tuhmqu47xG93mU')
 3 SYSTEMPATH/HTTP/Files/UploadedFile.php(318): CodeIgniter\Files\File->getMimeType()
 4 SYSTEMPATH/HTTP/Files/UploadedFile.php(305): CodeIgniter\HTTP\Files\UploadedFile->guessExtension()
 5 SYSTEMPATH/Files/File.php(149): CodeIgniter\HTTP\Files\UploadedFile->getExtension()
 6 SYSTEMPATH/HTTP/Files/UploadedFile.php(354): CodeIgniter\Files\File->getRandomName()
 7 APPPATH/Controllers/Upload.php(34): CodeIgniter\HTTP\Files\UploadedFile->store()
 8 SYSTEMPATH/CodeIgniter.php(933): App\Controllers\Upload->upload()
 9 SYSTEMPATH/CodeIgniter.php(507): CodeIgniter\CodeIgniter->runController(Object(App\Controllers\Upload))
10 SYSTEMPATH/CodeIgniter.php(354): CodeIgniter\CodeIgniter->handleRequest(null, Object(Config\Cache), false)
11 SYSTEMPATH/Boot.php(334): CodeIgniter\CodeIgniter->run()
12 SYSTEMPATH/Boot.php(67): CodeIgniter\Boot::runCodeIgniter(Object(CodeIgniter\CodeIgniter))
13 FCPATH/index.php(56): CodeIgniter\Boot::bootWeb(Object(Config\Paths))
14 SYSTEMPATH/rewrite.php(44): require_once('/Users/richard/ProyectosActivos/rockstar/public/index.php')
CRITICAL - 2025-03-26 14:02:19 --> ErrorException: finfo_file(/private/var/folders/bv/ng8x0s8s7m9djm0fjck038yw0000gn/T/phpchm54i9qheop62vl32W): Failed to open stream: No such file or directory
[Method: POST, Route: upload/upload]
in SYSTEMPATH/Files/File.php on line 137.
 1 [internal function]: CodeIgniter\Debug\Exceptions->errorHandler(2, 'finfo_file(/private/var/folders/bv/ng8x0s8s7m9djm0fjck038yw0000gn/T/phpchm54i9qheop62vl32W): Failed to open stream: No such file or directory', '/Users/richard/ProyectosActivos/rockstar/system/Files/File.php', 137)
 2 SYSTEMPATH/Files/File.php(137): finfo_file(Object(finfo), '/private/var/folders/bv/ng8x0s8s7m9djm0fjck038yw0000gn/T/phpchm54i9qheop62vl32W')
 3 SYSTEMPATH/HTTP/Files/UploadedFile.php(318): CodeIgniter\Files\File->getMimeType()
 4 SYSTEMPATH/HTTP/Files/UploadedFile.php(305): CodeIgniter\HTTP\Files\UploadedFile->guessExtension()
 5 SYSTEMPATH/Files/File.php(149): CodeIgniter\HTTP\Files\UploadedFile->getExtension()
 6 SYSTEMPATH/HTTP/Files/UploadedFile.php(354): CodeIgniter\Files\File->getRandomName()
 7 APPPATH/Controllers/Upload.php(34): CodeIgniter\HTTP\Files\UploadedFile->store()
 8 SYSTEMPATH/CodeIgniter.php(933): App\Controllers\Upload->upload()
 9 SYSTEMPATH/CodeIgniter.php(507): CodeIgniter\CodeIgniter->runController(Object(App\Controllers\Upload))
10 SYSTEMPATH/CodeIgniter.php(354): CodeIgniter\CodeIgniter->handleRequest(null, Object(Config\Cache), false)
11 SYSTEMPATH/Boot.php(334): CodeIgniter\CodeIgniter->run()
12 SYSTEMPATH/Boot.php(67): CodeIgniter\Boot::runCodeIgniter(Object(CodeIgniter\CodeIgniter))
13 FCPATH/index.php(56): CodeIgniter\Boot::bootWeb(Object(Config\Paths))
14 SYSTEMPATH/rewrite.php(44): require_once('/Users/richard/ProyectosActivos/rockstar/public/index.php')
CRITICAL - 2025-03-26 14:03:57 --> Error: Cannot access protected property CodeIgniter\HTTP\Files\UploadedFile::$name
[Method: POST, Route: upload/upload]
in APPPATH/Controllers/Upload.php on line 34.
 1 SYSTEMPATH/CodeIgniter.php(933): App\Controllers\Upload->upload()
 2 SYSTEMPATH/CodeIgniter.php(507): CodeIgniter\CodeIgniter->runController(Object(App\Controllers\Upload))
 3 SYSTEMPATH/CodeIgniter.php(354): CodeIgniter\CodeIgniter->handleRequest(null, Object(Config\Cache), false)
 4 SYSTEMPATH/Boot.php(334): CodeIgniter\CodeIgniter->run()
 5 SYSTEMPATH/Boot.php(67): CodeIgniter\Boot::runCodeIgniter(Object(CodeIgniter\CodeIgniter))
 6 FCPATH/index.php(56): CodeIgniter\Boot::bootWeb(Object(Config\Paths))
 7 SYSTEMPATH/rewrite.php(44): require_once('/Users/richard/ProyectosActivos/rockstar/public/index.php')
CRITICAL - 2025-03-26 14:04:37 --> ErrorException: mkdir(): Not a directory
[Method: POST, Route: upload/upload]
in SYSTEMPATH/HTTP/Files/UploadedFile.php on line 181.
 1 [internal function]: CodeIgniter\Debug\Exceptions->errorHandler(2, 'mkdir(): Not a directory', '/Users/richard/ProyectosActivos/rockstar/system/HTTP/Files/UploadedFile.php', 181)
 2 SYSTEMPATH/HTTP/Files/UploadedFile.php(181): mkdir('/Users/richard/ProyectosActivos/rockstar/writable/uploads/20250326/1743019477_10b3a7cce19764a991ce.pdf/', 511, true)
 3 SYSTEMPATH/HTTP/Files/UploadedFile.php(135): CodeIgniter\HTTP\Files\UploadedFile->setPath('/Users/richard/ProyectosActivos/rockstar/writable/uploads/20250326/1743019477_10b3a7cce19764a991ce.pdf/')
 4 APPPATH/Controllers/Upload.php(35): CodeIgniter\HTTP\Files\UploadedFile->move('/Users/richard/ProyectosActivos/rockstar/writable/uploads/20250326/1743019477_10b3a7cce19764a991ce.pdf/', '/Users/richard/ProyectosActivos/rockstar/writable/uploads/x/1743019477_10b3a7cce19764a991ce.pdf')
 5 SYSTEMPATH/CodeIgniter.php(933): App\Controllers\Upload->upload()
 6 SYSTEMPATH/CodeIgniter.php(507): CodeIgniter\CodeIgniter->runController(Object(App\Controllers\Upload))
 7 SYSTEMPATH/CodeIgniter.php(354): CodeIgniter\CodeIgniter->handleRequest(null, Object(Config\Cache), false)
 8 SYSTEMPATH/Boot.php(334): CodeIgniter\CodeIgniter->run()
 9 SYSTEMPATH/Boot.php(67): CodeIgniter\Boot::runCodeIgniter(Object(CodeIgniter\CodeIgniter))
10 FCPATH/index.php(56): CodeIgniter\Boot::bootWeb(Object(Config\Paths))
11 SYSTEMPATH/rewrite.php(44): require_once('/Users/richard/ProyectosActivos/rockstar/public/index.php')
CRITICAL - 2025-03-26 14:05:10 --> ErrorException: mkdir(): Not a directory
[Method: POST, Route: upload/upload]
in SYSTEMPATH/HTTP/Files/UploadedFile.php on line 181.
 1 [internal function]: CodeIgniter\Debug\Exceptions->errorHandler(2, 'mkdir(): Not a directory', '/Users/richard/ProyectosActivos/rockstar/system/HTTP/Files/UploadedFile.php', 181)
 2 SYSTEMPATH/HTTP/Files/UploadedFile.php(181): mkdir('/Users/richard/ProyectosActivos/rockstar/writable/uploads/20250326/1743019510_f061c4eebbd1a81b932a.pdf/', 511, true)
 3 SYSTEMPATH/HTTP/Files/UploadedFile.php(135): CodeIgniter\HTTP\Files\UploadedFile->setPath('/Users/richard/ProyectosActivos/rockstar/writable/uploads/20250326/1743019510_f061c4eebbd1a81b932a.pdf/')
 4 APPPATH/Controllers/Upload.php(35): CodeIgniter\HTTP\Files\UploadedFile->move('/Users/richard/ProyectosActivos/rockstar/writable/uploads/20250326/1743019510_f061c4eebbd1a81b932a.pdf/', '/Users/richard/ProyectosActivos/rockstar/writable/uploads/x/1743019510_f061c4eebbd1a81b932a.pdf')
 5 SYSTEMPATH/CodeIgniter.php(933): App\Controllers\Upload->upload()
 6 SYSTEMPATH/CodeIgniter.php(507): CodeIgniter\CodeIgniter->runController(Object(App\Controllers\Upload))
 7 SYSTEMPATH/CodeIgniter.php(354): CodeIgniter\CodeIgniter->handleRequest(null, Object(Config\Cache), false)
 8 SYSTEMPATH/Boot.php(334): CodeIgniter\CodeIgniter->run()
 9 SYSTEMPATH/Boot.php(67): CodeIgniter\Boot::runCodeIgniter(Object(CodeIgniter\CodeIgniter))
10 FCPATH/index.php(56): CodeIgniter\Boot::bootWeb(Object(Config\Paths))
11 SYSTEMPATH/rewrite.php(44): require_once('/Users/richard/ProyectosActivos/rockstar/public/index.php')
CRITICAL - 2025-03-26 14:05:51 --> ErrorException: mkdir(): Not a directory
[Method: POST, Route: upload/upload]
in SYSTEMPATH/HTTP/Files/UploadedFile.php on line 181.
 1 [internal function]: CodeIgniter\Debug\Exceptions->errorHandler(2, 'mkdir(): Not a directory', '/Users/richard/ProyectosActivos/rockstar/system/HTTP/Files/UploadedFile.php', 181)
 2 SYSTEMPATH/HTTP/Files/UploadedFile.php(181): mkdir('/Users/richard/ProyectosActivos/rockstar/writable/uploads/20250326/1743019551_326e31e19fb7f5e2e6e6.pdf/', 511, true)
 3 SYSTEMPATH/HTTP/Files/UploadedFile.php(135): CodeIgniter\HTTP\Files\UploadedFile->setPath('/Users/richard/ProyectosActivos/rockstar/writable/uploads/20250326/1743019551_326e31e19fb7f5e2e6e6.pdf/')
 4 APPPATH/Controllers/Upload.php(35): CodeIgniter\HTTP\Files\UploadedFile->move('/Users/richard/ProyectosActivos/rockstar/writable/uploads/20250326/1743019551_326e31e19fb7f5e2e6e6.pdf/', '/Users/richard/ProyectosActivos/rockstar/writable/uploads/x/1743019551_326e31e19fb7f5e2e6e6.pdf')
 5 SYSTEMPATH/CodeIgniter.php(933): App\Controllers\Upload->upload()
 6 SYSTEMPATH/CodeIgniter.php(507): CodeIgniter\CodeIgniter->runController(Object(App\Controllers\Upload))
 7 SYSTEMPATH/CodeIgniter.php(354): CodeIgniter\CodeIgniter->handleRequest(null, Object(Config\Cache), false)
 8 SYSTEMPATH/Boot.php(334): CodeIgniter\CodeIgniter->run()
 9 SYSTEMPATH/Boot.php(67): CodeIgniter\Boot::runCodeIgniter(Object(CodeIgniter\CodeIgniter))
10 FCPATH/index.php(56): CodeIgniter\Boot::bootWeb(Object(Config\Paths))
11 SYSTEMPATH/rewrite.php(44): require_once('/Users/richard/ProyectosActivos/rockstar/public/index.php')
CRITICAL - 2025-03-26 14:06:25 --> ErrorException: mkdir(): Not a directory
[Method: POST, Route: upload/upload]
in SYSTEMPATH/HTTP/Files/UploadedFile.php on line 181.
 1 [internal function]: CodeIgniter\Debug\Exceptions->errorHandler(2, 'mkdir(): Not a directory', '/Users/richard/ProyectosActivos/rockstar/system/HTTP/Files/UploadedFile.php', 181)
 2 SYSTEMPATH/HTTP/Files/UploadedFile.php(181): mkdir('/Users/richard/ProyectosActivos/rockstar/writable/uploads/20250326/1743019585_7a931cf316fe9fce020f.pdf/', 511, true)
 3 SYSTEMPATH/HTTP/Files/UploadedFile.php(135): CodeIgniter\HTTP\Files\UploadedFile->setPath('/Users/richard/ProyectosActivos/rockstar/writable/uploads/20250326/1743019585_7a931cf316fe9fce020f.pdf/')
 4 APPPATH/Controllers/Upload.php(35): CodeIgniter\HTTP\Files\UploadedFile->move('/Users/richard/ProyectosActivos/rockstar/writable/uploads/20250326/1743019585_7a931cf316fe9fce020f.pdf/', '/Users/richard/ProyectosActivos/rockstar/public/uploads/1743019585_7a931cf316fe9fce020f.pdf')
 5 SYSTEMPATH/CodeIgniter.php(933): App\Controllers\Upload->upload()
 6 SYSTEMPATH/CodeIgniter.php(507): CodeIgniter\CodeIgniter->runController(Object(App\Controllers\Upload))
 7 SYSTEMPATH/CodeIgniter.php(354): CodeIgniter\CodeIgniter->handleRequest(null, Object(Config\Cache), false)
 8 SYSTEMPATH/Boot.php(334): CodeIgniter\CodeIgniter->run()
 9 SYSTEMPATH/Boot.php(67): CodeIgniter\Boot::runCodeIgniter(Object(CodeIgniter\CodeIgniter))
10 FCPATH/index.php(56): CodeIgniter\Boot::bootWeb(Object(Config\Paths))
11 SYSTEMPATH/rewrite.php(44): require_once('/Users/richard/ProyectosActivos/rockstar/public/index.php')
CRITICAL - 2025-03-26 14:07:21 --> CodeIgniter\HTTP\Exceptions\HTTPException: The uploaded file has already been moved.
[Method: POST, Route: upload/upload]
in SYSTEMPATH/HTTP/Files/UploadedFile.php on line 138.
 1 SYSTEMPATH/HTTP/Files/UploadedFile.php(138): CodeIgniter\HTTP\Exceptions\HTTPException::forAlreadyMoved()
 2 APPPATH/Controllers/Upload.php(35): CodeIgniter\HTTP\Files\UploadedFile->move('/Users/richard/ProyectosActivos/rockstar/public/uploads/1743019641_39b68a2028594a6adf71.pdf/')
 3 SYSTEMPATH/CodeIgniter.php(933): App\Controllers\Upload->upload()
 4 SYSTEMPATH/CodeIgniter.php(507): CodeIgniter\CodeIgniter->runController(Object(App\Controllers\Upload))
 5 SYSTEMPATH/CodeIgniter.php(354): CodeIgniter\CodeIgniter->handleRequest(null, Object(Config\Cache), false)
 6 SYSTEMPATH/Boot.php(334): CodeIgniter\CodeIgniter->run()
 7 SYSTEMPATH/Boot.php(67): CodeIgniter\Boot::runCodeIgniter(Object(CodeIgniter\CodeIgniter))
 8 FCPATH/index.php(56): CodeIgniter\Boot::bootWeb(Object(Config\Paths))
 9 SYSTEMPATH/rewrite.php(44): require_once('/Users/richard/ProyectosActivos/rockstar/public/index.php')
CRITICAL - 2025-03-26 14:09:19 --> CodeIgniter\HTTP\Exceptions\HTTPException: The uploaded file has already been moved.
[Method: POST, Route: upload/upload]
in SYSTEMPATH/HTTP/Files/UploadedFile.php on line 138.
 1 SYSTEMPATH/HTTP/Files/UploadedFile.php(138): CodeIgniter\HTTP\Exceptions\HTTPException::forAlreadyMoved()
 2 APPPATH/Controllers/Upload.php(35): CodeIgniter\HTTP\Files\UploadedFile->move('/Users/richard/ProyectosActivos/rockstar/public/uploads/1743019759_6d927c05ea24b7d38cde.pdf/')
 3 SYSTEMPATH/CodeIgniter.php(933): App\Controllers\Upload->upload()
 4 SYSTEMPATH/CodeIgniter.php(507): CodeIgniter\CodeIgniter->runController(Object(App\Controllers\Upload))
 5 SYSTEMPATH/CodeIgniter.php(354): CodeIgniter\CodeIgniter->handleRequest(null, Object(Config\Cache), false)
 6 SYSTEMPATH/Boot.php(334): CodeIgniter\CodeIgniter->run()
 7 SYSTEMPATH/Boot.php(67): CodeIgniter\Boot::runCodeIgniter(Object(CodeIgniter\CodeIgniter))
 8 FCPATH/index.php(56): CodeIgniter\Boot::bootWeb(Object(Config\Paths))
 9 SYSTEMPATH/rewrite.php(44): require_once('/Users/richard/ProyectosActivos/rockstar/public/index.php')
CRITICAL - 2025-03-26 14:10:19 --> CodeIgniter\HTTP\Exceptions\HTTPException: The uploaded file has already been moved.
[Method: POST, Route: upload/upload]
in SYSTEMPATH/HTTP/Files/UploadedFile.php on line 138.
 1 SYSTEMPATH/HTTP/Files/UploadedFile.php(138): CodeIgniter\HTTP\Exceptions\HTTPException::forAlreadyMoved()
 2 APPPATH/Controllers/Upload.php(35): CodeIgniter\HTTP\Files\UploadedFile->move('/Users/richard/ProyectosActivos/rockstar/writable/uploads/1743019819_380423b9a5bcac6d0e63.pdf/')
 3 SYSTEMPATH/CodeIgniter.php(933): App\Controllers\Upload->upload()
 4 SYSTEMPATH/CodeIgniter.php(507): CodeIgniter\CodeIgniter->runController(Object(App\Controllers\Upload))
 5 SYSTEMPATH/CodeIgniter.php(354): CodeIgniter\CodeIgniter->handleRequest(null, Object(Config\Cache), false)
 6 SYSTEMPATH/Boot.php(334): CodeIgniter\CodeIgniter->run()
 7 SYSTEMPATH/Boot.php(67): CodeIgniter\Boot::runCodeIgniter(Object(CodeIgniter\CodeIgniter))
 8 FCPATH/index.php(56): CodeIgniter\Boot::bootWeb(Object(Config\Paths))
 9 SYSTEMPATH/rewrite.php(44): require_once('/Users/richard/ProyectosActivos/rockstar/public/index.php')
CRITICAL - 2025-03-26 14:10:22 --> CodeIgniter\HTTP\Exceptions\HTTPException: The uploaded file has already been moved.
[Method: POST, Route: upload/upload]
in SYSTEMPATH/HTTP/Files/UploadedFile.php on line 138.
 1 SYSTEMPATH/HTTP/Files/UploadedFile.php(138): CodeIgniter\HTTP\Exceptions\HTTPException::forAlreadyMoved()
 2 APPPATH/Controllers/Upload.php(35): CodeIgniter\HTTP\Files\UploadedFile->move('/Users/richard/ProyectosActivos/rockstar/writable/uploads/1743019822_d4e2ceea8662deb73cd0.pdf/')
 3 SYSTEMPATH/CodeIgniter.php(933): App\Controllers\Upload->upload()
 4 SYSTEMPATH/CodeIgniter.php(507): CodeIgniter\CodeIgniter->runController(Object(App\Controllers\Upload))
 5 SYSTEMPATH/CodeIgniter.php(354): CodeIgniter\CodeIgniter->handleRequest(null, Object(Config\Cache), false)
 6 SYSTEMPATH/Boot.php(334): CodeIgniter\CodeIgniter->run()
 7 SYSTEMPATH/Boot.php(67): CodeIgniter\Boot::runCodeIgniter(Object(CodeIgniter\CodeIgniter))
 8 FCPATH/index.php(56): CodeIgniter\Boot::bootWeb(Object(Config\Paths))
 9 SYSTEMPATH/rewrite.php(44): require_once('/Users/richard/ProyectosActivos/rockstar/public/index.php')
CRITICAL - 2025-03-26 14:10:41 --> ErrorException: mkdir(): Not a directory
[Method: POST, Route: upload/upload]
in SYSTEMPATH/HTTP/Files/UploadedFile.php on line 181.
 1 [internal function]: CodeIgniter\Debug\Exceptions->errorHandler(2, 'mkdir(): Not a directory', '/Users/richard/ProyectosActivos/rockstar/system/HTTP/Files/UploadedFile.php', 181)
 2 SYSTEMPATH/HTTP/Files/UploadedFile.php(181): mkdir('/Users/richard/ProyectosActivos/rockstar/writable/uploads/20250326/1743019841_ce8263f32e7c207a0dd1.pdf/', 511, true)
 3 SYSTEMPATH/HTTP/Files/UploadedFile.php(135): CodeIgniter\HTTP\Files\UploadedFile->setPath('/Users/richard/ProyectosActivos/rockstar/writable/uploads/20250326/1743019841_ce8263f32e7c207a0dd1.pdf/')
 4 APPPATH/Controllers/Upload.php(35): CodeIgniter\HTTP\Files\UploadedFile->move('/Users/richard/ProyectosActivos/rockstar/writable/uploads/20250326/1743019841_ce8263f32e7c207a0dd1.pdf/', '/Users/richard/ProyectosActivos/rockstar/writable/uploads/1743019841_ce8263f32e7c207a0dd1.pdf')
 5 SYSTEMPATH/CodeIgniter.php(933): App\Controllers\Upload->upload()
 6 SYSTEMPATH/CodeIgniter.php(507): CodeIgniter\CodeIgniter->runController(Object(App\Controllers\Upload))
 7 SYSTEMPATH/CodeIgniter.php(354): CodeIgniter\CodeIgniter->handleRequest(null, Object(Config\Cache), false)
 8 SYSTEMPATH/Boot.php(334): CodeIgniter\CodeIgniter->run()
 9 SYSTEMPATH/Boot.php(67): CodeIgniter\Boot::runCodeIgniter(Object(CodeIgniter\CodeIgniter))
10 FCPATH/index.php(56): CodeIgniter\Boot::bootWeb(Object(Config\Paths))
11 SYSTEMPATH/rewrite.php(44): require_once('/Users/richard/ProyectosActivos/rockstar/public/index.php')
CRITICAL - 2025-03-26 14:13:56 --> CodeIgniter\HTTP\Exceptions\HTTPException: The uploaded file has already been moved.
[Method: POST, Route: upload/upload]
in SYSTEMPATH/HTTP/Files/UploadedFile.php on line 138.
 1 SYSTEMPATH/HTTP/Files/UploadedFile.php(138): CodeIgniter\HTTP\Exceptions\HTTPException::forAlreadyMoved()
 2 APPPATH/Controllers/Upload.php(35): CodeIgniter\HTTP\Files\UploadedFile->move('/Users/richard/ProyectosActivos/rockstar/writable/uploads/')
 3 SYSTEMPATH/CodeIgniter.php(933): App\Controllers\Upload->upload()
 4 SYSTEMPATH/CodeIgniter.php(507): CodeIgniter\CodeIgniter->runController(Object(App\Controllers\Upload))
 5 SYSTEMPATH/CodeIgniter.php(354): CodeIgniter\CodeIgniter->handleRequest(null, Object(Config\Cache), false)
 6 SYSTEMPATH/Boot.php(334): CodeIgniter\CodeIgniter->run()
 7 SYSTEMPATH/Boot.php(67): CodeIgniter\Boot::runCodeIgniter(Object(CodeIgniter\CodeIgniter))
 8 FCPATH/index.php(56): CodeIgniter\Boot::bootWeb(Object(Config\Paths))
 9 SYSTEMPATH/rewrite.php(44): require_once('/Users/richard/ProyectosActivos/rockstar/public/index.php')
CRITICAL - 2025-03-26 14:14:48 --> ErrorException: finfo_file(/private/var/folders/bv/ng8x0s8s7m9djm0fjck038yw0000gn/T/phpomva4d7igojq4DLlJKT): Failed to open stream: No such file or directory
[Method: POST, Route: upload/upload]
in SYSTEMPATH/Files/File.php on line 137.
 1 [internal function]: CodeIgniter\Debug\Exceptions->errorHandler(2, 'finfo_file(/private/var/folders/bv/ng8x0s8s7m9djm0fjck038yw0000gn/T/phpomva4d7igojq4DLlJKT): Failed to open stream: No such file or directory', '/Users/richard/ProyectosActivos/rockstar/system/Files/File.php', 137)
 2 SYSTEMPATH/Files/File.php(137): finfo_file(Object(finfo), '/private/var/folders/bv/ng8x0s8s7m9djm0fjck038yw0000gn/T/phpomva4d7igojq4DLlJKT')
 3 SYSTEMPATH/HTTP/Files/UploadedFile.php(318): CodeIgniter\Files\File->getMimeType()
 4 SYSTEMPATH/HTTP/Files/UploadedFile.php(305): CodeIgniter\HTTP\Files\UploadedFile->guessExtension()
 5 SYSTEMPATH/Files/File.php(149): CodeIgniter\HTTP\Files\UploadedFile->getExtension()
 6 APPPATH/Controllers/Upload.php(35): CodeIgniter\Files\File->getRandomName()
 7 SYSTEMPATH/CodeIgniter.php(933): App\Controllers\Upload->upload()
 8 SYSTEMPATH/CodeIgniter.php(507): CodeIgniter\CodeIgniter->runController(Object(App\Controllers\Upload))
 9 SYSTEMPATH/CodeIgniter.php(354): CodeIgniter\CodeIgniter->handleRequest(null, Object(Config\Cache), false)
10 SYSTEMPATH/Boot.php(334): CodeIgniter\CodeIgniter->run()
11 SYSTEMPATH/Boot.php(67): CodeIgniter\Boot::runCodeIgniter(Object(CodeIgniter\CodeIgniter))
12 FCPATH/index.php(56): CodeIgniter\Boot::bootWeb(Object(Config\Paths))
13 SYSTEMPATH/rewrite.php(44): require_once('/Users/richard/ProyectosActivos/rockstar/public/index.php')
CRITICAL - 2025-03-26 14:16:45 --> ErrorException: finfo_file(/private/var/folders/bv/ng8x0s8s7m9djm0fjck038yw0000gn/T/phpde06chbjh6p94GFNQDt): Failed to open stream: No such file or directory
[Method: POST, Route: upload/upload]
in SYSTEMPATH/Files/File.php on line 137.
 1 [internal function]: CodeIgniter\Debug\Exceptions->errorHandler(2, 'finfo_file(/private/var/folders/bv/ng8x0s8s7m9djm0fjck038yw0000gn/T/phpde06chbjh6p94GFNQDt): Failed to open stream: No such file or directory', '/Users/richard/ProyectosActivos/rockstar/system/Files/File.php', 137)
 2 SYSTEMPATH/Files/File.php(137): finfo_file(Object(finfo), '/private/var/folders/bv/ng8x0s8s7m9djm0fjck038yw0000gn/T/phpde06chbjh6p94GFNQDt')
 3 SYSTEMPATH/HTTP/Files/UploadedFile.php(318): CodeIgniter\Files\File->getMimeType()
 4 SYSTEMPATH/HTTP/Files/UploadedFile.php(305): CodeIgniter\HTTP\Files\UploadedFile->guessExtension()
 5 SYSTEMPATH/Files/File.php(149): CodeIgniter\HTTP\Files\UploadedFile->getExtension()
 6 APPPATH/Controllers/Upload.php(35): CodeIgniter\Files\File->getRandomName()
 7 SYSTEMPATH/CodeIgniter.php(933): App\Controllers\Upload->upload()
 8 SYSTEMPATH/CodeIgniter.php(507): CodeIgniter\CodeIgniter->runController(Object(App\Controllers\Upload))
 9 SYSTEMPATH/CodeIgniter.php(354): CodeIgniter\CodeIgniter->handleRequest(null, Object(Config\Cache), false)
10 SYSTEMPATH/Boot.php(334): CodeIgniter\CodeIgniter->run()
11 SYSTEMPATH/Boot.php(67): CodeIgniter\Boot::runCodeIgniter(Object(CodeIgniter\CodeIgniter))
12 FCPATH/index.php(56): CodeIgniter\Boot::bootWeb(Object(Config\Paths))
13 SYSTEMPATH/rewrite.php(44): require_once('/Users/richard/ProyectosActivos/rockstar/public/index.php')
CRITICAL - 2025-03-26 14:17:11 --> ErrorException: finfo_file(/private/var/folders/bv/ng8x0s8s7m9djm0fjck038yw0000gn/T/php3f4ns5um9spp5Tu1udi): Failed to open stream: No such file or directory
[Method: POST, Route: upload/upload]
in SYSTEMPATH/Files/File.php on line 137.
 1 [internal function]: CodeIgniter\Debug\Exceptions->errorHandler(2, 'finfo_file(/private/var/folders/bv/ng8x0s8s7m9djm0fjck038yw0000gn/T/php3f4ns5um9spp5Tu1udi): Failed to open stream: No such file or directory', '/Users/richard/ProyectosActivos/rockstar/system/Files/File.php', 137)
 2 SYSTEMPATH/Files/File.php(137): finfo_file(Object(finfo), '/private/var/folders/bv/ng8x0s8s7m9djm0fjck038yw0000gn/T/php3f4ns5um9spp5Tu1udi')
 3 SYSTEMPATH/HTTP/Files/UploadedFile.php(318): CodeIgniter\Files\File->getMimeType()
 4 SYSTEMPATH/HTTP/Files/UploadedFile.php(305): CodeIgniter\HTTP\Files\UploadedFile->guessExtension()
 5 SYSTEMPATH/Files/File.php(149): CodeIgniter\HTTP\Files\UploadedFile->getExtension()
 6 APPPATH/Controllers/Upload.php(35): CodeIgniter\Files\File->getRandomName()
 7 SYSTEMPATH/CodeIgniter.php(933): App\Controllers\Upload->upload()
 8 SYSTEMPATH/CodeIgniter.php(507): CodeIgniter\CodeIgniter->runController(Object(App\Controllers\Upload))
 9 SYSTEMPATH/CodeIgniter.php(354): CodeIgniter\CodeIgniter->handleRequest(null, Object(Config\Cache), false)
10 SYSTEMPATH/Boot.php(334): CodeIgniter\CodeIgniter->run()
11 SYSTEMPATH/Boot.php(67): CodeIgniter\Boot::runCodeIgniter(Object(CodeIgniter\CodeIgniter))
12 FCPATH/index.php(56): CodeIgniter\Boot::bootWeb(Object(Config\Paths))
13 SYSTEMPATH/rewrite.php(44): require_once('/Users/richard/ProyectosActivos/rockstar/public/index.php')
CRITICAL - 2025-03-26 14:19:32 --> ErrorException: finfo_file(/private/var/folders/bv/ng8x0s8s7m9djm0fjck038yw0000gn/T/phpfpvat8dcl5cp9Y7lgIx): Failed to open stream: No such file or directory
[Method: POST, Route: upload/upload]
in SYSTEMPATH/Files/File.php on line 137.
 1 [internal function]: CodeIgniter\Debug\Exceptions->errorHandler(2, 'finfo_file(/private/var/folders/bv/ng8x0s8s7m9djm0fjck038yw0000gn/T/phpfpvat8dcl5cp9Y7lgIx): Failed to open stream: No such file or directory', '/Users/richard/ProyectosActivos/rockstar/system/Files/File.php', 137)
 2 SYSTEMPATH/Files/File.php(137): finfo_file(Object(finfo), '/private/var/folders/bv/ng8x0s8s7m9djm0fjck038yw0000gn/T/phpfpvat8dcl5cp9Y7lgIx')
 3 SYSTEMPATH/HTTP/Files/UploadedFile.php(318): CodeIgniter\Files\File->getMimeType()
 4 SYSTEMPATH/HTTP/Files/UploadedFile.php(305): CodeIgniter\HTTP\Files\UploadedFile->guessExtension()
 5 SYSTEMPATH/Files/File.php(149): CodeIgniter\HTTP\Files\UploadedFile->getExtension()
 6 APPPATH/Controllers/Upload.php(34): CodeIgniter\Files\File->getRandomName()
 7 SYSTEMPATH/CodeIgniter.php(933): App\Controllers\Upload->upload()
 8 SYSTEMPATH/CodeIgniter.php(507): CodeIgniter\CodeIgniter->runController(Object(App\Controllers\Upload))
 9 SYSTEMPATH/CodeIgniter.php(354): CodeIgniter\CodeIgniter->handleRequest(null, Object(Config\Cache), false)
10 SYSTEMPATH/Boot.php(334): CodeIgniter\CodeIgniter->run()
11 SYSTEMPATH/Boot.php(67): CodeIgniter\Boot::runCodeIgniter(Object(CodeIgniter\CodeIgniter))
12 FCPATH/index.php(56): CodeIgniter\Boot::bootWeb(Object(Config\Paths))
13 SYSTEMPATH/rewrite.php(44): require_once('/Users/richard/ProyectosActivos/rockstar/public/index.php')
CRITICAL - 2025-03-26 14:20:22 --> ErrorException: finfo_file(/private/var/folders/bv/ng8x0s8s7m9djm0fjck038yw0000gn/T/phpgi9keued90n0fnlK4dY): Failed to open stream: No such file or directory
[Method: POST, Route: upload/upload]
in SYSTEMPATH/Files/File.php on line 137.
 1 [internal function]: CodeIgniter\Debug\Exceptions->errorHandler(2, 'finfo_file(/private/var/folders/bv/ng8x0s8s7m9djm0fjck038yw0000gn/T/phpgi9keued90n0fnlK4dY): Failed to open stream: No such file or directory', '/Users/richard/ProyectosActivos/rockstar/system/Files/File.php', 137)
 2 SYSTEMPATH/Files/File.php(137): finfo_file(Object(finfo), '/private/var/folders/bv/ng8x0s8s7m9djm0fjck038yw0000gn/T/phpgi9keued90n0fnlK4dY')
 3 SYSTEMPATH/HTTP/Files/UploadedFile.php(318): CodeIgniter\Files\File->getMimeType()
 4 SYSTEMPATH/HTTP/Files/UploadedFile.php(305): CodeIgniter\HTTP\Files\UploadedFile->guessExtension()
 5 SYSTEMPATH/Files/File.php(149): CodeIgniter\HTTP\Files\UploadedFile->getExtension()
 6 APPPATH/Controllers/Upload.php(36): CodeIgniter\Files\File->getRandomName()
 7 SYSTEMPATH/CodeIgniter.php(933): App\Controllers\Upload->upload()
 8 SYSTEMPATH/CodeIgniter.php(507): CodeIgniter\CodeIgniter->runController(Object(App\Controllers\Upload))
 9 SYSTEMPATH/CodeIgniter.php(354): CodeIgniter\CodeIgniter->handleRequest(null, Object(Config\Cache), false)
10 SYSTEMPATH/Boot.php(334): CodeIgniter\CodeIgniter->run()
11 SYSTEMPATH/Boot.php(67): CodeIgniter\Boot::runCodeIgniter(Object(CodeIgniter\CodeIgniter))
12 FCPATH/index.php(56): CodeIgniter\Boot::bootWeb(Object(Config\Paths))
13 SYSTEMPATH/rewrite.php(44): require_once('/Users/richard/ProyectosActivos/rockstar/public/index.php')
CRITICAL - 2025-03-26 14:20:46 --> ErrorException: rename(/Users/richard/ProyectosActivos/rockstar/writable/uploads/1743020446_78f3740ebeb084925a50.pdf,/Users/richard/ProyectosActivos/rockstar/writable/uploads/): No such file or directory
[Method: POST, Route: upload/upload]
in APPPATH/Controllers/Upload.php on line 36.
 1 [internal function]: CodeIgniter\Debug\Exceptions->errorHandler(2, 'rename(/Users/richard/ProyectosActivos/rockstar/writable/uploads/1743020446_78f3740ebeb084925a50.pdf,/Users/richard/ProyectosActivos/rockstar/writable/uploads/): No such file or directory', '/Users/richard/ProyectosActivos/rockstar/app/Controllers/Upload.php', 36)
 2 APPPATH/Controllers/Upload.php(36): rename('/Users/richard/ProyectosActivos/rockstar/writable/uploads/1743020446_78f3740ebeb084925a50.pdf', '/Users/richard/ProyectosActivos/rockstar/writable/uploads/')
 3 SYSTEMPATH/CodeIgniter.php(933): App\Controllers\Upload->upload()
 4 SYSTEMPATH/CodeIgniter.php(507): CodeIgniter\CodeIgniter->runController(Object(App\Controllers\Upload))
 5 SYSTEMPATH/CodeIgniter.php(354): CodeIgniter\CodeIgniter->handleRequest(null, Object(Config\Cache), false)
 6 SYSTEMPATH/Boot.php(334): CodeIgniter\CodeIgniter->run()
 7 SYSTEMPATH/Boot.php(67): CodeIgniter\Boot::runCodeIgniter(Object(CodeIgniter\CodeIgniter))
 8 FCPATH/index.php(56): CodeIgniter\Boot::bootWeb(Object(Config\Paths))
 9 SYSTEMPATH/rewrite.php(44): require_once('/Users/richard/ProyectosActivos/rockstar/public/index.php')
CRITICAL - 2025-03-26 14:24:12 --> ErrorException: rename(/Users/richard/ProyectosActivos/rockstar/writable/uploads/1743020652_1173fbd8918200f46d9f.pdf,/Users/richard/ProyectosActivos/rockstar/public/uploads/): No such file or directory
[Method: POST, Route: upload/upload]
in APPPATH/Controllers/Upload.php on line 36.
 1 [internal function]: CodeIgniter\Debug\Exceptions->errorHandler(2, 'rename(/Users/richard/ProyectosActivos/rockstar/writable/uploads/1743020652_1173fbd8918200f46d9f.pdf,/Users/richard/ProyectosActivos/rockstar/public/uploads/): No such file or directory', '/Users/richard/ProyectosActivos/rockstar/app/Controllers/Upload.php', 36)
 2 APPPATH/Controllers/Upload.php(36): rename('/Users/richard/ProyectosActivos/rockstar/writable/uploads/1743020652_1173fbd8918200f46d9f.pdf', '/Users/richard/ProyectosActivos/rockstar/public/uploads/')
 3 SYSTEMPATH/CodeIgniter.php(933): App\Controllers\Upload->upload()
 4 SYSTEMPATH/CodeIgniter.php(507): CodeIgniter\CodeIgniter->runController(Object(App\Controllers\Upload))
 5 SYSTEMPATH/CodeIgniter.php(354): CodeIgniter\CodeIgniter->handleRequest(null, Object(Config\Cache), false)
 6 SYSTEMPATH/Boot.php(334): CodeIgniter\CodeIgniter->run()
 7 SYSTEMPATH/Boot.php(67): CodeIgniter\Boot::runCodeIgniter(Object(CodeIgniter\CodeIgniter))
 8 FCPATH/index.php(56): CodeIgniter\Boot::bootWeb(Object(Config\Paths))
 9 SYSTEMPATH/rewrite.php(44): require_once('/Users/richard/ProyectosActivos/rockstar/public/index.php')
CRITICAL - 2025-03-26 14:25:20 --> ErrorException: rename(/Users/richard/ProyectosActivos/rockstar/writable/uploads/20250326/1743020720_a3745ce17fa0d6788022.pdf,/Users/richard/ProyectosActivos/rockstar/public/uploads/): Is a directory
[Method: POST, Route: upload/upload]
in APPPATH/Controllers/Upload.php on line 35.
 1 [internal function]: CodeIgniter\Debug\Exceptions->errorHandler(2, 'rename(/Users/richard/ProyectosActivos/rockstar/writable/uploads/20250326/1743020720_a3745ce17fa0d6788022.pdf,/Users/richard/ProyectosActivos/rockstar/public/uploads/): Is a directory', '/Users/richard/ProyectosActivos/rockstar/app/Controllers/Upload.php', 35)
 2 APPPATH/Controllers/Upload.php(35): rename('/Users/richard/ProyectosActivos/rockstar/writable/uploads/20250326/1743020720_a3745ce17fa0d6788022.pdf', '/Users/richard/ProyectosActivos/rockstar/public/uploads/')
 3 SYSTEMPATH/CodeIgniter.php(933): App\Controllers\Upload->upload()
 4 SYSTEMPATH/CodeIgniter.php(507): CodeIgniter\CodeIgniter->runController(Object(App\Controllers\Upload))
 5 SYSTEMPATH/CodeIgniter.php(354): CodeIgniter\CodeIgniter->handleRequest(null, Object(Config\Cache), false)
 6 SYSTEMPATH/Boot.php(334): CodeIgniter\CodeIgniter->run()
 7 SYSTEMPATH/Boot.php(67): CodeIgniter\Boot::runCodeIgniter(Object(CodeIgniter\CodeIgniter))
 8 FCPATH/index.php(56): CodeIgniter\Boot::bootWeb(Object(Config\Paths))
 9 SYSTEMPATH/rewrite.php(44): require_once('/Users/richard/ProyectosActivos/rockstar/public/index.php')
CRITICAL - 2025-03-26 14:26:14 --> ErrorException: finfo_file(/private/var/folders/bv/ng8x0s8s7m9djm0fjck038yw0000gn/T/phplhmodeioldvh03TNNcr): Failed to open stream: No such file or directory
[Method: POST, Route: upload/upload]
in SYSTEMPATH/Files/File.php on line 137.
 1 [internal function]: CodeIgniter\Debug\Exceptions->errorHandler(2, 'finfo_file(/private/var/folders/bv/ng8x0s8s7m9djm0fjck038yw0000gn/T/phplhmodeioldvh03TNNcr): Failed to open stream: No such file or directory', '/Users/richard/ProyectosActivos/rockstar/system/Files/File.php', 137)
 2 SYSTEMPATH/Files/File.php(137): finfo_file(Object(finfo), '/private/var/folders/bv/ng8x0s8s7m9djm0fjck038yw0000gn/T/phplhmodeioldvh03TNNcr')
 3 SYSTEMPATH/HTTP/Files/UploadedFile.php(318): CodeIgniter\Files\File->getMimeType()
 4 SYSTEMPATH/HTTP/Files/UploadedFile.php(305): CodeIgniter\HTTP\Files\UploadedFile->guessExtension()
 5 SYSTEMPATH/Files/File.php(149): CodeIgniter\HTTP\Files\UploadedFile->getExtension()
 6 APPPATH/Controllers/Upload.php(35): CodeIgniter\Files\File->getRandomName()
 7 SYSTEMPATH/CodeIgniter.php(933): App\Controllers\Upload->upload()
 8 SYSTEMPATH/CodeIgniter.php(507): CodeIgniter\CodeIgniter->runController(Object(App\Controllers\Upload))
 9 SYSTEMPATH/CodeIgniter.php(354): CodeIgniter\CodeIgniter->handleRequest(null, Object(Config\Cache), false)
10 SYSTEMPATH/Boot.php(334): CodeIgniter\CodeIgniter->run()
11 SYSTEMPATH/Boot.php(67): CodeIgniter\Boot::runCodeIgniter(Object(CodeIgniter\CodeIgniter))
12 FCPATH/index.php(56): CodeIgniter\Boot::bootWeb(Object(Config\Paths))
13 SYSTEMPATH/rewrite.php(44): require_once('/Users/richard/ProyectosActivos/rockstar/public/index.php')
