ERROR - 2025-05-13 11:11:06 --> Email: sendWithSmtp throwed ErrorException: fsockopen(): php_network_getaddresses: getaddrinfo for smtp.gmail.com failed: Host desconocido.  in C:\xampp\htdocs\rockstar\rockstar\system\Email\Email.php:1898
Stack trace:
#0 [internal function]: CodeIgniter\Debug\Exceptions->errorHandler(2, 'fsockopen(): ph...', 'C:\\xampp\\htdocs...', 1898)
#1 C:\xampp\htdocs\rockstar\rockstar\system\Email\Email.php(1898): fsockopen('smtp.gmail.com', 587, NULL, NULL, 5)
#2 C:\xampp\htdocs\rockstar\rockstar\system\Email\Email.php(1811): CodeIgniter\Email\Email->SMTPConnect()
#3 C:\xampp\htdocs\rockstar\rockstar\system\Email\Email.php(1696): CodeIgniter\Email\Email->sendWithSmtp()
#4 C:\xampp\htdocs\rockstar\rockstar\system\Email\Email.php(1591): CodeIgniter\Email\Email->spoolEmail()
#5 C:\xampp\htdocs\rockstar\rockstar\app\Controllers\Aspirante.php(125): CodeIgniter\Email\Email->send()
#6 C:\xampp\htdocs\rockstar\rockstar\system\CodeIgniter.php(933): App\Controllers\Aspirante->create()
#7 C:\xampp\htdocs\rockstar\rockstar\system\CodeIgniter.php(507): CodeIgniter\CodeIgniter->runController(Object(App\Controllers\Aspirante))
#8 C:\xampp\htdocs\rockstar\rockstar\system\CodeIgniter.php(354): CodeIgniter\CodeIgniter->handleRequest(NULL, Object(Config\Cache), false)
#9 C:\xampp\htdocs\rockstar\rockstar\system\Boot.php(334): CodeIgniter\CodeIgniter->run()
#10 C:\xampp\htdocs\rockstar\rockstar\system\Boot.php(67): CodeIgniter\Boot::runCodeIgniter(Object(CodeIgniter\CodeIgniter))
#11 C:\xampp\htdocs\rockstar\rockstar\public\index.php(56): CodeIgniter\Boot::bootWeb(Object(Config\Paths))
#12 C:\xampp\htdocs\rockstar\rockstar\system\rewrite.php(44): require_once('C:\\xampp\\htdocs...')
#13 {main}
ERROR - 2025-05-13 11:11:06 --> Email: Unable to send email using SMTP. Your server might not be configured to send mail using this method.
ERROR - 2025-05-13 11:11:06 --> 
ERROR - 2025-05-13 11:12:44 --> mysqli_sql_exception: Duplicate entry 'AUCY021231HOCQHHA0' for key 'users.username' in C:\xampp\htdocs\rockstar\rockstar\system\Database\MySQLi\Connection.php:327
Stack trace:
#0 C:\xampp\htdocs\rockstar\rockstar\system\Database\MySQLi\Connection.php(327): mysqli->query('INSERT INTO `us...', 0)
#1 C:\xampp\htdocs\rockstar\rockstar\system\Database\BaseConnection.php(738): CodeIgniter\Database\MySQLi\Connection->execute('INSERT INTO `us...')
#2 C:\xampp\htdocs\rockstar\rockstar\system\Database\BaseConnection.php(652): CodeIgniter\Database\BaseConnection->simpleQuery('INSERT INTO `us...')
#3 C:\xampp\htdocs\rockstar\rockstar\system\Database\BaseBuilder.php(2345): CodeIgniter\Database\BaseConnection->query('INSERT INTO `us...', Array, false)
#4 C:\xampp\htdocs\rockstar\rockstar\system\Model.php(394): CodeIgniter\Database\BaseBuilder->insert()
#5 C:\xampp\htdocs\rockstar\rockstar\system\BaseModel.php(839): CodeIgniter\Model->doInsert(Array)
#6 C:\xampp\htdocs\rockstar\rockstar\system\Model.php(800): CodeIgniter\BaseModel->insert(Array, false)
#7 C:\xampp\htdocs\rockstar\rockstar\vendor\codeigniter4\shield\src\Models\UserModel.php(270): CodeIgniter\Model->insert(Object(CodeIgniter\Shield\Entities\User), false)
#8 C:\xampp\htdocs\rockstar\rockstar\system\BaseModel.php(750): CodeIgniter\Shield\Models\UserModel->insert(Object(CodeIgniter\Shield\Entities\User), false)
#9 C:\xampp\htdocs\rockstar\rockstar\vendor\codeigniter4\shield\src\Models\UserModel.php(332): CodeIgniter\BaseModel->save(Object(CodeIgniter\Shield\Entities\User))
#10 C:\xampp\htdocs\rockstar\rockstar\app\Controllers\Aspirante.php(111): CodeIgniter\Shield\Models\UserModel->save(Object(CodeIgniter\Shield\Entities\User))
#11 C:\xampp\htdocs\rockstar\rockstar\system\CodeIgniter.php(933): App\Controllers\Aspirante->create()
#12 C:\xampp\htdocs\rockstar\rockstar\system\CodeIgniter.php(507): CodeIgniter\CodeIgniter->runController(Object(App\Controllers\Aspirante))
#13 C:\xampp\htdocs\rockstar\rockstar\system\CodeIgniter.php(354): CodeIgniter\CodeIgniter->handleRequest(NULL, Object(Config\Cache), false)
#14 C:\xampp\htdocs\rockstar\rockstar\system\Boot.php(334): CodeIgniter\CodeIgniter->run()
#15 C:\xampp\htdocs\rockstar\rockstar\system\Boot.php(67): CodeIgniter\Boot::runCodeIgniter(Object(CodeIgniter\CodeIgniter))
#16 C:\xampp\htdocs\rockstar\rockstar\public\index.php(56): CodeIgniter\Boot::bootWeb(Object(Config\Paths))
#17 C:\xampp\htdocs\rockstar\rockstar\system\rewrite.php(44): require_once('C:\\xampp\\htdocs...')
#18 {main}
ERROR - 2025-05-13 11:18:32 --> mysqli_sql_exception: Duplicate entry 'AUCY021231HOCQHHA0' for key 'users.username' in C:\xampp\htdocs\rockstar\rockstar\system\Database\MySQLi\Connection.php:327
Stack trace:
#0 C:\xampp\htdocs\rockstar\rockstar\system\Database\MySQLi\Connection.php(327): mysqli->query('INSERT INTO `us...', 0)
#1 C:\xampp\htdocs\rockstar\rockstar\system\Database\BaseConnection.php(738): CodeIgniter\Database\MySQLi\Connection->execute('INSERT INTO `us...')
#2 C:\xampp\htdocs\rockstar\rockstar\system\Database\BaseConnection.php(652): CodeIgniter\Database\BaseConnection->simpleQuery('INSERT INTO `us...')
#3 C:\xampp\htdocs\rockstar\rockstar\system\Database\BaseBuilder.php(2345): CodeIgniter\Database\BaseConnection->query('INSERT INTO `us...', Array, false)
#4 C:\xampp\htdocs\rockstar\rockstar\system\Model.php(394): CodeIgniter\Database\BaseBuilder->insert()
#5 C:\xampp\htdocs\rockstar\rockstar\system\BaseModel.php(839): CodeIgniter\Model->doInsert(Array)
#6 C:\xampp\htdocs\rockstar\rockstar\system\Model.php(800): CodeIgniter\BaseModel->insert(Array, false)
#7 C:\xampp\htdocs\rockstar\rockstar\vendor\codeigniter4\shield\src\Models\UserModel.php(270): CodeIgniter\Model->insert(Object(CodeIgniter\Shield\Entities\User), false)
#8 C:\xampp\htdocs\rockstar\rockstar\system\BaseModel.php(750): CodeIgniter\Shield\Models\UserModel->insert(Object(CodeIgniter\Shield\Entities\User), false)
#9 C:\xampp\htdocs\rockstar\rockstar\vendor\codeigniter4\shield\src\Models\UserModel.php(332): CodeIgniter\BaseModel->save(Object(CodeIgniter\Shield\Entities\User))
#10 C:\xampp\htdocs\rockstar\rockstar\app\Controllers\Aspirante.php(113): CodeIgniter\Shield\Models\UserModel->save(Object(CodeIgniter\Shield\Entities\User))
#11 C:\xampp\htdocs\rockstar\rockstar\system\CodeIgniter.php(933): App\Controllers\Aspirante->create()
#12 C:\xampp\htdocs\rockstar\rockstar\system\CodeIgniter.php(507): CodeIgniter\CodeIgniter->runController(Object(App\Controllers\Aspirante))
#13 C:\xampp\htdocs\rockstar\rockstar\system\CodeIgniter.php(354): CodeIgniter\CodeIgniter->handleRequest(NULL, Object(Config\Cache), false)
#14 C:\xampp\htdocs\rockstar\rockstar\system\Boot.php(334): CodeIgniter\CodeIgniter->run()
#15 C:\xampp\htdocs\rockstar\rockstar\system\Boot.php(67): CodeIgniter\Boot::runCodeIgniter(Object(CodeIgniter\CodeIgniter))
#16 C:\xampp\htdocs\rockstar\rockstar\public\index.php(56): CodeIgniter\Boot::bootWeb(Object(Config\Paths))
#17 C:\xampp\htdocs\rockstar\rockstar\system\rewrite.php(44): require_once('C:\\xampp\\htdocs...')
#18 {main}
CRITICAL - 2025-05-13 11:18:32 --> CodeIgniter\Database\Exceptions\DatabaseException: Duplicate entry 'AUCY021231HOCQHHA0' for key 'users.username'
[Method: POST, Route: guardar-aspirante]
in SYSTEMPATH\Database\BaseConnection.php on line 692.
 1 SYSTEMPATH\Database\BaseBuilder.php(2345): CodeIgniter\Database\BaseConnection->query('INSERT INTO `users` (`username`, `created_at`, `updated_at`) VALUES (:username:, :created_at:, :updated_at:)', [...], false)
 2 SYSTEMPATH\Model.php(394): CodeIgniter\Database\BaseBuilder->insert()
 3 SYSTEMPATH\BaseModel.php(839): CodeIgniter\Model->doInsert([...])
 4 SYSTEMPATH\Model.php(800): CodeIgniter\BaseModel->insert([...], false)
 5 VENDORPATH\codeigniter4\shield\src\Models\UserModel.php(270): CodeIgniter\Model->insert(Object(CodeIgniter\Shield\Entities\User), false)
 6 SYSTEMPATH\BaseModel.php(750): CodeIgniter\Shield\Models\UserModel->insert(Object(CodeIgniter\Shield\Entities\User), false)
 7 VENDORPATH\codeigniter4\shield\src\Models\UserModel.php(332): CodeIgniter\BaseModel->save(Object(CodeIgniter\Shield\Entities\User))
 8 APPPATH\Controllers\Aspirante.php(113): CodeIgniter\Shield\Models\UserModel->save(Object(CodeIgniter\Shield\Entities\User))
 9 SYSTEMPATH\CodeIgniter.php(933): App\Controllers\Aspirante->create()
10 SYSTEMPATH\CodeIgniter.php(507): CodeIgniter\CodeIgniter->runController(Object(App\Controllers\Aspirante))
11 SYSTEMPATH\CodeIgniter.php(354): CodeIgniter\CodeIgniter->handleRequest(null, Object(Config\Cache), false)
12 SYSTEMPATH\Boot.php(334): CodeIgniter\CodeIgniter->run()
13 SYSTEMPATH\Boot.php(67): CodeIgniter\Boot::runCodeIgniter(Object(CodeIgniter\CodeIgniter))
14 FCPATH\index.php(56): CodeIgniter\Boot::bootWeb(Object(Config\Paths))
15 SYSTEMPATH\rewrite.php(44): require_once('C:\\xampp\\htdocs\\rockstar\\rockstar\\public\\index.php')
CRITICAL - 2025-05-13 11:18:32 --> [Caused by] CodeIgniter\Database\Exceptions\DatabaseException: Duplicate entry 'AUCY021231HOCQHHA0' for key 'users.username'
in SYSTEMPATH\Database\MySQLi\Connection.php on line 332.
 1 SYSTEMPATH\Database\BaseConnection.php(738): CodeIgniter\Database\MySQLi\Connection->execute('INSERT INTO `users` (`username`, `created_at`, `updated_at`) VALUES (\'AUCY021231HOCQHHA0\', \'2025-05-13 11:18:32\', \'2025-05-13 11:18:32\')')
 2 SYSTEMPATH\Database\BaseConnection.php(652): CodeIgniter\Database\BaseConnection->simpleQuery('INSERT INTO `users` (`username`, `created_at`, `updated_at`) VALUES (\'AUCY021231HOCQHHA0\', \'2025-05-13 11:18:32\', \'2025-05-13 11:18:32\')')
 3 SYSTEMPATH\Database\BaseBuilder.php(2345): CodeIgniter\Database\BaseConnection->query('INSERT INTO `users` (`username`, `created_at`, `updated_at`) VALUES (:username:, :created_at:, :updated_at:)', [...], false)
 4 SYSTEMPATH\Model.php(394): CodeIgniter\Database\BaseBuilder->insert()
 5 SYSTEMPATH\BaseModel.php(839): CodeIgniter\Model->doInsert([...])
 6 SYSTEMPATH\Model.php(800): CodeIgniter\BaseModel->insert([...], false)
 7 VENDORPATH\codeigniter4\shield\src\Models\UserModel.php(270): CodeIgniter\Model->insert(Object(CodeIgniter\Shield\Entities\User), false)
 8 SYSTEMPATH\BaseModel.php(750): CodeIgniter\Shield\Models\UserModel->insert(Object(CodeIgniter\Shield\Entities\User), false)
 9 VENDORPATH\codeigniter4\shield\src\Models\UserModel.php(332): CodeIgniter\BaseModel->save(Object(CodeIgniter\Shield\Entities\User))
10 APPPATH\Controllers\Aspirante.php(113): CodeIgniter\Shield\Models\UserModel->save(Object(CodeIgniter\Shield\Entities\User))
11 SYSTEMPATH\CodeIgniter.php(933): App\Controllers\Aspirante->create()
12 SYSTEMPATH\CodeIgniter.php(507): CodeIgniter\CodeIgniter->runController(Object(App\Controllers\Aspirante))
13 SYSTEMPATH\CodeIgniter.php(354): CodeIgniter\CodeIgniter->handleRequest(null, Object(Config\Cache), false)
14 SYSTEMPATH\Boot.php(334): CodeIgniter\CodeIgniter->run()
15 SYSTEMPATH\Boot.php(67): CodeIgniter\Boot::runCodeIgniter(Object(CodeIgniter\CodeIgniter))
16 FCPATH\index.php(56): CodeIgniter\Boot::bootWeb(Object(Config\Paths))
17 SYSTEMPATH\rewrite.php(44): require_once('C:\\xampp\\htdocs\\rockstar\\rockstar\\public\\index.php')
CRITICAL - 2025-05-13 11:18:32 --> [Caused by] mysqli_sql_exception: Duplicate entry 'AUCY021231HOCQHHA0' for key 'users.username'
in SYSTEMPATH\Database\MySQLi\Connection.php on line 327.
 1 SYSTEMPATH\Database\MySQLi\Connection.php(327): mysqli->query('INSERT INTO `users` (`username`, `created_at`, `updated_at`) VALUES (\'AUCY021231HOCQHHA0\', \'2025-05-13 11:18:32\', \'2025-05-13 11:18:32\')', 0)
 2 SYSTEMPATH\Database\BaseConnection.php(738): CodeIgniter\Database\MySQLi\Connection->execute('INSERT INTO `users` (`username`, `created_at`, `updated_at`) VALUES (\'AUCY021231HOCQHHA0\', \'2025-05-13 11:18:32\', \'2025-05-13 11:18:32\')')
 3 SYSTEMPATH\Database\BaseConnection.php(652): CodeIgniter\Database\BaseConnection->simpleQuery('INSERT INTO `users` (`username`, `created_at`, `updated_at`) VALUES (\'AUCY021231HOCQHHA0\', \'2025-05-13 11:18:32\', \'2025-05-13 11:18:32\')')
 4 SYSTEMPATH\Database\BaseBuilder.php(2345): CodeIgniter\Database\BaseConnection->query('INSERT INTO `users` (`username`, `created_at`, `updated_at`) VALUES (:username:, :created_at:, :updated_at:)', [...], false)
 5 SYSTEMPATH\Model.php(394): CodeIgniter\Database\BaseBuilder->insert()
 6 SYSTEMPATH\BaseModel.php(839): CodeIgniter\Model->doInsert([...])
 7 SYSTEMPATH\Model.php(800): CodeIgniter\BaseModel->insert([...], false)
 8 VENDORPATH\codeigniter4\shield\src\Models\UserModel.php(270): CodeIgniter\Model->insert(Object(CodeIgniter\Shield\Entities\User), false)
 9 SYSTEMPATH\BaseModel.php(750): CodeIgniter\Shield\Models\UserModel->insert(Object(CodeIgniter\Shield\Entities\User), false)
10 VENDORPATH\codeigniter4\shield\src\Models\UserModel.php(332): CodeIgniter\BaseModel->save(Object(CodeIgniter\Shield\Entities\User))
11 APPPATH\Controllers\Aspirante.php(113): CodeIgniter\Shield\Models\UserModel->save(Object(CodeIgniter\Shield\Entities\User))
12 SYSTEMPATH\CodeIgniter.php(933): App\Controllers\Aspirante->create()
13 SYSTEMPATH\CodeIgniter.php(507): CodeIgniter\CodeIgniter->runController(Object(App\Controllers\Aspirante))
14 SYSTEMPATH\CodeIgniter.php(354): CodeIgniter\CodeIgniter->handleRequest(null, Object(Config\Cache), false)
15 SYSTEMPATH\Boot.php(334): CodeIgniter\CodeIgniter->run()
16 SYSTEMPATH\Boot.php(67): CodeIgniter\Boot::runCodeIgniter(Object(CodeIgniter\CodeIgniter))
17 FCPATH\index.php(56): CodeIgniter\Boot::bootWeb(Object(Config\Paths))
18 SYSTEMPATH\rewrite.php(44): require_once('C:\\xampp\\htdocs\\rockstar\\rockstar\\public\\index.php')
ERROR - 2025-05-13 11:28:46 --> Email: sendWithSmtp throwed ErrorException: fsockopen(): Unable to connect to smtp.gmail.com:587 (Se produjo un error durante el intento de conexión ya que la parte conectada no respondió adecuadamente tras un periodo de tiempo, o bien se produjo un error en la conexión establecida ya que el host conectado no ha podido responder) in C:\xampp\htdocs\rockstar\rockstar\system\Email\Email.php:1898
Stack trace:
#0 [internal function]: CodeIgniter\Debug\Exceptions->errorHandler(2, 'fsockopen(): Un...', 'C:\\xampp\\htdocs...', 1898)
#1 C:\xampp\htdocs\rockstar\rockstar\system\Email\Email.php(1898): fsockopen('smtp.gmail.com', 587, NULL, NULL, 5)
#2 C:\xampp\htdocs\rockstar\rockstar\system\Email\Email.php(1811): CodeIgniter\Email\Email->SMTPConnect()
#3 C:\xampp\htdocs\rockstar\rockstar\system\Email\Email.php(1696): CodeIgniter\Email\Email->sendWithSmtp()
#4 C:\xampp\htdocs\rockstar\rockstar\system\Email\Email.php(1591): CodeIgniter\Email\Email->spoolEmail()
#5 C:\xampp\htdocs\rockstar\rockstar\app\Controllers\Aspirante.php(126): CodeIgniter\Email\Email->send()
#6 C:\xampp\htdocs\rockstar\rockstar\system\CodeIgniter.php(933): App\Controllers\Aspirante->create()
#7 C:\xampp\htdocs\rockstar\rockstar\system\CodeIgniter.php(507): CodeIgniter\CodeIgniter->runController(Object(App\Controllers\Aspirante))
#8 C:\xampp\htdocs\rockstar\rockstar\system\CodeIgniter.php(354): CodeIgniter\CodeIgniter->handleRequest(NULL, Object(Config\Cache), false)
#9 C:\xampp\htdocs\rockstar\rockstar\system\Boot.php(334): CodeIgniter\CodeIgniter->run()
#10 C:\xampp\htdocs\rockstar\rockstar\system\Boot.php(67): CodeIgniter\Boot::runCodeIgniter(Object(CodeIgniter\CodeIgniter))
#11 C:\xampp\htdocs\rockstar\rockstar\public\index.php(56): CodeIgniter\Boot::bootWeb(Object(Config\Paths))
#12 C:\xampp\htdocs\rockstar\rockstar\system\rewrite.php(44): require_once('C:\\xampp\\htdocs...')
#13 {main}
ERROR - 2025-05-13 11:28:46 --> Email: Unable to send email using SMTP. Your server might not be configured to send mail using this method.
ERROR - 2025-05-13 11:28:46 --> 
ERROR - 2025-05-13 17:15:30 --> mysqli_sql_exception: Duplicate entry 'AUCY021231HOCQHHA0' for key 'users.username' in C:\xampp\htdocs\rockstar\rockstar\system\Database\MySQLi\Connection.php:327
Stack trace:
#0 C:\xampp\htdocs\rockstar\rockstar\system\Database\MySQLi\Connection.php(327): mysqli->query('INSERT INTO `us...', 0)
#1 C:\xampp\htdocs\rockstar\rockstar\system\Database\BaseConnection.php(738): CodeIgniter\Database\MySQLi\Connection->execute('INSERT INTO `us...')
#2 C:\xampp\htdocs\rockstar\rockstar\system\Database\BaseConnection.php(652): CodeIgniter\Database\BaseConnection->simpleQuery('INSERT INTO `us...')
#3 C:\xampp\htdocs\rockstar\rockstar\system\Database\BaseBuilder.php(2345): CodeIgniter\Database\BaseConnection->query('INSERT INTO `us...', Array, false)
#4 C:\xampp\htdocs\rockstar\rockstar\system\Model.php(394): CodeIgniter\Database\BaseBuilder->insert()
#5 C:\xampp\htdocs\rockstar\rockstar\system\BaseModel.php(839): CodeIgniter\Model->doInsert(Array)
#6 C:\xampp\htdocs\rockstar\rockstar\system\Model.php(800): CodeIgniter\BaseModel->insert(Array, false)
#7 C:\xampp\htdocs\rockstar\rockstar\vendor\codeigniter4\shield\src\Models\UserModel.php(270): CodeIgniter\Model->insert(Object(CodeIgniter\Shield\Entities\User), false)
#8 C:\xampp\htdocs\rockstar\rockstar\system\BaseModel.php(750): CodeIgniter\Shield\Models\UserModel->insert(Object(CodeIgniter\Shield\Entities\User), false)
#9 C:\xampp\htdocs\rockstar\rockstar\vendor\codeigniter4\shield\src\Models\UserModel.php(332): CodeIgniter\BaseModel->save(Object(CodeIgniter\Shield\Entities\User))
#10 C:\xampp\htdocs\rockstar\rockstar\app\Controllers\Aspirante.php(113): CodeIgniter\Shield\Models\UserModel->save(Object(CodeIgniter\Shield\Entities\User))
#11 C:\xampp\htdocs\rockstar\rockstar\system\CodeIgniter.php(933): App\Controllers\Aspirante->create()
#12 C:\xampp\htdocs\rockstar\rockstar\system\CodeIgniter.php(507): CodeIgniter\CodeIgniter->runController(Object(App\Controllers\Aspirante))
#13 C:\xampp\htdocs\rockstar\rockstar\system\CodeIgniter.php(354): CodeIgniter\CodeIgniter->handleRequest(NULL, Object(Config\Cache), false)
#14 C:\xampp\htdocs\rockstar\rockstar\system\Boot.php(334): CodeIgniter\CodeIgniter->run()
#15 C:\xampp\htdocs\rockstar\rockstar\system\Boot.php(67): CodeIgniter\Boot::runCodeIgniter(Object(CodeIgniter\CodeIgniter))
#16 C:\xampp\htdocs\rockstar\rockstar\public\index.php(56): CodeIgniter\Boot::bootWeb(Object(Config\Paths))
#17 C:\xampp\htdocs\rockstar\rockstar\system\rewrite.php(44): require_once('C:\\xampp\\htdocs...')
#18 {main}
CRITICAL - 2025-05-13 17:15:30 --> CodeIgniter\Database\Exceptions\DatabaseException: Duplicate entry 'AUCY021231HOCQHHA0' for key 'users.username'
[Method: POST, Route: guardar-aspirante]
in SYSTEMPATH\Database\BaseConnection.php on line 692.
 1 SYSTEMPATH\Database\BaseBuilder.php(2345): CodeIgniter\Database\BaseConnection->query('INSERT INTO `users` (`username`, `created_at`, `updated_at`) VALUES (:username:, :created_at:, :updated_at:)', [...], false)
 2 SYSTEMPATH\Model.php(394): CodeIgniter\Database\BaseBuilder->insert()
 3 SYSTEMPATH\BaseModel.php(839): CodeIgniter\Model->doInsert([...])
 4 SYSTEMPATH\Model.php(800): CodeIgniter\BaseModel->insert([...], false)
 5 VENDORPATH\codeigniter4\shield\src\Models\UserModel.php(270): CodeIgniter\Model->insert(Object(CodeIgniter\Shield\Entities\User), false)
 6 SYSTEMPATH\BaseModel.php(750): CodeIgniter\Shield\Models\UserModel->insert(Object(CodeIgniter\Shield\Entities\User), false)
 7 VENDORPATH\codeigniter4\shield\src\Models\UserModel.php(332): CodeIgniter\BaseModel->save(Object(CodeIgniter\Shield\Entities\User))
 8 APPPATH\Controllers\Aspirante.php(113): CodeIgniter\Shield\Models\UserModel->save(Object(CodeIgniter\Shield\Entities\User))
 9 SYSTEMPATH\CodeIgniter.php(933): App\Controllers\Aspirante->create()
10 SYSTEMPATH\CodeIgniter.php(507): CodeIgniter\CodeIgniter->runController(Object(App\Controllers\Aspirante))
11 SYSTEMPATH\CodeIgniter.php(354): CodeIgniter\CodeIgniter->handleRequest(null, Object(Config\Cache), false)
12 SYSTEMPATH\Boot.php(334): CodeIgniter\CodeIgniter->run()
13 SYSTEMPATH\Boot.php(67): CodeIgniter\Boot::runCodeIgniter(Object(CodeIgniter\CodeIgniter))
14 FCPATH\index.php(56): CodeIgniter\Boot::bootWeb(Object(Config\Paths))
15 SYSTEMPATH\rewrite.php(44): require_once('C:\\xampp\\htdocs\\rockstar\\rockstar\\public\\index.php')
CRITICAL - 2025-05-13 17:15:30 --> [Caused by] CodeIgniter\Database\Exceptions\DatabaseException: Duplicate entry 'AUCY021231HOCQHHA0' for key 'users.username'
in SYSTEMPATH\Database\MySQLi\Connection.php on line 332.
 1 SYSTEMPATH\Database\BaseConnection.php(738): CodeIgniter\Database\MySQLi\Connection->execute('INSERT INTO `users` (`username`, `created_at`, `updated_at`) VALUES (\'AUCY021231HOCQHHA0\', \'2025-05-13 17:15:30\', \'2025-05-13 17:15:30\')')
 2 SYSTEMPATH\Database\BaseConnection.php(652): CodeIgniter\Database\BaseConnection->simpleQuery('INSERT INTO `users` (`username`, `created_at`, `updated_at`) VALUES (\'AUCY021231HOCQHHA0\', \'2025-05-13 17:15:30\', \'2025-05-13 17:15:30\')')
 3 SYSTEMPATH\Database\BaseBuilder.php(2345): CodeIgniter\Database\BaseConnection->query('INSERT INTO `users` (`username`, `created_at`, `updated_at`) VALUES (:username:, :created_at:, :updated_at:)', [...], false)
 4 SYSTEMPATH\Model.php(394): CodeIgniter\Database\BaseBuilder->insert()
 5 SYSTEMPATH\BaseModel.php(839): CodeIgniter\Model->doInsert([...])
 6 SYSTEMPATH\Model.php(800): CodeIgniter\BaseModel->insert([...], false)
 7 VENDORPATH\codeigniter4\shield\src\Models\UserModel.php(270): CodeIgniter\Model->insert(Object(CodeIgniter\Shield\Entities\User), false)
 8 SYSTEMPATH\BaseModel.php(750): CodeIgniter\Shield\Models\UserModel->insert(Object(CodeIgniter\Shield\Entities\User), false)
 9 VENDORPATH\codeigniter4\shield\src\Models\UserModel.php(332): CodeIgniter\BaseModel->save(Object(CodeIgniter\Shield\Entities\User))
10 APPPATH\Controllers\Aspirante.php(113): CodeIgniter\Shield\Models\UserModel->save(Object(CodeIgniter\Shield\Entities\User))
11 SYSTEMPATH\CodeIgniter.php(933): App\Controllers\Aspirante->create()
12 SYSTEMPATH\CodeIgniter.php(507): CodeIgniter\CodeIgniter->runController(Object(App\Controllers\Aspirante))
13 SYSTEMPATH\CodeIgniter.php(354): CodeIgniter\CodeIgniter->handleRequest(null, Object(Config\Cache), false)
14 SYSTEMPATH\Boot.php(334): CodeIgniter\CodeIgniter->run()
15 SYSTEMPATH\Boot.php(67): CodeIgniter\Boot::runCodeIgniter(Object(CodeIgniter\CodeIgniter))
16 FCPATH\index.php(56): CodeIgniter\Boot::bootWeb(Object(Config\Paths))
17 SYSTEMPATH\rewrite.php(44): require_once('C:\\xampp\\htdocs\\rockstar\\rockstar\\public\\index.php')
CRITICAL - 2025-05-13 17:15:30 --> [Caused by] mysqli_sql_exception: Duplicate entry 'AUCY021231HOCQHHA0' for key 'users.username'
in SYSTEMPATH\Database\MySQLi\Connection.php on line 327.
 1 SYSTEMPATH\Database\MySQLi\Connection.php(327): mysqli->query('INSERT INTO `users` (`username`, `created_at`, `updated_at`) VALUES (\'AUCY021231HOCQHHA0\', \'2025-05-13 17:15:30\', \'2025-05-13 17:15:30\')', 0)
 2 SYSTEMPATH\Database\BaseConnection.php(738): CodeIgniter\Database\MySQLi\Connection->execute('INSERT INTO `users` (`username`, `created_at`, `updated_at`) VALUES (\'AUCY021231HOCQHHA0\', \'2025-05-13 17:15:30\', \'2025-05-13 17:15:30\')')
 3 SYSTEMPATH\Database\BaseConnection.php(652): CodeIgniter\Database\BaseConnection->simpleQuery('INSERT INTO `users` (`username`, `created_at`, `updated_at`) VALUES (\'AUCY021231HOCQHHA0\', \'2025-05-13 17:15:30\', \'2025-05-13 17:15:30\')')
 4 SYSTEMPATH\Database\BaseBuilder.php(2345): CodeIgniter\Database\BaseConnection->query('INSERT INTO `users` (`username`, `created_at`, `updated_at`) VALUES (:username:, :created_at:, :updated_at:)', [...], false)
 5 SYSTEMPATH\Model.php(394): CodeIgniter\Database\BaseBuilder->insert()
 6 SYSTEMPATH\BaseModel.php(839): CodeIgniter\Model->doInsert([...])
 7 SYSTEMPATH\Model.php(800): CodeIgniter\BaseModel->insert([...], false)
 8 VENDORPATH\codeigniter4\shield\src\Models\UserModel.php(270): CodeIgniter\Model->insert(Object(CodeIgniter\Shield\Entities\User), false)
 9 SYSTEMPATH\BaseModel.php(750): CodeIgniter\Shield\Models\UserModel->insert(Object(CodeIgniter\Shield\Entities\User), false)
10 VENDORPATH\codeigniter4\shield\src\Models\UserModel.php(332): CodeIgniter\BaseModel->save(Object(CodeIgniter\Shield\Entities\User))
11 APPPATH\Controllers\Aspirante.php(113): CodeIgniter\Shield\Models\UserModel->save(Object(CodeIgniter\Shield\Entities\User))
12 SYSTEMPATH\CodeIgniter.php(933): App\Controllers\Aspirante->create()
13 SYSTEMPATH\CodeIgniter.php(507): CodeIgniter\CodeIgniter->runController(Object(App\Controllers\Aspirante))
14 SYSTEMPATH\CodeIgniter.php(354): CodeIgniter\CodeIgniter->handleRequest(null, Object(Config\Cache), false)
15 SYSTEMPATH\Boot.php(334): CodeIgniter\CodeIgniter->run()
16 SYSTEMPATH\Boot.php(67): CodeIgniter\Boot::runCodeIgniter(Object(CodeIgniter\CodeIgniter))
17 FCPATH\index.php(56): CodeIgniter\Boot::bootWeb(Object(Config\Paths))
18 SYSTEMPATH\rewrite.php(44): require_once('C:\\xampp\\htdocs\\rockstar\\rockstar\\public\\index.php')
