CRITICAL - 2025-03-21 12:30:08 --> TypeError: datos_usuario(): Return value must be of type string, array returned
[Method: GET, Route: Acceso/principal]
in APPPATH/Helpers/usuarios_helper.php on line 20.
 1 APPPATH/Controllers/Acceso.php(28): datos_usuario()
 2 SYSTEMPATH/CodeIgniter.php(933): App\Controllers\Acceso->principal()
 3 SYSTEMPATH/CodeIgniter.php(507): CodeIgniter\CodeIgniter->runController(Object(App\Controllers\Acceso))
 4 SYSTEMPATH/CodeIgniter.php(354): CodeIgniter\CodeIgniter->handleRequest(null, Object(Config\Cache), false)
 5 SYSTEMPATH/Boot.php(334): CodeIgniter\CodeIgniter->run()
 6 SYSTEMPATH/Boot.php(67): CodeIgniter\Boot::runCodeIgniter(Object(CodeIgniter\CodeIgniter))
 7 FCPATH/index.php(56): CodeIgniter\Boot::bootWeb(Object(Config\Paths))
 8 SYSTEMPATH/rewrite.php(44): require_once('/Users/richard/ProyectosActivos/rockstar/public/index.php')
CRITICAL - 2025-03-21 12:30:57 --> TypeError: datos_usuario(): Return value must be of type string, array returned
[Method: GET, Route: Acceso/principal]
in APPPATH/Helpers/usuarios_helper.php on line 21.
 1 APPPATH/Controllers/Acceso.php(28): datos_usuario()
 2 SYSTEMPATH/CodeIgniter.php(933): App\Controllers\Acceso->principal()
 3 SYSTEMPATH/CodeIgniter.php(507): CodeIgniter\CodeIgniter->runController(Object(App\Controllers\Acceso))
 4 SYSTEMPATH/CodeIgniter.php(354): CodeIgniter\CodeIgniter->handleRequest(null, Object(Config\Cache), false)
 5 SYSTEMPATH/Boot.php(334): CodeIgniter\CodeIgniter->run()
 6 SYSTEMPATH/Boot.php(67): CodeIgniter\Boot::runCodeIgniter(Object(CodeIgniter\CodeIgniter))
 7 FCPATH/index.php(56): CodeIgniter\Boot::bootWeb(Object(Config\Paths))
 8 SYSTEMPATH/rewrite.php(44): require_once('/Users/richard/ProyectosActivos/rockstar/public/index.php')
